------Start of DE processing------ = [8/13/20 23:33:06:414 CST]
Exception = javax.servlet.ServletException
Source = com.ibm.ws.webcontainer.filter.WebAppFilterChain.doFilter
probeid = 82
Stack Dump = javax.servlet.ServletException: org.codehaus.jackson.map.JsonMappingException: Can not deserialize instance of java.util.ArrayList out of START_OBJECT token
 at [Source: org.apache.cxf.transport.http.AbstractHTTPDestination$1@57bbb9d2; line: 1, column: 1]
	at com.ibm.ws.jaxrs20.endpoint.AbstractJaxRsWebEndpoint.invoke(AbstractJaxRsWebEndpoint.java:143)
	at com.ibm.websphere.jaxrs.server.IBMRestServlet.handleRequest(IBMRestServlet.java:146)
	at com.ibm.websphere.jaxrs.server.IBMRestServlet.doDelete(IBMRestServlet.java:131)
	at javax.servlet.http.HttpServlet.service(HttpServlet.java:713)
	at com.ibm.websphere.jaxrs.server.IBMRestServlet.service(IBMRestServlet.java:96)
	at com.ibm.ws.webcontainer.servlet.ServletWrapper.service(ServletWrapper.java:1230)
	at com.ibm.ws.webcontainer.servlet.ServletWrapper.handleRequest(ServletWrapper.java:729)
	at com.ibm.ws.webcontainer.servlet.ServletWrapper.handleRequest(ServletWrapper.java:426)
	at com.ibm.ws.webcontainer.filter.WebAppFilterChain.invokeTarget(WebAppFilterChain.java:182)
	at com.ibm.ws.webcontainer.filter.WebAppFilterChain.doFilter(WebAppFilterChain.java:93)
	at com.ibm.ws.security.jaspi.JaspiServletFilter.doFilter(JaspiServletFilter.java:56)
	at com.ibm.ws.webcontainer.filter.FilterInstanceWrapper.doFilter(FilterInstanceWrapper.java:201)
	at com.ibm.ws.webcontainer.filter.WebAppFilterChain.doFilter(WebAppFilterChain.java:90)
	at com.ibm.ws.webcontainer.filter.WebAppFilterManager.doFilter(WebAppFilterManager.java:1001)
	at com.ibm.ws.webcontainer.filter.WebAppFilterManager.invokeFilters(WebAppFilterManager.java:1139)
	at com.ibm.ws.webcontainer.filter.WebAppFilterManager.invokeFilters(WebAppFilterManager.java:1010)
	at com.ibm.ws.webcontainer.servlet.CacheServletWrapper.handleRequest(CacheServletWrapper.java:75)
	at com.ibm.ws.webcontainer.WebContainer.handleRequest(WebContainer.java:936)
	at com.ibm.ws.webcontainer.osgi.DynamicVirtualHost$2.run(DynamicVirtualHost.java:279)
	at com.ibm.ws.http.dispatcher.internal.channel.HttpDispatcherLink$TaskWrapper.run(HttpDispatcherLink.java:1134)
	at com.ibm.ws.http.dispatcher.internal.channel.HttpDispatcherLink.wrapHandlerAndExecute(HttpDispatcherLink.java:415)
	at com.ibm.ws.http.dispatcher.internal.channel.HttpDispatcherLink.ready(HttpDispatcherLink.java:374)
	at com.ibm.ws.http.channel.internal.inbound.HttpInboundLink.handleDiscrimination(HttpInboundLink.java:577)
	at com.ibm.ws.http.channel.internal.inbound.HttpInboundLink.handleNewRequest(HttpInboundLink.java:511)
	at com.ibm.ws.http.channel.internal.inbound.HttpInboundLink.processRequest(HttpInboundLink.java:359)
	at com.ibm.ws.http.channel.internal.inbound.HttpICLReadCallback.complete(HttpICLReadCallback.java:70)
	at com.ibm.ws.tcpchannel.internal.WorkQueueManager.requestComplete(WorkQueueManager.java:504)
	at com.ibm.ws.tcpchannel.internal.WorkQueueManager.attemptIO(WorkQueueManager.java:574)
	at com.ibm.ws.tcpchannel.internal.WorkQueueManager.workerRun(WorkQueueManager.java:958)
	at com.ibm.ws.tcpchannel.internal.WorkQueueManager$Worker.run(WorkQueueManager.java:1047)
	at com.ibm.ws.threading.internal.ExecutorServiceImpl$RunnableWrapper.run(ExecutorServiceImpl.java:239)
	at java.util.concurrent.ThreadPoolExecutor.runWorker(Unknown Source)
	at java.util.concurrent.ThreadPoolExecutor$Worker.run(Unknown Source)
	at java.lang.Thread.run(Unknown Source)
Caused by: org.codehaus.jackson.map.JsonMappingException: Can not deserialize instance of java.util.ArrayList out of START_OBJECT token
 at [Source: org.apache.cxf.transport.http.AbstractHTTPDestination$1@57bbb9d2; line: 1, column: 1]
	at org.codehaus.jackson.map.JsonMappingException.from(JsonMappingException.java:163)
	at org.codehaus.jackson.map.deser.StdDeserializationContext.mappingException(StdDeserializationContext.java:219)
	at org.codehaus.jackson.map.deser.StdDeserializationContext.mappingException(StdDeserializationContext.java:212)
	at org.codehaus.jackson.map.deser.std.StringCollectionDeserializer.handleNonArray(StringCollectionDeserializer.java:210)
	at org.codehaus.jackson.map.deser.std.StringCollectionDeserializer.deserialize(StringCollectionDeserializer.java:156)
	at org.codehaus.jackson.map.deser.std.StringCollectionDeserializer.deserialize(StringCollectionDeserializer.java:146)
	at org.codehaus.jackson.map.deser.std.StringCollectionDeserializer.deserialize(StringCollectionDeserializer.java:18)
	at org.codehaus.jackson.map.ObjectMapper._readValue(ObjectMapper.java:2704)
	at org.codehaus.jackson.map.ObjectMapper.readValue(ObjectMapper.java:1315)
	at org.codehaus.jackson.jaxrs.JacksonJsonProvider.readFrom(JacksonJsonProvider.java:419)
	at org.apache.cxf.jaxrs.utils.JAXRSUtils$2.run(JAXRSUtils.java:1484)
	at java.security.AccessController.doPrivileged(Native Method)
	at org.apache.cxf.jaxrs.utils.JAXRSUtils.readFromMessageBodyReader(JAXRSUtils.java:1481)
	at org.apache.cxf.jaxrs.utils.JAXRSUtils.readFromMessageBody(JAXRSUtils.java:1430)
	at org.apache.cxf.jaxrs.utils.JAXRSUtils.processParameter(JAXRSUtils.java:955)
	at org.apache.cxf.jaxrs.utils.JAXRSUtils.processParameters(JAXRSUtils.java:902)
	at org.apache.cxf.jaxrs.interceptor.JAXRSInInterceptor.processRequest(JAXRSInInterceptor.java:292)
	at org.apache.cxf.jaxrs.interceptor.JAXRSInInterceptor.handleMessage(JAXRSInInterceptor.java:91)
	at org.apache.cxf.phase.PhaseInterceptorChain.doIntercept(PhaseInterceptorChain.java:309)
	at org.apache.cxf.transport.ChainInitiationObserver.onMessage(ChainInitiationObserver.java:124)
	at org.apache.cxf.transport.http.AbstractHTTPDestination.invoke(AbstractHTTPDestination.java:271)
	at com.ibm.ws.jaxrs20.endpoint.AbstractJaxRsWebEndpoint.invoke(AbstractJaxRsWebEndpoint.java:136)
	... 33 more

Dump of callerThis
Object type = com.ibm.ws.webcontainer.filter.WebAppFilterChain
  _filters = class java.util.ArrayList@414e4be9
    serialVersionUID = 8683452581122892189
    DEFAULT_CAPACITY = 10
    EMPTY_ELEMENTDATA = class java.lang.Object[0]
    DEFAULTCAPACITY_EMPTY_ELEMENTDATA = class java.lang.Object[0]
    elementData = class java.lang.Object[5]
      Object[0] = class com.ibm.ws.webcontainer.filter.FilterInstanceWrapper@6e5aa608
      Object[1] = null
      Object[2] = null
      Object[3] = null
      Object[4] = null
    size = 1
    MAX_ARRAY_SIZE = 2147483639
    modCount = 1
    MAX_ARRAY_SIZE = 2147483639
  _currentFilterIndex = 1
  _numberOfFilters = 1
  requestProcessor = class com.ibm.ws.webcontainer.osgi.servlet.ServletWrapper@53c03601
    serialVersionUID = 1
    _mo = null
    serialVersionUID = -4479626085298397598
    notifyInvocationListeners = false
    UNINITIALIZED_STATE = -1
    AVAILABLE_STATE = 0
    UNAVAILABLE_STATE = 1
    UNAVAILABLE_PERMANENTLY_STATE = 2
    collabHelper = class com.ibm.ws.webcontainer.osgi.collaborator.CollaboratorHelperImpl@2b8c8f38
      webAppInvCollabs = class java.util.Collections$UnmodifiableSet@5e19bf06
      securityDomainForApp = null
      logger = class com.ibm.ws.logging.internal.WsLogger@6f5d62c0
      staticDefaultSecurityCollaborator = class com.ibm.ws.webcontainer.collaborator.WebAppSecurityCollaborator@687206c3
      logger = class com.ibm.ws.logging.internal.WsLogger@7a74a06c
      CLASS_NAME = "com.ibm.wsspi.webcontainer.collaborator.CollaboratorHelper"
      webApp = class com.ibm.ws.webcontainer31.osgi.webapp.WebApp31@7e6b5697
      securityCollaborator = class com.ibm.ws.webcontainer.security.WebAppSecurityCollaboratorImpl@7e3b9680
      nameSpaceCollaborator = class com.ibm.ws.webcontainer.osgi.collaborator.WebAppNameSpaceCollaboratorImpl@49c53595
      transactionCollaborator = class com.ibm.ws.transaction.services.WebAppTransactionCollaboratorImpl@1f1b9da5
      connectionCollaborator = class com.ibm.ws.webcontainer.collaborator.ConnectionCollaborator@607d39a
      allCollabEnum = class java.util.RegularEnumSet@59403074
      servlet_23_or_greater = true
      DEFER_SERVLET_REQUEST_LISTENER_DESTROY_ON_ERROR = false
    nServicing = class java.util.concurrent.atomic.AtomicInteger@30dd47
      serialVersionUID = 6214790243416807050
      unsafe = class sun.misc.Unsafe@3e989490
      valueOffset = 12
      value = 0
      serialVersionUID = -8742448824652078965
    lastAccessTime = 1597382593533
    state = 0
    logger = class com.ibm.ws.logging.internal.WsLogger@61bfeba7
      tc = class com.ibm.websphere.ras.TraceComponent@5e3af750
      ivCachedResourceBundleName = "com.ibm.ws.webcontainer.resources.Messages"
      ivCachedResourceBundle = class com.ibm.ws.webcontainer.resources.Messages@76065b6c
      ivComponent = null
      ivOrganization = null
      ivProduct = null
      ivMinimumLocalizationLevelIntValue = 625
      ivTC = class com.ibm.websphere.ras.TraceComponent@4a1f5db0
      loggerRegistrationComponent = class java.lang.ThreadLocal@5b3e1a95
      emptyHandlers = class java.util.logging.Handler[0]
      offValue = 2147483647
      SYSTEM_LOGGER_RB_NAME = "sun.util.logging.resources.logging"
      SYSTEM_BUNDLE = class java.util.logging.Logger$LoggerBundle@3e2f0f9b
      NO_RESOURCE_BUNDLE = class java.util.logging.Logger$LoggerBundle@7a36fe09
      manager = class com.ibm.ws.kernel.boot.logging.WsLogManager@5177a968
      name = "com.ibm.ws.webcontainer.servlet"
      handlers = class java.util.concurrent.CopyOnWriteArrayList@ef97bac
      loggerBundle = class java.util.logging.Logger$LoggerBundle@486cfe3f
      useParentHandlers = true
      filter = null
      anonymous = false
      catalog = class com.ibm.ws.webcontainer.resources.Messages@76065b6c
      catalogName = "com.ibm.ws.webcontainer.resources.Messages"
      catalogLocale = class java.util.Locale@567978d
      treeLock = class java.lang.Object@693742a0
      parent = class com.ibm.ws.logging.internal.WsLogger@2cd67031
      kids = null
      levelObject = class java.util.logging.Level@3e4fe92
      levelValue = 800
      callersClassLoaderRef = class java.lang.ref.WeakReference@3a06da9c
      isSystemLogger = false
      GLOBAL_LOGGER_NAME = "global"
      global = class java.util.logging.Logger@69f7bd3e
      $assertionsDisabled = true
    CLASS_NAME = "com.ibm.ws.webcontainer.servlet.ServletWrapper"
    nls = class com.ibm.ejs.ras.TraceNLS@22557e5a
      resolver = class com.ibm.ws.logging.internal.TraceNLSResolver@1f6af71f
      finder = class com.ibm.ws.logging.internal.StackFinder@11063c59
      ivBundleName = "com.ibm.ws.webcontainer.resources.Messages"
      caller = class java.lang.Class@2cb61e98
    servletConfig = class com.ibm.ws.webcontainer.servlet.ServletConfig@21125f57
      logger = class com.ibm.ws.logging.internal.WsLogger@61bfeba7
      CLASS_NAME = "com.ibm.ws.webcontainer.servlet.ServletConfig"
      nls = class com.ibm.ejs.ras.TraceNLS@227760db
      liberty_nls = class com.ibm.ejs.ras.TraceNLS@207fd642
      enabled = true
      servletName = "cr.ac.tec.apis.RestAPI"
      className = null
      mappings = class java.util.ArrayList@54d4cdc9
      startUpWeight = null
      DEFAULT_STARTUP = -1
      isCachingEnabled = true
      isStatisticsEnabled = true
      isInternal = false
      metaData = class com.ibm.ws.webcontainer.osgi.metadata.WebComponentMetaDataImpl@6ae02234
      singleThreadModelServlet = false
      isJsp = false
      webAppConfig = class com.ibm.ws.webcontainer.osgi.webapp.WebAppConfiguration@4a28f627
      servletWrapper = class com.ibm.ws.webcontainer.osgi.servlet.ServletWrapper@53c03601
      servletClass = class java.lang.Class@d5327fd
      servlet = class com.ibm.websphere.jaxrs.server.IBMRestServlet@7f1b091b
      addedToLoadOnStartup = true
      previousWeight = null
      multipartConfig = null
      multipartConfigBaseLocation = null
      runAsRole = null
      servletSecurityElement = null
      declareRolesAnnotation = null
      logger = class com.ibm.ws.logging.internal.WsLogger@61bfeba7
      CLASS_NAME = "com.ibm.ws.webcontainer.servlet.TargetConfig"
      initParams = null
      fileName = null
      displayName = null
      name = "cr.ac.tec.apis.RestAPI"
      description = null
      smallIcon = null
      largeIcon = null
      context = class com.ibm.ws.webcontainer31.facade.ServletContextFacade31@202d117f
      className = null
      asyncSupported = true
      _id = "cr.ac.tec.apis.RestAPI"
      _attributes = null
      serialVersionUID = 7511545662945734886
      $$$tc$$$ = class com.ibm.websphere.ras.TraceComponent@7fe3b439
    context = class com.ibm.ws.webcontainer31.osgi.webapp.WebApp31@7e6b5697
    target = class com.ibm.websphere.jaxrs.server.IBMRestServlet@7f1b091b
      serialVersionUID = -6835560282014155024
      KNOWN_HTTP_VERBS = class java.util.Arrays$ArrayList@7a7b84ad
      HTML_CONTENT_TYPE = "text/html"
      endpoint = class com.ibm.ws.jaxrs20.server.JaxRsWebEndpointImpl@3dfcd4b7
      collaborator = class com.ibm.ws.webcontainer.osgi.collaborator.WebAppNameSpaceCollaboratorImpl@49c53595
      providerFactoryService = class com.ibm.ws.jaxrs20.component.JaxRsProviderFactory@224200e8
      $$$tc$$$ = class com.ibm.websphere.ras.TraceComponent@4029cc7f
      METHOD_DELETE = "DELETE"
      METHOD_HEAD = "HEAD"
      METHOD_GET = "GET"
      METHOD_OPTIONS = "OPTIONS"
      METHOD_POST = "POST"
      METHOD_PUT = "PUT"
      METHOD_TRACE = "TRACE"
      HEADER_IFMODSINCE = "If-Modified-Since"
      HEADER_LASTMOD = "Last-Modified"
      LSTRING_FILE = "javax.servlet.http.LocalStrings"
      lStrings = class java.util.PropertyResourceBundle@17579b9c
      LSTRING_FILE = "javax.servlet.LocalStrings"
      lStrings = class java.util.PropertyResourceBundle@45a9762d
      config = class com.ibm.ws.webcontainer.servlet.ServletConfig@21125f57
    cacheWrappers = class java.util.ArrayList@3e8be656
      serialVersionUID = 8683452581122892189
      DEFAULT_CAPACITY = 10
      EMPTY_ELEMENTDATA = class java.lang.Object[0]
      DEFAULTCAPACITY_EMPTY_ELEMENTDATA = class java.lang.Object[0]
      elementData = class java.lang.Object[10]
      size = 5
      MAX_ARRAY_SIZE = 2147483639
      modCount = 5
      MAX_ARRAY_SIZE = 2147483639
    targetLoader = null
    evtSource = class com.ibm.ws.webcontainer.webapp.WebAppEventSource@71314bf0
      _invocationListeners = class com.ibm.ws.webcontainer.util.EventListeners@cef140b
      _servletListeners = class com.ibm.ws.webcontainer.util.EventListeners@218eb26c
      _errorListeners = class com.ibm.ws.webcontainer.util.EventListeners@3b669031
      _applicationListeners = class com.ibm.ws.webcontainer.util.EventListeners@44248c82
      _filterInvocationListeners = class com.ibm.ws.webcontainer.util.EventListeners@301f9741
      _filterListeners = class com.ibm.ws.webcontainer.util.EventListeners@64564efc
      _filterErrorListeners = class com.ibm.ws.webcontainer.util.EventListeners@6bbead5f
    event = class com.ibm.websphere.servlet.event.ServletEvent@776d6a74
      serialVersionUID = 3906650803920713522
      _servletName = "cr.ac.tec.apis.RestAPI"
      _servletClassName = "com.ibm.websphere.jaxrs.server.IBMRestServlet"
      $$$tc$$$ = class com.ibm.websphere.ras.TraceComponent@1b8a3cd1
      serialVersionUID = 3546927969739289392
      _context = class com.ibm.ws.webcontainer31.facade.ServletContextFacade31@202d117f
      _servletNames = class com.ibm.ws.webcontainer.util.EmptyEnumeration@3ff03531
      $$$tc$$$ = class com.ibm.websphere.ras.TraceComponent@172ebc3f
      serialVersionUID = 5516075349620653480
      source = class com.ibm.ws.webcontainer.osgi.servlet.ServletWrapper@53c03601
    unavailableMessage = null
    unavailableUntil = -1
    isSTM = false
    internalServlet = false
    webAppInvocationCollaborators = null
    platformHelper = class com.ibm.ws.webcontainer.PlatformHelper@7e436d6d
    webAppNameSpaceCollab = class com.ibm.ws.webcontainer.osgi.collaborator.WebAppNameSpaceCollaboratorImpl@49c53595
      cmdai = class com.ibm.ws.threadContext.ComponentMetaDataAccessorImpl@27f336c3
    txCollab = class com.ibm.ws.transaction.services.WebAppTransactionCollaboratorImpl@1f1b9da5
      tc = class com.ibm.websphere.ras.TraceComponent@51e8168a
      ltCurrentRef = class com.ibm.wsspi.kernel.service.utils.AtomicServiceReference@44fd4952
      tranMgrRef = class com.ibm.wsspi.kernel.service.utils.AtomicServiceReference@6b0c221
      userTranRef = class com.ibm.wsspi.kernel.service.utils.AtomicServiceReference@e546311
      uowCallbackRef = class com.ibm.wsspi.kernel.service.utils.AtomicServiceReference@225714b8
      serialVersionUID = -8319003162899973281
    suppressServletExceptionLogging = false
    throwExceptionEnum = class java.util.RegularEnumSet@640e3b7d
      serialVersionUID = 3411599620347842686
      elements = 256
      elementType = class java.lang.Class@560226fb
      universe = class com.ibm.wsspi.webcontainer.collaborator.CollaboratorInvocationEnum[9]
      ZERO_LENGTH_ENUM_ARRAY = class java.lang.Enum[0]
      MAX_ARRAY_SIZE = 2147483639
    discernUnavailableServlet = false
    reInitServletonInitUnavailableException = true
    destroyServletonServiceUnavailableException = false
    servlet23 = true
    PARAMS_HEAD_TRACE = class java.lang.Class[2]
      Class[0] = class java.lang.Class@494237ac
      Class[1] = class java.lang.Class@5cd88f2b
    defaultHeadMethodInUse = false
    defaultTraceMethodInUse = false
    checkedForDefaultMethods = null
    defaultTraceRequestBehavior = false
    defaultHeadRequestBehavior = false
    useOriginalRequestState = false
    warningStatusSet = false
    LSTRING_FILE = "javax.servlet.LocalStrings"
    lStrings = class java.util.PropertyResourceBundle@45a9762d
      lookup = class java.util.HashMap@32da24af
      INITIAL_CACHE_SIZE = 32
      NONEXISTENT_BUNDLE = class java.util.ResourceBundle$1@5d63672d
      cacheList = class java.util.concurrent.ConcurrentHashMap@75bfc828
      referenceQueue = class java.lang.ref.ReferenceQueue@4e0a69d
      parent = null
      locale = class java.util.Locale@2a5f4201
      name = "javax.servlet.LocalStrings"
      expired = false
      cacheKey = class java.util.ResourceBundle$CacheKey@c6f3a21
      keySet = null
      providers = null
      $assertionsDisabled = true
    config = null
  _filtersDefined = true
  logger = class com.ibm.ws.logging.internal.WsLogger@73c191db
    tc = class com.ibm.websphere.ras.TraceComponent@5e3af750
      strings[0] = "TraceComponent[com.ibm.ws.logging.internal.WsLogger,class com.ibm.ws.logging.internal.WsLogger,[logging],com.ibm.ws.logging.internal.resources.LoggingMessages,null]"
    ivCachedResourceBundleName = null
    ivCachedResourceBundle = null
    ivComponent = null
    ivOrganization = null
    ivProduct = null
    ivMinimumLocalizationLevelIntValue = 625
    ivTC = class com.ibm.websphere.ras.TraceComponent@121a6a4
      strings[0] = "TraceComponent[com.ibm.ws.webcontainer.filter,class com.ibm.wsspi.webcontainer.logging.LoggerFactory$1,[com.ibm.ws.webcontainer.filter],null,null]"
    loggerRegistrationComponent = class java.lang.ThreadLocal@5b3e1a95
      threadLocalHashCode = -739633145
      nextHashCode = class java.util.concurrent.atomic.AtomicInteger@a4a0e9
      HASH_INCREMENT = 1640531527
    emptyHandlers = class java.util.logging.Handler[0]
    offValue = 2147483647
    SYSTEM_LOGGER_RB_NAME = "sun.util.logging.resources.logging"
    SYSTEM_BUNDLE = class java.util.logging.Logger$LoggerBundle@3e2f0f9b
      resourceBundleName = "sun.util.logging.resources.logging"
      userBundle = null
    NO_RESOURCE_BUNDLE = class java.util.logging.Logger$LoggerBundle@7a36fe09
      resourceBundleName = null
      userBundle = null
    manager = class com.ibm.ws.kernel.boot.logging.WsLogManager@5177a968
      CLASS_NAME = "com.ibm.ws.kernel.boot.logging.WsLogManager"
      CONFIGURE_BY_SERVER_PROPERTY_NAME = "java.util.logging.configureByServer"
      CONFIGURE_BY_LOGGING_PROPERTIES_FILE = "java.util.logging.configureByLoggingPropertiesFile"
      configureByServer = true
      configureByLoggingProperties = false
      wsLogger = class java.lang.reflect.Constructor@36c65321
      resetEnabled = true
      svBinaryLoggingEnable = false
      manager = class com.ibm.ws.kernel.boot.logging.WsLogManager@5177a968
      props = class java.util.Properties@120c7518
      defaultLevel = class java.util.logging.Level@3e4fe92
      listenerMap = class java.util.HashMap@53744aa9
      systemContext = class java.util.logging.LogManager$SystemLoggerContext@572f54bd
      userContext = class java.util.logging.LogManager$LoggerContext@6bb92ffd
      rootLogger = class java.util.logging.LogManager$RootLogger@1aec2327
      readPrimordialConfiguration = true
      initializedGlobalHandlers = true
      deathImminent = false
      initializedCalled = true
      initializationDone = true
      contextsMap = null
      loggerRefQueue = class java.lang.ref.ReferenceQueue@6bbc03d1
      MAX_ITERATIONS = 400
      controlPermission = class java.util.logging.LoggingPermission@469b38a7
      loggingMXBean = null
      LOGGING_MXBEAN_NAME = "java.util.logging:type=Logging"
      $assertionsDisabled = true
    name = "com.ibm.ws.webcontainer.filter"
    handlers = class java.util.concurrent.CopyOnWriteArrayList@1814d73a
      serialVersionUID = 8673264195747942595
      lock = class java.util.concurrent.locks.ReentrantLock@503e489e
      array = class java.lang.Object[0]
      UNSAFE = class sun.misc.Unsafe@3e989490
      lockOffset = 12
    loggerBundle = class java.util.logging.Logger$LoggerBundle@2bb6c6d2
      resourceBundleName = "com.ibm.ws.webcontainer.resources.Messages"
      userBundle = null
    useParentHandlers = true
    filter = null
    anonymous = false
    catalog = class com.ibm.ws.webcontainer.resources.Messages@76065b6c
      resources = class [Ljava.lang.Object;[338]
      lookup = class java.util.HashMap@3f420773
      INITIAL_CACHE_SIZE = 32
      NONEXISTENT_BUNDLE = class java.util.ResourceBundle$1@5d63672d
      cacheList = class java.util.concurrent.ConcurrentHashMap@75bfc828
      referenceQueue = class java.lang.ref.ReferenceQueue@4e0a69d
      parent = null
      locale = class java.util.Locale@2a5f4201
      name = "com.ibm.ws.webcontainer.resources.Messages"
      expired = false
      cacheKey = class java.util.ResourceBundle$CacheKey@2e5cd8a9
      keySet = null
      providers = null
      $assertionsDisabled = true
    catalogName = "com.ibm.ws.webcontainer.resources.Messages"
    catalogLocale = class java.util.Locale@567978d
      LOCALECACHE = class java.util.Locale$Cache@76939940
      ENGLISH = class java.util.Locale@38db39e9
      FRENCH = class java.util.Locale@4d158ff
      GERMAN = class java.util.Locale@1ebc5a84
      ITALIAN = class java.util.Locale@740f998a
      JAPANESE = class java.util.Locale@15fae293
      KOREAN = class java.util.Locale@1be25673
      CHINESE = class java.util.Locale@677647f1
      SIMPLIFIED_CHINESE = class java.util.Locale@6f3d515c
      TRADITIONAL_CHINESE = class java.util.Locale@2d11c852
      FRANCE = class java.util.Locale@2449424d
      GERMANY = class java.util.Locale@7155d0fa
      ITALY = class java.util.Locale@7467c83d
      JAPAN = class java.util.Locale@5717cdbb
      KOREA = class java.util.Locale@39a2b63e
      CHINA = class java.util.Locale@6f3d515c
      PRC = class java.util.Locale@6f3d515c
      TAIWAN = class java.util.Locale@2d11c852
      UK = class java.util.Locale@662f73f0
      US = class java.util.Locale@567978d
      CANADA = class java.util.Locale@2c436928
      CANADA_FRENCH = class java.util.Locale@45d0130e
      ROOT = class java.util.Locale@2a5f4201
      PRIVATE_USE_EXTENSION = x
      UNICODE_LOCALE_EXTENSION = u
      serialVersionUID = 9149081749638150636
      DISPLAY_LANGUAGE = 0
      DISPLAY_COUNTRY = 1
      DISPLAY_VARIANT = 2
      DISPLAY_SCRIPT = 3
      baseLocale = class sun.util.locale.BaseLocale@696f4ecc
      localeExtensions = null
      hashCodeValue = 96636889
      defaultLocale = class java.util.Locale@567978d
      defaultDisplayLocale = null
      defaultFormatLocale = class java.util.Locale@567978d
      languageTag = "en-US"
      serialPersistentFields = class java.io.ObjectStreamField[6]
      isoLanguages = null
      isoCountries = null
      $assertionsDisabled = true
    treeLock = class java.lang.Object@693742a0
    parent = class com.ibm.ws.logging.internal.WsLogger@2cd67031
      tc = class com.ibm.websphere.ras.TraceComponent@5e3af750
      ivCachedResourceBundleName = "com.ibm.ws.webcontainer.resources.Messages"
      ivCachedResourceBundle = class com.ibm.ws.webcontainer.resources.Messages@76065b6c
      ivComponent = null
      ivOrganization = null
      ivProduct = null
      ivMinimumLocalizationLevelIntValue = 625
      ivTC = class com.ibm.websphere.ras.TraceComponent@11a9c28b
      loggerRegistrationComponent = class java.lang.ThreadLocal@5b3e1a95
      emptyHandlers = class java.util.logging.Handler[0]
      offValue = 2147483647
      SYSTEM_LOGGER_RB_NAME = "sun.util.logging.resources.logging"
      SYSTEM_BUNDLE = class java.util.logging.Logger$LoggerBundle@3e2f0f9b
      NO_RESOURCE_BUNDLE = class java.util.logging.Logger$LoggerBundle@7a36fe09
      manager = class com.ibm.ws.kernel.boot.logging.WsLogManager@5177a968
      name = "com.ibm.ws.webcontainer"
      handlers = class java.util.concurrent.CopyOnWriteArrayList@566886d1
      loggerBundle = class java.util.logging.Logger$LoggerBundle@4f8030d3
      useParentHandlers = true
      filter = null
      anonymous = false
      catalog = class com.ibm.ws.webcontainer.resources.Messages@76065b6c
      catalogName = "com.ibm.ws.webcontainer.resources.Messages"
      catalogLocale = class java.util.Locale@567978d
      treeLock = class java.lang.Object@693742a0
      parent = class java.util.logging.Logger@a1fd5ac
      kids = class java.util.ArrayList@3d7038dd
      levelObject = class java.util.logging.Level@3e4fe92
      levelValue = 800
      callersClassLoaderRef = class java.lang.ref.WeakReference@64dfc504
      isSystemLogger = false
      GLOBAL_LOGGER_NAME = "global"
      global = class java.util.logging.Logger@69f7bd3e
      $assertionsDisabled = true
    kids = null
    levelObject = class java.util.logging.Level@3e4fe92
      defaultBundle = "sun.util.logging.resources.logging"
      name = "INFO"
      value = 800
      resourceBundleName = "sun.util.logging.resources.logging"
      localizedLevelName = "INFO"
      cachedLocale = class java.util.Locale@567978d
      OFF = class java.util.logging.Level@2ce8e1d
      SEVERE = class java.util.logging.Level@2442301f
      WARNING = class java.util.logging.Level@260f9897
      INFO = class java.util.logging.Level@3e4fe92
      CONFIG = class java.util.logging.Level@15d6a673
      FINE = class java.util.logging.Level@631e7cb2
      FINER = class java.util.logging.Level@56e97a06
      FINEST = class java.util.logging.Level@cf89b6c
      ALL = class java.util.logging.Level@2cbd51be
      serialVersionUID = -8176160795706313070
    levelValue = 800
    callersClassLoaderRef = class java.lang.ref.WeakReference@5406d536
      referent = class org.eclipse.osgi.internal.loader.EquinoxClassLoader@202a9611
      queue = class java.lang.ref.ReferenceQueue$Null@179e5f59
      next = null
      discovered = null
      lock = class java.lang.ref.Reference$Lock@5acabb16
      pending = null
    isSystemLogger = false
    GLOBAL_LOGGER_NAME = "global"
    global = class java.util.logging.Logger@69f7bd3e
      emptyHandlers = class java.util.logging.Handler[0]
      offValue = 2147483647
      SYSTEM_LOGGER_RB_NAME = "sun.util.logging.resources.logging"
      SYSTEM_BUNDLE = class java.util.logging.Logger$LoggerBundle@3e2f0f9b
      NO_RESOURCE_BUNDLE = class java.util.logging.Logger$LoggerBundle@7a36fe09
      manager = class com.ibm.ws.kernel.boot.logging.WsLogManager@5177a968
      name = "global"
      handlers = class java.util.concurrent.CopyOnWriteArrayList@77cdf11e
      loggerBundle = class java.util.logging.Logger$LoggerBundle@7a36fe09
      useParentHandlers = true
      filter = null
      anonymous = false
      catalog = null
      catalogName = null
      catalogLocale = null
      treeLock = class java.lang.Object@693742a0
      parent = class java.util.logging.LogManager$RootLogger@1aec2327
      kids = null
      levelObject = null
      levelValue = 800
      callersClassLoaderRef = null
      isSystemLogger = true
      GLOBAL_LOGGER_NAME = "global"
      global = class java.util.logging.Logger@69f7bd3e
      $assertionsDisabled = true
    $assertionsDisabled = true
  CLASS_NAME = "com.ibm.ws.webcontainer.filter.WebAppFilterChain"
  webapp = class com.ibm.ws.webcontainer31.osgi.webapp.WebApp31@7e6b5697
    tc = class com.ibm.websphere.ras.TraceComponent@746b483a
      strings[0] = "TraceComponent[com.ibm.ws.webcontainer31.osgi.webapp.WebApp31,class com.ibm.ws.webcontainer31.osgi.webapp.WebApp31,[webcontainer],com.ibm.ws.webcontainer31.resources.Messages,null]"
    CLASS_NAME = "com.ibm.ws.webcontainer31.osgi.webapp.WebApp31"
    servlet31NLS = class com.ibm.ejs.ras.TraceNLS@c246e0c
      resolver = class com.ibm.ws.logging.internal.TraceNLSResolver@1f6af71f
      finder = class com.ibm.ws.logging.internal.StackFinder@11063c59
      ivBundleName = "com.ibm.ws.webcontainer31.resources.Messages"
      caller = class java.lang.Class@1e8aebf6
    validListenerClasses = class java.lang.Class[7]
      Class[0] = class java.lang.Class@61cf0e33
      Class[1] = class java.lang.Class@1b4d98f4
      Class[2] = class java.lang.Class@1e151eaf
      Class[3] = class java.lang.Class@333c0a22
      Class[4] = class java.lang.Class@2a1b34e0
      Class[5] = class java.lang.Class@5d66836f
      Class[6] = class java.lang.Class@5e1e634c
    wsocServHandler = class com.ibm.ws.wsoc.external.WsocHandlerImpl@24626a03
      tc = class com.ibm.websphere.ras.TraceComponent@3aa37408
      noMoreAddsCalled = true
      serialVersionUID = -2067291126638824067
    tc = class com.ibm.websphere.ras.TraceComponent@67c979b0
      strings[0] = "TraceComponent[com.ibm.ws.webcontainer.osgi.webapp.WebApp,class com.ibm.ws.webcontainer.osgi.webapp.WebApp,[webcontainer],com.ibm.ws.webcontainer.resources.LShimMessages,null]"
    CLASS_NAME = "com.ibm.ws.webcontainer.osgi.webapp.WebApp"
    metaDataService = class com.ibm.ws.container.service.metadata.internal.MetaDataServiceImpl@6ff3ad27
      applicationMetaDataManager = class com.ibm.ws.container.service.metadata.internal.ApplicationMetaDataManager@56a05b03
      moduleMetaDataManager = class com.ibm.ws.container.service.metadata.internal.ModuleMetaDataManager@1277b157
      componentMetaDataManager = class com.ibm.ws.container.service.metadata.internal.ComponentMetaDataManager@16d1ffb1
      methodMetaDataManager = class com.ibm.ws.container.service.metadata.internal.MethodMetaDataManager@268338db
      appModuleNameToModuleContainer = class java.util.concurrent.ConcurrentHashMap@782e591
      jeeNameToComponentMetaData = class java.util.concurrent.ConcurrentHashMap@53aece21
      deferredMetaDataFactories = class com.ibm.wsspi.kernel.service.utils.ConcurrentServiceReferenceSet@4a1b8f92
      deferredMetaDataInitializers = class com.ibm.wsspi.kernel.service.utils.ConcurrentServiceReferenceMap@75e123ea
      serialVersionUID = -2494605732980966097
      $$$tc$$$ = class com.ibm.websphere.ras.TraceComponent@54924e39
    namespacePopulated = false
    referenceContext = class com.ibm.ws.injectionengine.osgi.internal.OSGiReferenceContextImpl@3845b59
      scopeData = class com.ibm.ws.injectionengine.osgi.internal.OSGiInjectionScopeData@24683474
      serialVersionUID = 521511923892134915
      $$$tc$$$ = class com.ibm.websphere.ras.TraceComponent@6d966ab3
      CLASS_NAME = "com.ibm.ws.injectionengine.ReferenceContextImpl"
      tc = class com.ibm.websphere.ras.TraceComponent@1428e939
      ivInjectionEngine = class com.ibm.ws.injectionengine.osgi.internal.OSGiInjectionEngineImpl@30e69d72
      ivProviders = class java.util.ArrayList@5ff33ac3
      ivComponentJavaContext = null
      ivComponentNameSpace = null
      ivJavaColonCompEnvMap = class java.util.LinkedHashMap@2d0edda1
      ivEjbContext10 = class java.util.Properties@372303d0
      ivResourceRefConfigList = null
      isAlreadyProcessed = true
      ivProcessFailure = null
      ivInjectionTargetMap = class java.util.concurrent.ConcurrentHashMap@332a054b
      svInjTarMapCacheSize = 256
      ivDeclaredInjectionTargets = class java.util.HashMap@754904cf
      ivProcessedInjectionClasses = class java.util.HashSet@2ef13c12
      svInjClassMapCacheSize = 512
      ivProcessedInjectionBindings = class java.util.LinkedHashSet@1e3879f
      ivAnyProcessDynamic = true
      ivCheckAppConfig = false
    j2eeNameFactory = class com.ibm.ws.container.service.metadata.internal.J2EENameFactoryImpl@4205a78f
      serialVersionUID = 3486344295038028821
      $$$tc$$$ = class com.ibm.websphere.ras.TraceComponent@67a07a56
    moduleLoader = class com.ibm.ws.classloading.internal.AppClassLoader@612068d7
      tc = class com.ibm.websphere.ras.TraceComponent@5a07cae0
      disableSharedClassesCache = false
      PARENT_FIRST_SEARCH_ORDER = class java.util.Collections$UnmodifiableRandomAccessList@7af524f8
      packagesDefined = class java.util.Collections$SetFromMap@24b2e356
      CLASS_LOADING_TRACE_PREFIX = "com.ibm.ws.class.load."
      DEFAULT_PACKAGE = "default.package"
      perPackageClassLoadingTraceComponents = class java.util.concurrent.ConcurrentHashMap@4607651f
      config = class com.ibm.ws.classloading.internal.ClassLoaderConfigurationImpl@ff1dd63
      privateLibraries = null
      delegateLoaders = class com.ibm.ws.classloading.internal.util.CompositeIterable@5cf0ea81
      nativeLibraryFiles = class java.util.ArrayList@6feb0a1a
      transformers = class java.util.ArrayList@1239b565
      apiAccess = class com.ibm.ws.classloading.internal.GatewayClassLoader@517837c2
      generator = class com.ibm.ws.classloading.internal.ClassGeneratorManager@7eadc07e
      protectionDomains = class java.util.concurrent.ConcurrentHashMap@13a27884
      parent = class com.ibm.ws.classloading.internal.GatewayClassLoader@517837c2
      hook = null
      serialVersionUID = 8734164900246230615
      tc = class com.ibm.websphere.ras.TraceComponent@6c1b8f4b
      smartClassPath = class com.ibm.ws.classloading.internal.ContainerClassLoader$SmartClassPathImpl@485d3c93
      nativeLibraryContainers = class java.util.ArrayList@7fd15458
      redefiner = class com.ibm.ws.classloading.internal.util.ClassRedefiner@29310ee5
      jarProtocol = "wsjar:"
      mapCreationQueue = class java.util.concurrent.Executors$FinalizableDelegatedExecutorService@201c545a
      serialVersionUID = 6399598832433768509
      serialVersionUID = 1837293532091806117
      $$$tc$$$ = class com.ibm.websphere.ras.TraceComponent@555a93bc
      serialVersionUID = -4586727107834513475
      $$$tc$$$ = class com.ibm.websphere.ras.TraceComponent@6f86c002
      serialVersionUID = -7709588811276454856
      $$$tc$$$ = class com.ibm.websphere.ras.TraceComponent@2eafb1e7
      initialized = true
      pdcache = class java.util.HashMap@207a6e85
      debug = null
      parent = class com.ibm.ws.classloading.internal.GatewayClassLoader@517837c2
      parallelLockMap = class java.util.concurrent.ConcurrentHashMap@16277bd
      package2certs = class java.util.concurrent.ConcurrentHashMap@74e4805d
      nocerts = class java.security.cert.Certificate[0]
      classes = class java.util.Vector@3698b41f
      defaultDomain = class java.security.ProtectionDomain@4565ea0f
      packages = class java.util.HashMap@5728a281
      scl = class sun.misc.Launcher$AppClassLoader@18b4aac2
      sclSet = true
      loadedLibraryNames = class java.util.Vector@3b3acd4
      systemNativeLibraries = class java.util.Vector@4ca1f9e5
      nativeLibraries = class java.util.Vector@79e3651
      nativeLibraryContext = class java.util.Stack@31980f38
      usr_paths = class java.lang.String[43]
      sys_paths = class java.lang.String[1]
      assertionLock = class java.lang.Object@74d552f1
      defaultAssertionStatus = false
      packageAssertionStatus = null
      classAssertionStatus = null
    webAppConfig = class com.ibm.ws.webcontainer.osgi.webapp.WebAppConfiguration@4a28f627
      webModuleMetaData = class com.ibm.ws.webcontainer.osgi.metadata.WebModuleMetaDataImpl@955363
      webComponentMetaData = class com.ibm.ws.webcontainer.osgi.metadata.WebComponentMetaDataImpl@7a536bf5
      dVirtualHost = class com.ibm.ws.webcontainer.osgi.DynamicVirtualHost@6b98a83c
      orderedLibPaths = class java.util.Collections$UnmodifiableRandomAccessList@36b3f3e9
      bundleHeaders = null
      cdiEnabled = false
      CLASS_NAME = "com.ibm.ws.webcontainer.webapp.WebAppConfiguration"
      logger = class com.ibm.ws.logging.internal.WsLogger@278eda7c
      tc = class com.ibm.websphere.ras.TraceComponent@31c43fc5
      nls = class com.ibm.ejs.ras.TraceNLS@466311bb
      version = 30
      contextRoot = "/BackEnd"
      isDefaultContextRootUsed = false
      sessionTimeout = 0
      moduleSessionTimeoutSet = false
      moduleSessionTrackingModeSet = false
      sessionCookieConfig = class com.ibm.ws.session.SessionCookieConfigImpl@6f669e25
      hasProgrammaticCookieConfig = false
      sessionDefaultTrackingModeSet = class java.util.RegularEnumSet@366248be
      sessionManagerConfig = class com.ibm.ws.session.SessionManagerConfig@676e3934
      displayName = "BackEnd"
      description = null
      reloadInterval = 0
      distributable = false
      denyUncoveredHttpMethods = false
      reloadingEnabled = false
      serveServletsByClassnameEnabled = false
      defaultErrorPage = null
      additionalClassPath = null
      fileServingEnabled = null
      directoryBrowsingEnabled = false
      autoRequestEncoding = false
      autoResponseEncoding = false
      autoLoadFilters = false
      requestListeners = null
      requestAttributeListeners = null
      sessionListeners = null
      localeMap = null
      moduleName = "BackEnd"
      j2eeModuleName = "BackEnd.war"
      moduleId = null
      isSyncToThreadEnabled = false
      encodeDispatchedRequestURI = false
      isSystemApp = false
      ardEnabled = false
      ardDispatchType = null
      listeners = class java.util.ArrayList@395e02ab
      welcomeFileList = class java.util.ArrayList@62122413
      servletMappings = class java.util.HashMap@4691a757
      lastIndexBeforeDeclaredFilters = 1
      filterMappings = class java.util.ArrayList@50a09128
      servletInfo = class java.util.concurrent.ConcurrentHashMap@19229acd
      filterInfo = class java.util.HashMap@6a631746
      mimeMappings = class java.util.HashMap@2103ae42
      mimeFilters = null
      isMimeFilteringEnabled = false
      theWebGroup = null
      jspAttributes = class java.util.HashMap@75fe429b
      fileServingAttributes = class java.util.HashMap@78074a1b
      invokerAttributes = class java.util.HashMap@aacbb7a
      contextParams = class java.util.HashMap@366175d3
      virtualHost = "default_host"
      exceptionErrorPages = class java.util.HashMap@310c131e
      codeErrorPages = class java.util.HashMap@7319d0b6
      tagLibList = null
      precompileJsps = false
      webApp = class com.ibm.ws.webcontainer31.osgi.webapp.WebApp31@7e6b5697
      virtualHostList = class java.util.Collections$EmptyList@1c01c2c4
      appStartupWeight = 0
      moduleStartupWeight = 0
      metaDataComplete = false
      classesToScan = class java.util.ArrayList@2173e37a
      uriFilterMappingInfos = class java.util.ArrayList@70b680a9
      servletFilterMappingInfos = null
      dynamicServletRegistrationMap = null
      applicationName = "BackEnd"
      libBinPathList = class java.util.ArrayList@4d976269
      webXmlDefinedListeners = class java.util.HashSet@5f929efd
      allRefs = class java.util.EnumMap@61c4ce46
      allRefBindings = class java.util.EnumMap@2533b91f
      envEntryValues = class java.util.HashMap@534113fa
      resourceRefConfigList = null
      disallowAllFileServingProp = "false"
      disallowServeServletsByClassnameProp = "true"
      disableStaticMappingCache = false
      jspCachedLocations = class java.util.HashMap@18ef1a19
      primedSTSHeader = "NoValue"
      enablemultireadofpostdata = false
      requestEncoding = null
      responseEncoding = null
      NULLSERVLETNAME = "com.ibm.ws.webcontainer.NullServletName"
      _id = "WebAppGeneratedId1"
      _attributes = null
      serialVersionUID = 7511545662945734886
      $$$tc$$$ = class com.ibm.websphere.ras.TraceComponent@7fe3b439
    extensionProcessingDisabled = false
    managedObjectService = class com.ibm.ws.cdi.impl.managedobject.CDIManagedObjectService@4f1def6d
      cdiServiceRef = class com.ibm.wsspi.kernel.service.utils.AtomicServiceReference@197f78d
      defaultMOSRef = class com.ibm.wsspi.kernel.service.utils.AtomicServiceReference@48a66a9c
      cdiRuntime = class com.ibm.ws.cdi.liberty.CDIRuntimeImpl@13817c79
      serialVersionUID = 6431825704414919683
      $$$tc$$$ = class com.ibm.websphere.ras.TraceComponent@6095da10
    internalServletMetaData = interface com.ibm.wsspi.webcontainer.metadata.WebComponentMetaData[2]
      WebComponentMetaData[0] = null
      WebComponentMetaData[1] = null
    loginProcessor = null
    logoutProcessor = null
    collabHelper = class com.ibm.ws.webcontainer.osgi.collaborator.CollaboratorHelperImpl@2b8c8f38
    envObject = class com.ibm.ws.util.WSThreadLocal@4821cd17
      tc = class com.ibm.ejs.ras.TraceComponent@20acd34
      count = 9
      index = 4
      SUSPECTED_MISUSAGE_THRESHOLD = 200
      threadLocalHashCode = -224065163
      nextHashCode = class java.util.concurrent.atomic.AtomicInteger@a4a0e9
      HASH_INCREMENT = 1640531527
    orderedLibPaths = class java.util.Collections$UnmodifiableRandomAccessList@36b3f3e9
      serialVersionUID = -2542308836966382001
      serialVersionUID = -283967356065247728
      list = class java.util.ArrayList@58b8080a
      serialVersionUID = 1820017752578914078
      c = class java.util.ArrayList@58b8080a
    perm = class com.ibm.websphere.security.WebSphereRuntimePermission@ceb1631
      serialVersionUID = -3306242789188168337
      $$$tc$$$ = class com.ibm.websphere.ras.TraceComponent@275db610
      serialVersionUID = 6279438298436773498
      wildcard = false
      path = "accessServletContext"
      exitVM = false
      serialVersionUID = -5636570222231596674
      name = "accessServletContext"
    WELCOME_FILE_LIST = "com.ibm.ws.webcontainer.config.WelcomeFileList"
    DIR_BROWSING_MAPPING = "__dirBrowsing__1597382592740"
    FILTER_PROXY_MAPPING = "/__filterProxy__1597382592740"
    logger = class com.ibm.ws.logging.internal.WsLogger@278eda7c
      tc = class com.ibm.websphere.ras.TraceComponent@5e3af750
      ivCachedResourceBundleName = null
      ivCachedResourceBundle = null
      ivComponent = null
      ivOrganization = null
      ivProduct = null
      ivMinimumLocalizationLevelIntValue = 625
      ivTC = class com.ibm.websphere.ras.TraceComponent@270ead17
      loggerRegistrationComponent = class java.lang.ThreadLocal@5b3e1a95
      emptyHandlers = class java.util.logging.Handler[0]
      offValue = 2147483647
      SYSTEM_LOGGER_RB_NAME = "sun.util.logging.resources.logging"
      SYSTEM_BUNDLE = class java.util.logging.Logger$LoggerBundle@3e2f0f9b
      NO_RESOURCE_BUNDLE = class java.util.logging.Logger$LoggerBundle@7a36fe09
      manager = class com.ibm.ws.kernel.boot.logging.WsLogManager@5177a968
      name = "com.ibm.ws.webcontainer.webapp"
      handlers = class java.util.concurrent.CopyOnWriteArrayList@35a9236
      loggerBundle = class java.util.logging.Logger$LoggerBundle@2539f38e
      useParentHandlers = true
      filter = null
      anonymous = false
      catalog = class com.ibm.ws.webcontainer.resources.Messages@76065b6c
      catalogName = "com.ibm.ws.webcontainer.resources.Messages"
      catalogLocale = class java.util.Locale@567978d
      treeLock = class java.lang.Object@693742a0
      parent = class com.ibm.ws.logging.internal.WsLogger@2cd67031
      kids = null
      levelObject = class java.util.logging.Level@3e4fe92
      levelValue = 800
      callersClassLoaderRef = class java.lang.ref.WeakReference@1d9fb4e5
      isSystemLogger = false
      GLOBAL_LOGGER_NAME = "global"
      global = class java.util.logging.Logger@69f7bd3e
      $assertionsDisabled = true
    CLASS_NAME = "com.ibm.ws.webcontainer.webapp.WebApp"
    loader = class com.ibm.ws.classloading.internal.ThreadContextClassLoader@205e826
      tc = class com.ibm.websphere.ras.TraceComponent@4622a6a7
      bundle = class java.util.concurrent.atomic.AtomicReference@3ec7e8d
      key = "WebModule:BackEnd#BackEnd.war"
      refCount = class java.util.concurrent.atomic.AtomicInteger@2aa1729e
      appLoader = class com.ibm.ws.classloading.internal.AppClassLoader@612068d7
      clSvc = class com.ibm.ws.classloading.internal.ClassLoadingServiceImpl@29418c8b
      serialVersionUID = 846416563800781557
      tc = class com.ibm.websphere.ras.TraceComponent@3a993710
      followOnClassLoaders = class java.util.ArrayList@659a9057
      serialVersionUID = 8829649920524275888
      serialVersionUID = -4586727107834513475
      $$$tc$$$ = class com.ibm.websphere.ras.TraceComponent@6f86c002
      serialVersionUID = -7709588811276454856
      $$$tc$$$ = class com.ibm.websphere.ras.TraceComponent@2eafb1e7
      initialized = true
      pdcache = class java.util.HashMap@5e2927f
      debug = null
      parent = class com.ibm.ws.classloading.internal.GatewayClassLoader@322a0ec6
      parallelLockMap = class java.util.concurrent.ConcurrentHashMap@24f625df
      package2certs = class java.util.concurrent.ConcurrentHashMap@1f6d01e
      nocerts = class java.security.cert.Certificate[0]
      classes = class java.util.Vector@305fe05f
      defaultDomain = class java.security.ProtectionDomain@213fed41
      packages = class java.util.HashMap@3472fc64
      scl = class sun.misc.Launcher$AppClassLoader@18b4aac2
      sclSet = true
      loadedLibraryNames = class java.util.Vector@3b3acd4
      systemNativeLibraries = class java.util.Vector@4ca1f9e5
      nativeLibraries = class java.util.Vector@12aa50d5
      nativeLibraryContext = class java.util.Stack@31980f38
      usr_paths = class java.lang.String[43]
      sys_paths = class java.lang.String[1]
      assertionLock = class java.lang.Object@2c12a3bf
      defaultAssertionStatus = false
      packageAssertionStatus = null
      classAssertionStatus = null
    facade = class com.ibm.ws.webcontainer31.facade.ServletContextFacade31@202d117f
      context = class com.ibm.ws.webcontainer31.osgi.webapp.WebApp31@7e6b5697
    features = class java.util.ArrayList@663de396
      serialVersionUID = 8683452581122892189
      DEFAULT_CAPACITY = 10
      EMPTY_ELEMENTDATA = class java.lang.Object[0]
      DEFAULTCAPACITY_EMPTY_ELEMENTDATA = class java.lang.Object[0]
      elementData = class java.lang.Object[0]
      size = 0
      MAX_ARRAY_SIZE = 2147483639
      modCount = 0
      MAX_ARRAY_SIZE = 2147483639
    applicationName = "BackEnd"
    config = class com.ibm.ws.webcontainer.osgi.webapp.WebAppConfiguration@4a28f627
    securityEnabledForApp = true
    webExtensionProcessor = class com.ibm.ws.webcontainer.osgi.extension.WebExtensionProcessor@3fdcaf3c
      webApp = class com.ibm.ws.webcontainer31.osgi.webapp.WebApp31@7e6b5697
      extensionContext = class com.ibm.ws.webcontainer31.osgi.webapp.WebApp31@7e6b5697
    production = true
    isServlet23 = true
    contextPath = "/BackEnd"
    internalServletList = class [Ljava.lang.String;[2]
      String[][0] = class java.lang.String[2]
      String[][1] = class java.lang.String[2]
    BY_NAME_ONLY = "/_1597382592741_/"
    filterManager = class com.ibm.ws.webcontainer.osgi.filter.WebAppFilterManagerImpl@2ddd4f20
      _filterWrappers = class java.util.Hashtable@40942c6b
      chainCache = class java.util.Collections$SynchronizedMap@230d7d05
      forwardChainCache = class java.util.Collections$SynchronizedMap@33ececc7
      includeChainCache = class java.util.Collections$SynchronizedMap@5bb2ae70
      errorChainCache = class java.util.Collections$SynchronizedMap@3aa43619
      _filtersDefined = true
      FMI_MAPPING_SINGLE_SLASH = 0
      FMI_MAPPING_PATH_MATCH = 1
      FMI_MAPPING_EXTENSION_MATCH = 2
      FMI_MAPPING_EXACT_MATCH = 3
      logger = class com.ibm.ws.logging.internal.WsLogger@73c191db
      CLASS_NAME = "com.ibm.ws.webcontainer.filter.WebAppFilterManager"
      nls = class com.ibm.ejs.ras.TraceNLS@7209811d
      webAppConfig = class com.ibm.ws.webcontainer.osgi.webapp.WebAppConfiguration@4a28f627
      webApp = class com.ibm.ws.webcontainer31.osgi.webapp.WebApp31@7e6b5697
      collabHelper = class com.ibm.ws.webcontainer.osgi.collaborator.CollaboratorHelperImpl@2b8c8f38
      secCollab = class com.ibm.ws.webcontainer.security.WebAppSecurityCollaboratorImpl@7e3b9680
      sessionSecurityIntegrationEnabled = true
      assumeFilterSuccessOnSecurityError = false
      useOriginalRequestState = false
      _evtSource = class com.ibm.ws.webcontainer.webapp.WebAppEventSource@71314bf0
      defaultComponentMetaData = class com.ibm.ws.webcontainer.osgi.metadata.WebComponentMetaDataImpl@7a536bf5
      DEFER_SERVLET_REQUEST_LISTENER_DESTROY_ON_ERROR = false
    documentRoot = null
    SERVLET_API_VERSION = "Servlet 2.5"
    disableServletAuditLogging = -1
    serverInfo = "IBM WebSphere Liberty/20.0.0.8"
    sessionCtx = class com.ibm.ws.webcontainer31.session.impl.HttpSessionContext31Impl@24f5385e
      methodClassName = "HttpSessionContextImpl"
      _smc = class com.ibm.ws.session.SessionManagerConfig@676e3934
      sessionStoreService = null
      _sap = class com.ibm.ws.session.SessionApplicationParameters@59b9f3a5
      _coreHttpSessionManager = class com.ibm.ws.session.SessionManager@4dd8e726
      _coreHttpAppSessionManager = null
      _sam = class com.ibm.ws.webcontainer.session.impl.SessionAffinityManagerImpl@29207122
      isSIPApplication = false
      sessionAttributeListener = false
      sessionListener = true
      mHttpSessionAttributeListeners = class java.util.ArrayList@120d6349
      mHttpSessionListeners = class java.util.ArrayList@4bf9e76
      mHttpSessionIdListeners = class java.util.ArrayList@e54b810
      mHttpSessionAttributeListenersJ2eeNames = class java.util.ArrayList@24576199
      mHttpSessionListenersJ2eeNames = class java.util.ArrayList@5d395971
      mHttpSessionIdListenersJ2eeNames = class java.util.ArrayList@250d308e
      mLocalHost = null
      _refCount = 1
      currentThreadSacHashtable = null
      methodClassName = "SessionContext"
      ANONYMOUS_USER = "anonymous"
      wasHttpSessionObserver = class com.ibm.ws.session.WasHttpSessionObserver@eb29807
      wasHttpSessionAttributeObserver = null
      _invalidator = class com.ibm.ws.session.SessionInvalidatorWithThreadPool@11766be1
      _storer = class com.ibm.ws.session.EOSSessionStorer@6135a6f
      wasHttpAppSessionObserver = null
      mHttpAppSessionListeners = null
      cmvcInfo = "CMVC Version 1.9 6/24/07 11:12:24"
      _loggedVersion = true
      CREATE_CORE_SESSION_MANAGER = 0
      GET_REQUESTED_SESSION_ID = 1
      GET_IHTTP_SESSION = 2
      SESSION_PRE_INVOKE = 3
      SESSION_POST_INVOKE = 4
      STOP = 5
      STOP_LISTENERS = 6
      IS_VALID = 7
      ENCODE_URL = 8
      SHOULD_ENCODE_URL = 9
      IS_PROTOCOL_SWITCH = 10
      GET_LOCAL_HOST = 11
      ADD_HTTP_SESSION_ATTRIBUTE_LISTENER = 12
      ADD_HTTP_SESSION_LISTENER = 13
      GET_SESSION_AFFINITY_CONTEXT = 14
      CHECK_SECURITY = 15
      INVALIDATE = 16
      CHECK_SESSSIONID_IS_RIGHT_LENGTH = 17
      LOCK_SESSION = 18
      UNLOCK_SESSION = 19
      ADD_HTTP_SESSION_ID_LISTENER = 20
      methodNames = class java.lang.String[21]
    eventSource = class com.ibm.ws.webcontainer.webapp.WebAppEventSource@71314bf0
    nls = class com.ibm.ejs.ras.TraceNLS@7e8ad6b3
      resolver = class com.ibm.ws.logging.internal.TraceNLSResolver@1f6af71f
      finder = class com.ibm.ws.logging.internal.StackFinder@11063c59
      ivBundleName = "com.ibm.ws.webcontainer.resources.Messages"
      caller = class java.lang.Class@1b384005
    liberty_nls = class com.ibm.ejs.ras.TraceNLS@1b19837b
      resolver = class com.ibm.ws.logging.internal.TraceNLSResolver@1f6af71f
      finder = class com.ibm.ws.logging.internal.StackFinder@11063c59
      ivBundleName = "com.ibm.ws.webcontainer.resources.LShimMessages"
      caller = class java.lang.Class@1b384005
    error_nls = class com.ibm.ejs.ras.TraceNLS@5c7a7b77
      resolver = class com.ibm.ws.logging.internal.TraceNLSResolver@1f6af71f
      finder = class com.ibm.ws.logging.internal.StackFinder@11063c59
      ivBundleName = "com.ibm.ws.webcontainer.resources.ErrorPage"
      caller = class java.lang.Class@1b384005
    sessionListeners = class java.util.ArrayList@51c08f6e
      serialVersionUID = 8683452581122892189
      DEFAULT_CAPACITY = 10
      EMPTY_ELEMENTDATA = class java.lang.Object[0]
      DEFAULTCAPACITY_EMPTY_ELEMENTDATA = class java.lang.Object[0]
      elementData = class java.lang.Object[10]
      size = 1
      MAX_ARRAY_SIZE = 2147483639
      modCount = 2
      MAX_ARRAY_SIZE = 2147483639
    sessionIdListeners = class java.util.ArrayList@7957e4ab
      serialVersionUID = 8683452581122892189
      DEFAULT_CAPACITY = 10
      EMPTY_ELEMENTDATA = class java.lang.Object[0]
      DEFAULTCAPACITY_EMPTY_ELEMENTDATA = class java.lang.Object[0]
      elementData = class java.lang.Object[0]
      size = 0
      MAX_ARRAY_SIZE = 2147483639
      modCount = 0
      MAX_ARRAY_SIZE = 2147483639
    sessionAttrListeners = class java.util.ArrayList@2e02b2a1
      serialVersionUID = 8683452581122892189
      DEFAULT_CAPACITY = 10
      EMPTY_ELEMENTDATA = class java.lang.Object[0]
      DEFAULTCAPACITY_EMPTY_ELEMENTDATA = class java.lang.Object[0]
      elementData = class java.lang.Object[0]
      size = 0
      MAX_ARRAY_SIZE = 2147483639
      modCount = 1
      MAX_ARRAY_SIZE = 2147483639
    addedSessionListeners = class java.util.ArrayList@212cd5d5
      serialVersionUID = 8683452581122892189
      DEFAULT_CAPACITY = 10
      EMPTY_ELEMENTDATA = class java.lang.Object[0]
      DEFAULTCAPACITY_EMPTY_ELEMENTDATA = class java.lang.Object[0]
      elementData = class java.lang.Object[0]
      size = 0
      MAX_ARRAY_SIZE = 2147483639
      modCount = 0
      MAX_ARRAY_SIZE = 2147483639
    addedSessionAttrListeners = class java.util.ArrayList@74428561
      serialVersionUID = 8683452581122892189
      DEFAULT_CAPACITY = 10
      EMPTY_ELEMENTDATA = class java.lang.Object[0]
      DEFAULTCAPACITY_EMPTY_ELEMENTDATA = class java.lang.Object[0]
      elementData = class java.lang.Object[0]
      size = 0
      MAX_ARRAY_SIZE = 2147483639
      modCount = 0
      MAX_ARRAY_SIZE = 2147483639
    servletContextListeners = class java.util.ArrayList@32f645fe
      serialVersionUID = 8683452581122892189
      DEFAULT_CAPACITY = 10
      EMPTY_ELEMENTDATA = class java.lang.Object[0]
      DEFAULTCAPACITY_EMPTY_ELEMENTDATA = class java.lang.Object[0]
      elementData = class java.lang.Object[10]
      size = 4
      MAX_ARRAY_SIZE = 2147483639
      modCount = 5
      MAX_ARRAY_SIZE = 2147483639
    servletContextLAttrListeners = class java.util.ArrayList@95a7ebb
      serialVersionUID = 8683452581122892189
      DEFAULT_CAPACITY = 10
      EMPTY_ELEMENTDATA = class java.lang.Object[0]
      DEFAULTCAPACITY_EMPTY_ELEMENTDATA = class java.lang.Object[0]
      elementData = class java.lang.Object[0]
      size = 0
      MAX_ARRAY_SIZE = 2147483639
      modCount = 1
      MAX_ARRAY_SIZE = 2147483639
    servletRequestListeners = class java.util.ArrayList@4e1f9038
      serialVersionUID = 8683452581122892189
      DEFAULT_CAPACITY = 10
      EMPTY_ELEMENTDATA = class java.lang.Object[0]
      DEFAULTCAPACITY_EMPTY_ELEMENTDATA = class java.lang.Object[0]
      elementData = class java.lang.Object[0]
      size = 0
      MAX_ARRAY_SIZE = 2147483639
      modCount = 1
      MAX_ARRAY_SIZE = 2147483639
    servletRequestLAttrListeners = class java.util.ArrayList@2e167d17
      serialVersionUID = 8683452581122892189
      DEFAULT_CAPACITY = 10
      EMPTY_ELEMENTDATA = class java.lang.Object[0]
      DEFAULTCAPACITY_EMPTY_ELEMENTDATA = class java.lang.Object[0]
      elementData = class java.lang.Object[0]
      size = 0
      MAX_ARRAY_SIZE = 2147483639
      modCount = 1
      MAX_ARRAY_SIZE = 2147483639
    prependSlashToResource = false
    destroyed = false
    webAppNameSpaceCollab = class com.ibm.ws.webcontainer.osgi.collaborator.WebAppNameSpaceCollaboratorImpl@49c53595
    txCollab = class com.ibm.ws.transaction.services.WebAppTransactionCollaboratorImpl@1f1b9da5
    sessionActivationListeners = class java.util.ArrayList@2ecf149e
      serialVersionUID = 8683452581122892189
      DEFAULT_CAPACITY = 10
      EMPTY_ELEMENTDATA = class java.lang.Object[0]
      DEFAULTCAPACITY_EMPTY_ELEMENTDATA = class java.lang.Object[0]
      elementData = class java.lang.Object[0]
      size = 0
      MAX_ARRAY_SIZE = 2147483639
      modCount = 1
      MAX_ARRAY_SIZE = 2147483639
    sessionBindingListeners = class java.util.ArrayList@743a185a
      serialVersionUID = 8683452581122892189
      DEFAULT_CAPACITY = 10
      EMPTY_ELEMENTDATA = class java.lang.Object[0]
      DEFAULTCAPACITY_EMPTY_ELEMENTDATA = class java.lang.Object[0]
      elementData = class java.lang.Object[0]
      size = 0
      MAX_ARRAY_SIZE = 2147483639
      modCount = 1
      MAX_ARRAY_SIZE = 2147483639
    scratchdir = null
    jspClassLoaderLimit = 0
    jspClassLoaderExclusionList = null
    jspClassLoadersMap = null
    jspClassLoaderLimitTrackIF = false
    defaultExtProc = null
    directoryBrowsingServlet = null
    cdiContexts = class java.util.concurrent.ConcurrentHashMap@4616d8b5
      serialVersionUID = 7249069246763182397
      MAXIMUM_CAPACITY = 1073741824
      DEFAULT_CAPACITY = 16
      MAX_ARRAY_SIZE = 2147483639
      DEFAULT_CONCURRENCY_LEVEL = 16
      LOAD_FACTOR = 0.75
      TREEIFY_THRESHOLD = 8
      UNTREEIFY_THRESHOLD = 6
      MIN_TREEIFY_CAPACITY = 64
      MIN_TRANSFER_STRIDE = 16
      RESIZE_STAMP_BITS = 16
      MAX_RESIZERS = 65535
      RESIZE_STAMP_SHIFT = 16
      MOVED = -1
      TREEBIN = -2
      RESERVED = -3
      HASH_BITS = 2147483647
      NCPU = 8
      serialPersistentFields = class java.io.ObjectStreamField[3]
      table = null
      nextTable = null
      baseCount = 0
      sizeCtl = 0
      transferIndex = 0
      cellsBusy = 0
      counterCells = null
      keySet = null
      values = null
      entrySet = null
      U = class sun.misc.Unsafe@3e989490
      SIZECTL = 20
      TRANSFERINDEX = 32
      BASECOUNT = 24
      CELLSBUSY = 36
      CELLVALUE = 144
      ABASE = 16
      ASHIFT = 2
      keySet = null
      values = null
    moduleConfig = class com.ibm.ws.webcontainer.osgi.container.DeployedModule@5b75fba5
      tc = class com.ibm.websphere.ras.TraceComponent@566488d4
      loader = class com.ibm.ws.classloading.internal.ThreadContextClassLoader@205e826
      webApp = class com.ibm.ws.webcontainer31.osgi.webapp.WebApp31@7e6b5697
      webAppConfig = class com.ibm.ws.webcontainer.osgi.webapp.WebAppConfiguration@4a28f627
      contextRootAdded = class com.ibm.ws.threading.internal.NonCancelableResultFuture@1df63a27
      properContextRoot = "/BackEnd"
      mappingContextRoot = "/BackEnd/*"
      initTaskCount = class java.util.concurrent.atomic.AtomicInteger@328e57f9
      initTasksDoneListener = class com.ibm.ws.webcontainer.osgi.WebContainer$2@441e9f97
      serialVersionUID = -2104814060051592457
      $$$tc$$$ = class com.ibm.websphere.ras.TraceComponent@1354a50d
    extensionFactories = class java.util.ArrayList@d487fb1
      serialVersionUID = 8683452581122892189
      DEFAULT_CAPACITY = 10
      EMPTY_ELEMENTDATA = class java.lang.Object[0]
      DEFAULTCAPACITY_EMPTY_ELEMENTDATA = class java.lang.Object[0]
      elementData = class java.lang.Object[10]
      size = 6
      MAX_ARRAY_SIZE = 2147483639
      modCount = 6
      MAX_ARRAY_SIZE = 2147483639
    initialized = true
    lock = class com.ibm.ws.webcontainer.webapp.WebApp$1@29144e8a
      this$0 = class com.ibm.ws.webcontainer31.osgi.webapp.WebApp31@7e6b5697
    afterServletContextCreated = false
    redirectContextRoot = false
    errorExceptionTypeFirst = false
    initFilterBeforeServletInit = false
    SET_400_SC_ON_TOO_MANY_PARENT_DIRS = false
    sortedServletConfigs = class java.util.ArrayList@59b7f86d
      serialVersionUID = 8683452581122892189
      DEFAULT_CAPACITY = 10
      EMPTY_ELEMENTDATA = class java.lang.Object[0]
      DEFAULTCAPACITY_EMPTY_ELEMENTDATA = class java.lang.Object[0]
      elementData = class java.lang.Object[10]
      size = 1
      MAX_ARRAY_SIZE = 2147483639
      modCount = 1
      MAX_ARRAY_SIZE = 2147483639
    effectiveMajorVersion = 3
    effectiveMinorVersion = 0
    canAddServletContextListener = true
    withinContextInitOfProgAddListener = false
    lastProgAddListenerInitialized = "com.ibm.ws.cache.CacheServiceImpl"
    webInfLibClassloader = null
    metaInfCache = class com.ibm.ws.webcontainer.webapp.WebApp$2@2deb982d
      this$0 = class com.ibm.ws.webcontainer31.osgi.webapp.WebApp31@7e6b5697
      serialVersionUID = 3801124242820219131
      head = null
      tail = null
      accessOrder = true
      serialVersionUID = 362498820763181265
      DEFAULT_INITIAL_CAPACITY = 16
      MAXIMUM_CAPACITY = 1073741824
      DEFAULT_LOAD_FACTOR = 0.75
      TREEIFY_THRESHOLD = 8
      UNTREEIFY_THRESHOLD = 6
      MIN_TREEIFY_CAPACITY = 64
      table = null
      entrySet = null
      size = 0
      modCount = 0
      threshold = 32
      loadFactor = 1.0
      keySet = null
      values = null
    useMetaInfCache = true
    SUN_CONFIGURE_LISTENER_CLASSNAME = "com.sun.faces.config.ConfigureListener"
    MYFACES_LIFECYCLE_LISTENER_CLASSNAME = "org.apache.myfaces.webapp.StartupServletContextListener"
    JSF_IMPL_ENABLED_PARAM = "com.ibm.ws.jsf.JSF_IMPL_ENABLED"
    JSF_IMPL_ENABLED_CUSTOM = "Custom"
    JSF_IMPL_ENABLED_NONE = "None"
    staticDocRoot = class com.ibm.ws.webcontainer.util.DocumentRootUtils@6310dfd6
      logger = class com.ibm.ws.logging.internal.WsLogger@60d9e1c9
      CLASS_NAME = "com.ibm.ws.webcontainer.util.DocumentRootUtils"
      useContentLength = false
      matchedFile = null
      matchedZipFile = null
      matchedEntry = null
      matchedURL = null
      edrRoot = null
      pfedrRoot = null
      ctxt = class com.ibm.ws.webcontainer31.osgi.webapp.WebApp31@7e6b5697
      baseDir = null
      edr = null
      pfedr = null
      metaInfRes = null
      searchpfEDR = false
      searchEDR = false
      searchMetaInfRes = true
      matchFromEDR = false
      matchFromMetaInfRes = false
      matchIsADirectory = false
      appConfig = class com.ibm.ws.webcontainer.osgi.webapp.WebAppConfiguration@4a28f627
      attributeType = "staticFile"
      STATIC_FILE = "staticFile"
      JSP = "jsp"
      PFEDR = "preFragmentExtendedDocumentRoot"
      EDR = "extendedDocumentRoot"
    jspDocRoot = class com.ibm.ws.webcontainer.util.DocumentRootUtils@687bad20
      logger = class com.ibm.ws.logging.internal.WsLogger@60d9e1c9
      CLASS_NAME = "com.ibm.ws.webcontainer.util.DocumentRootUtils"
      useContentLength = false
      matchedFile = null
      matchedZipFile = null
      matchedEntry = null
      matchedURL = null
      edrRoot = null
      pfedrRoot = null
      ctxt = class com.ibm.ws.webcontainer31.osgi.webapp.WebApp31@7e6b5697
      baseDir = null
      edr = null
      pfedr = null
      metaInfRes = null
      searchpfEDR = false
      searchEDR = false
      searchMetaInfRes = true
      matchFromEDR = false
      matchFromMetaInfRes = false
      matchIsADirectory = false
      appConfig = class com.ibm.ws.webcontainer.osgi.webapp.WebAppConfiguration@4a28f627
      attributeType = "jsp"
      STATIC_FILE = "staticFile"
      JSP = "jsp"
      PFEDR = "preFragmentExtendedDocumentRoot"
      EDR = "extendedDocumentRoot"
    container = class com.ibm.ws.adaptable.module.internal.AdaptableContainerImpl@158fc7a2
      root = class com.ibm.ws.adaptable.module.internal.AdaptableContainerImpl@158fc7a2
      rootOverlay = class com.ibm.ws.artifact.overlay.internal.DirectoryBasedOverlayContainerImpl@43596bb6
      factoryHolder = class com.ibm.ws.adaptable.module.internal.AdaptableModuleFactoryImpl@7ecd6488
      delegate = class com.ibm.ws.artifact.overlay.internal.DirectoryBasedOverlayContainerImpl@43596bb6
      notifier = class com.ibm.ws.adaptable.module.internal.NotifierImpl@36d7b641
      serialVersionUID = -5950528200509051684
      $$$tc$$$ = class com.ibm.websphere.ras.TraceComponent@7f5db08
    metaInfResourceFinder = class com.ibm.ws.webcontainer.util.MetaInfResourceFinder@e6944d2
      jarResourceContainers = class java.util.ArrayList@16d2e677
      container = class com.ibm.ws.adaptable.module.internal.AdaptableContainerImpl@158fc7a2
    postConstructMethods = class com.ibm.ws.webcontainer.webapp.WebApp$AnnotatedMethods@7f329fc2
      annotationClass = class java.lang.Class@20ecf93d
      noOpClassNames = class java.util.HashSet@409393cb
      annotatedMethodNames = class java.util.concurrent.ConcurrentHashMap@7e862fcb
      EMPTY_METHODS = class java.lang.reflect.Method[0]
    preDestroyMethods = class com.ibm.ws.webcontainer.webapp.WebApp$AnnotatedMethods@1a39119d
      annotationClass = class java.lang.Class@ec30d06
      noOpClassNames = class java.util.HashSet@2f3b68e6
      annotatedMethodNames = class java.util.concurrent.ConcurrentHashMap@14eae1ef
      EMPTY_METHODS = class java.lang.reflect.Method[0]
    OBJ_EMPTY = class java.lang.Object[0]
    CLASS_EMPTY = class java.lang.Class[0]
    DEFAULT_JSP_EXTENSIONS = class java.util.ArrayList@2f9ebd57
      serialVersionUID = 8683452581122892189
      DEFAULT_CAPACITY = 10
      EMPTY_ELEMENTDATA = class java.lang.Object[0]
      DEFAULTCAPACITY_EMPTY_ELEMENTDATA = class java.lang.Object[0]
      elementData = class java.lang.Object[10]
      size = 4
      MAX_ARRAY_SIZE = 2147483639
      modCount = 4
      MAX_ARRAY_SIZE = 2147483639
    DEFER_SERVLET_REQUEST_LISTENER_DESTROY_ON_ERROR = false
    DO_ACCEPT_PARTIAL = true
    DO_NOT_ACCEPT_PARTIAL = false
    DO_ACCEPT_EXCLUDED = true
    DO_NOT_ACCEPT_EXCLUDED = false
    commands = class java.util.ArrayList@6b9523a2
      serialVersionUID = 8683452581122892189
      DEFAULT_CAPACITY = 10
      EMPTY_ELEMENTDATA = class java.lang.Object[0]
      DEFAULTCAPACITY_EMPTY_ELEMENTDATA = class java.lang.Object[0]
      elementData = class java.lang.Object[3]
      size = 0
      MAX_ARRAY_SIZE = 2147483639
      modCount = 0
      MAX_ARRAY_SIZE = 2147483639
    requestMapper = class com.ibm.wsspi.webcontainer.util.URIMapper@b26d9d
      matcher = class com.ibm.wsspi.webcontainer.util.URIMatcher@3282ff08
    parent = class com.ibm.ws.webcontainer.osgi.webapp.WebGroup@525531ef
      tc = class com.ibm.websphere.ras.TraceComponent@4c00ba9f
      logger = class com.ibm.ws.logging.internal.WsLogger@278eda7c
      CLASS_NAME = "com.ibm.ws.webcontainer.webapp.WebGroup"
      sessUrlRewritePrefix = ";jsessionid="
      qMark = "?"
      config = class com.ibm.ws.webcontainer.osgi.webapp.WebGroupConfiguration@2d7805cb
      webApp = class com.ibm.ws.webcontainer31.osgi.webapp.WebApp31@7e6b5697
      commands = class java.util.ArrayList@2b370d23
      requestMapper = null
      parent = class com.ibm.ws.webcontainer.osgi.DynamicVirtualHost@6b98a83c
      name = "/BackEnd/*"
      isAlive = true
      subElements = class java.util.HashMap@4df346cb
      attributes = null
      config = null
      serialVersionUID = -8271459000149267764
      $$$tc$$$ = class com.ibm.websphere.ras.TraceComponent@3d3ad077
    name = "BackEnd"
    isAlive = true
    subElements = null
    attributes = class java.util.concurrent.ConcurrentHashMap@8fb5af7
      serialVersionUID = 7249069246763182397
      MAXIMUM_CAPACITY = 1073741824
      DEFAULT_CAPACITY = 16
      MAX_ARRAY_SIZE = 2147483639
      DEFAULT_CONCURRENCY_LEVEL = 16
      LOAD_FACTOR = 0.75
      TREEIFY_THRESHOLD = 8
      UNTREEIFY_THRESHOLD = 6
      MIN_TREEIFY_CAPACITY = 64
      MIN_TRANSFER_STRIDE = 16
      RESIZE_STAMP_BITS = 16
      MAX_RESIZERS = 65535
      RESIZE_STAMP_SHIFT = 16
      MOVED = -1
      TREEBIN = -2
      RESERVED = -3
      HASH_BITS = 2147483647
      NCPU = 8
      serialPersistentFields = class java.io.ObjectStreamField[3]
      table = class java.util.concurrent.ConcurrentHashMap$Node[32]
      nextTable = null
      baseCount = 17
      sizeCtl = 24
      transferIndex = 0
      cellsBusy = 0
      counterCells = null
      keySet = null
      values = null
      entrySet = null
      U = class sun.misc.Unsafe@3e989490
      SIZECTL = 20
      TRANSFERINDEX = 32
      BASECOUNT = 24
      CELLSBUSY = 36
      CELLVALUE = 144
      ABASE = 16
      ASHIFT = 2
      keySet = null
      values = null
    config = null
    serialVersionUID = -8271459000149267764
    $$$tc$$$ = class com.ibm.websphere.ras.TraceComponent@3d3ad077
      strings[0] = "TraceComponent[com.ibm.ws.container.AbstractContainer,class com.ibm.ws.container.AbstractContainer,[],null,null]"

