------Start of DE processing------ = [8/6/20 19:00:01:272 CST]
Exception = javax.servlet.ServletException
Source = com.ibm.ws.webcontainer.filter.WebAppFilterChain.doFilter
probeid = 82
Stack Dump = javax.servlet.ServletException: SRVE0207E: Uncaught initialization exception created by servlet
	at com.ibm.ws.webcontainer.servlet.ServletWrapper.init(ServletWrapper.java:360)
	at com.ibm.ws.webcontainer.servlet.ServletWrapper.handleRequest(ServletWrapper.java:584)
	at com.ibm.ws.webcontainer.servlet.ServletWrapper.handleRequest(ServletWrapper.java:426)
	at com.ibm.ws.webcontainer.filter.WebAppFilterChain.invokeTarget(WebAppFilterChain.java:182)
	at com.ibm.ws.webcontainer.filter.WebAppFilterChain.doFilter(WebAppFilterChain.java:93)
	at com.ibm.ws.security.jaspi.JaspiServletFilter.doFilter(JaspiServletFilter.java:56)
	at com.ibm.ws.webcontainer.filter.FilterInstanceWrapper.doFilter(FilterInstanceWrapper.java:201)
	at com.ibm.ws.webcontainer.filter.WebAppFilterChain.doFilter(WebAppFilterChain.java:90)
	at com.ibm.ws.webcontainer.filter.WebAppFilterManager.doFilter(WebAppFilterManager.java:1001)
	at com.ibm.ws.webcontainer.filter.WebAppFilterManager.invokeFilters(WebAppFilterManager.java:1139)
	at com.ibm.ws.webcontainer.webapp.WebApp.handleRequest(WebApp.java:5037)
	at com.ibm.ws.webcontainer.osgi.DynamicVirtualHost$2.handleRequest(DynamicVirtualHost.java:314)
	at com.ibm.ws.webcontainer.WebContainer.handleRequest(WebContainer.java:1005)
	at com.ibm.ws.webcontainer.osgi.DynamicVirtualHost$2.run(DynamicVirtualHost.java:279)
	at com.ibm.ws.http.dispatcher.internal.channel.HttpDispatcherLink$TaskWrapper.run(HttpDispatcherLink.java:1134)
	at com.ibm.ws.http.dispatcher.internal.channel.HttpDispatcherLink.wrapHandlerAndExecute(HttpDispatcherLink.java:415)
	at com.ibm.ws.http.dispatcher.internal.channel.HttpDispatcherLink.ready(HttpDispatcherLink.java:374)
	at com.ibm.ws.http.channel.internal.inbound.HttpInboundLink.handleDiscrimination(HttpInboundLink.java:577)
	at com.ibm.ws.http.channel.internal.inbound.HttpInboundLink.handleNewRequest(HttpInboundLink.java:511)
	at com.ibm.ws.http.channel.internal.inbound.HttpInboundLink.processRequest(HttpInboundLink.java:359)
	at com.ibm.ws.http.channel.internal.inbound.HttpInboundLink.ready(HttpInboundLink.java:326)
	at com.ibm.ws.tcpchannel.internal.NewConnectionInitialReadCallback.sendToDiscriminators(NewConnectionInitialReadCallback.java:167)
	at com.ibm.ws.tcpchannel.internal.NewConnectionInitialReadCallback.complete(NewConnectionInitialReadCallback.java:75)
	at com.ibm.ws.tcpchannel.internal.WorkQueueManager.requestComplete(WorkQueueManager.java:504)
	at com.ibm.ws.tcpchannel.internal.WorkQueueManager.attemptIO(WorkQueueManager.java:574)
	at com.ibm.ws.tcpchannel.internal.WorkQueueManager.workerRun(WorkQueueManager.java:958)
	at com.ibm.ws.tcpchannel.internal.WorkQueueManager$Worker.run(WorkQueueManager.java:1047)
	at com.ibm.ws.threading.internal.ExecutorServiceImpl$RunnableWrapper.run(ExecutorServiceImpl.java:239)
	at java.util.concurrent.ThreadPoolExecutor.runWorker(Unknown Source)
	at java.util.concurrent.ThreadPoolExecutor$Worker.run(Unknown Source)
	at java.lang.Thread.run(Unknown Source)
Caused by: java.lang.Error: Unresolved compilation problem: 
	Syntax error, insert ";" to complete Statement

	at cr.ac.tec.apis.RestAPI.getClasses(RestAPI.java:18)
	at com.ibm.ws.jaxrs20.server.LibertyJaxRsServerFactoryBean.updateEndpointInfo(LibertyJaxRsServerFactoryBean.java:394)
	at com.ibm.ws.jaxrs20.server.LibertyJaxRsServerFactoryBean.onApplicationInit(LibertyJaxRsServerFactoryBean.java:192)
	at com.ibm.ws.jaxrs20.server.LibertyJaxRsServerFactoryBean.doInit(LibertyJaxRsServerFactoryBean.java:280)
	at com.ibm.ws.jaxrs20.server.JaxRsWebEndpointImpl.init(JaxRsWebEndpointImpl.java:66)
	at com.ibm.websphere.jaxrs.server.IBMRestServlet.init(IBMRestServlet.java:64)
	at com.ibm.ws.webcontainer.servlet.ServletWrapper.init(ServletWrapper.java:291)
	... 30 more

Dump of callerThis
Object type = com.ibm.ws.webcontainer.filter.WebAppFilterChain
  _filters = class java.util.ArrayList@4453727a
    serialVersionUID = 8683452581122892189
    DEFAULT_CAPACITY = 10
    EMPTY_ELEMENTDATA = class java.lang.Object[0]
    DEFAULTCAPACITY_EMPTY_ELEMENTDATA = class java.lang.Object[0]
    elementData = class java.lang.Object[5]
      Object[0] = class com.ibm.ws.webcontainer.filter.FilterInstanceWrapper@303612b9
      Object[1] = null
      Object[2] = null
      Object[3] = null
      Object[4] = null
    size = 1
    MAX_ARRAY_SIZE = 2147483639
    modCount = 1
    MAX_ARRAY_SIZE = 2147483639
  _currentFilterIndex = 1
  _numberOfFilters = 1
  requestProcessor = class com.ibm.ws.webcontainer.osgi.servlet.ServletWrapper@1fb55c
    serialVersionUID = 1
    _mo = null
    serialVersionUID = -4479626085298397598
    notifyInvocationListeners = false
    UNINITIALIZED_STATE = -1
    AVAILABLE_STATE = 0
    UNAVAILABLE_STATE = 1
    UNAVAILABLE_PERMANENTLY_STATE = 2
    collabHelper = class com.ibm.ws.webcontainer.osgi.collaborator.CollaboratorHelperImpl@30140890
      webAppInvCollabs = class java.util.Collections$UnmodifiableSet@6d41ce07
      securityDomainForApp = null
      logger = class com.ibm.ws.logging.internal.WsLogger@3246429c
      staticDefaultSecurityCollaborator = class com.ibm.ws.webcontainer.collaborator.WebAppSecurityCollaborator@1aa7d232
      logger = class com.ibm.ws.logging.internal.WsLogger@336b0def
      CLASS_NAME = "com.ibm.wsspi.webcontainer.collaborator.CollaboratorHelper"
      webApp = class com.ibm.ws.webcontainer31.osgi.webapp.WebApp31@e7ea108
      securityCollaborator = class com.ibm.ws.webcontainer.security.WebAppSecurityCollaboratorImpl@3339ebbc
      nameSpaceCollaborator = class com.ibm.ws.webcontainer.osgi.collaborator.WebAppNameSpaceCollaboratorImpl@4b22b36f
      transactionCollaborator = class com.ibm.ws.transaction.services.WebAppTransactionCollaboratorImpl@5301dbe9
      connectionCollaborator = class com.ibm.ws.webcontainer.collaborator.ConnectionCollaborator@17ab89ab
      allCollabEnum = class java.util.RegularEnumSet@90c2a5f
      servlet_23_or_greater = true
      DEFER_SERVLET_REQUEST_LISTENER_DESTROY_ON_ERROR = false
    nServicing = class java.util.concurrent.atomic.AtomicInteger@2890209
      serialVersionUID = 6214790243416807050
      unsafe = class sun.misc.Unsafe@457ec729
      valueOffset = 12
      value = 0
      serialVersionUID = -8742448824652078965
    lastAccessTime = 1596761964021
    state = -1
    logger = class com.ibm.ws.logging.internal.WsLogger@4e805e03
      tc = class com.ibm.websphere.ras.TraceComponent@265b947d
      ivCachedResourceBundleName = "com.ibm.ws.webcontainer.resources.Messages"
      ivCachedResourceBundle = class com.ibm.ws.webcontainer.resources.Messages@d10fa97
      ivComponent = null
      ivOrganization = null
      ivProduct = null
      ivMinimumLocalizationLevelIntValue = 625
      ivTC = class com.ibm.websphere.ras.TraceComponent@41af40a9
      loggerRegistrationComponent = class java.lang.ThreadLocal@20e0e8ee
      emptyHandlers = class java.util.logging.Handler[0]
      offValue = 2147483647
      SYSTEM_LOGGER_RB_NAME = "sun.util.logging.resources.logging"
      SYSTEM_BUNDLE = class java.util.logging.Logger$LoggerBundle@9e56b83
      NO_RESOURCE_BUNDLE = class java.util.logging.Logger$LoggerBundle@3f87e1d5
      manager = class com.ibm.ws.kernel.boot.logging.WsLogManager@1887d953
      name = "com.ibm.ws.webcontainer.servlet"
      handlers = class java.util.concurrent.CopyOnWriteArrayList@2f02f4a8
      loggerBundle = class java.util.logging.Logger$LoggerBundle@d992bb8
      useParentHandlers = true
      filter = null
      anonymous = false
      catalog = class com.ibm.ws.webcontainer.resources.Messages@d10fa97
      catalogName = "com.ibm.ws.webcontainer.resources.Messages"
      catalogLocale = class java.util.Locale@2bfbe727
      treeLock = class java.lang.Object@13e4f144
      parent = class com.ibm.ws.logging.internal.WsLogger@5764cc6b
      kids = null
      levelObject = class java.util.logging.Level@5daa5052
      levelValue = 800
      callersClassLoaderRef = class java.lang.ref.WeakReference@299c561f
      isSystemLogger = false
      GLOBAL_LOGGER_NAME = "global"
      global = class java.util.logging.Logger@28f01739
      $assertionsDisabled = true
    CLASS_NAME = "com.ibm.ws.webcontainer.servlet.ServletWrapper"
    nls = class com.ibm.ejs.ras.TraceNLS@7ec13134
      resolver = class com.ibm.ws.logging.internal.TraceNLSResolver@4e09d90e
      finder = class com.ibm.ws.logging.internal.StackFinder@7ce2836b
      ivBundleName = "com.ibm.ws.webcontainer.resources.Messages"
      caller = class java.lang.Class@64ca8760
    servletConfig = class com.ibm.ws.webcontainer.servlet.ServletConfig@6e01e6f4
      logger = class com.ibm.ws.logging.internal.WsLogger@4e805e03
      CLASS_NAME = "com.ibm.ws.webcontainer.servlet.ServletConfig"
      nls = class com.ibm.ejs.ras.TraceNLS@744a4d99
      liberty_nls = class com.ibm.ejs.ras.TraceNLS@3305a86e
      enabled = true
      servletName = "cr.ac.tec.apis.RestAPI"
      className = null
      mappings = class java.util.ArrayList@7fefbfaf
      startUpWeight = null
      DEFAULT_STARTUP = -1
      isCachingEnabled = true
      isStatisticsEnabled = true
      isInternal = false
      metaData = class com.ibm.ws.webcontainer.osgi.metadata.WebComponentMetaDataImpl@3896620c
      singleThreadModelServlet = false
      isJsp = false
      webAppConfig = class com.ibm.ws.webcontainer.osgi.webapp.WebAppConfiguration@1e16c602
      servletWrapper = class com.ibm.ws.webcontainer.osgi.servlet.ServletWrapper@1fb55c
      servletClass = class java.lang.Class@7d999533
      servlet = class com.ibm.websphere.jaxrs.server.IBMRestServlet@24d22877
      addedToLoadOnStartup = true
      previousWeight = null
      multipartConfig = null
      multipartConfigBaseLocation = null
      runAsRole = null
      servletSecurityElement = null
      declareRolesAnnotation = null
      logger = class com.ibm.ws.logging.internal.WsLogger@4e805e03
      CLASS_NAME = "com.ibm.ws.webcontainer.servlet.TargetConfig"
      initParams = null
      fileName = null
      displayName = null
      name = "cr.ac.tec.apis.RestAPI"
      description = null
      smallIcon = null
      largeIcon = null
      context = class com.ibm.ws.webcontainer31.facade.ServletContextFacade31@4ebf0b50
      className = null
      asyncSupported = true
      _id = "cr.ac.tec.apis.RestAPI"
      _attributes = null
      serialVersionUID = 7511545662945734886
      $$$tc$$$ = class com.ibm.websphere.ras.TraceComponent@7ca6f193
    context = class com.ibm.ws.webcontainer31.osgi.webapp.WebApp31@e7ea108
    target = class com.ibm.websphere.jaxrs.server.IBMRestServlet@24d22877
      serialVersionUID = -6835560282014155024
      KNOWN_HTTP_VERBS = class java.util.Arrays$ArrayList@3e40185c
      HTML_CONTENT_TYPE = "text/html"
      endpoint = class com.ibm.ws.jaxrs20.server.JaxRsWebEndpointImpl@6b646072
      collaborator = class com.ibm.ws.webcontainer.osgi.collaborator.WebAppNameSpaceCollaboratorImpl@4b22b36f
      providerFactoryService = class com.ibm.ws.jaxrs20.component.JaxRsProviderFactory@2dcab8d5
      $$$tc$$$ = class com.ibm.websphere.ras.TraceComponent@1ea29a34
      METHOD_DELETE = "DELETE"
      METHOD_HEAD = "HEAD"
      METHOD_GET = "GET"
      METHOD_OPTIONS = "OPTIONS"
      METHOD_POST = "POST"
      METHOD_PUT = "PUT"
      METHOD_TRACE = "TRACE"
      HEADER_IFMODSINCE = "If-Modified-Since"
      HEADER_LASTMOD = "Last-Modified"
      LSTRING_FILE = "javax.servlet.http.LocalStrings"
      lStrings = class java.util.PropertyResourceBundle@2277f96f
      LSTRING_FILE = "javax.servlet.LocalStrings"
      lStrings = class java.util.PropertyResourceBundle@a721336
      config = class com.ibm.ws.webcontainer.servlet.ServletConfig@6e01e6f4
    cacheWrappers = null
    targetLoader = null
    evtSource = class com.ibm.ws.webcontainer.webapp.WebAppEventSource@686e0aa8
      _invocationListeners = class com.ibm.ws.webcontainer.util.EventListeners@12ac7b2d
      _servletListeners = class com.ibm.ws.webcontainer.util.EventListeners@5225302a
      _errorListeners = class com.ibm.ws.webcontainer.util.EventListeners@4f841780
      _applicationListeners = class com.ibm.ws.webcontainer.util.EventListeners@6620e1b1
      _filterInvocationListeners = class com.ibm.ws.webcontainer.util.EventListeners@17249b4b
      _filterListeners = class com.ibm.ws.webcontainer.util.EventListeners@6c7b4de5
      _filterErrorListeners = class com.ibm.ws.webcontainer.util.EventListeners@3ac6ffd
    event = class com.ibm.websphere.servlet.event.ServletEvent@1f51de00
      serialVersionUID = 3906650803920713522
      _servletName = "cr.ac.tec.apis.RestAPI"
      _servletClassName = "com.ibm.websphere.jaxrs.server.IBMRestServlet"
      $$$tc$$$ = class com.ibm.websphere.ras.TraceComponent@94a2c34
      serialVersionUID = 3546927969739289392
      _context = class com.ibm.ws.webcontainer31.facade.ServletContextFacade31@4ebf0b50
      _servletNames = class com.ibm.ws.webcontainer.util.EmptyEnumeration@7756de69
      $$$tc$$$ = class com.ibm.websphere.ras.TraceComponent@365f3b14
      serialVersionUID = 5516075349620653480
      source = class com.ibm.ws.webcontainer.osgi.servlet.ServletWrapper@1fb55c
    unavailableMessage = null
    unavailableUntil = -1
    isSTM = false
    internalServlet = false
    webAppInvocationCollaborators = null
    platformHelper = class com.ibm.ws.webcontainer.PlatformHelper@7e86ad58
    webAppNameSpaceCollab = class com.ibm.ws.webcontainer.osgi.collaborator.WebAppNameSpaceCollaboratorImpl@4b22b36f
      cmdai = class com.ibm.ws.threadContext.ComponentMetaDataAccessorImpl@25b39c62
    txCollab = class com.ibm.ws.transaction.services.WebAppTransactionCollaboratorImpl@5301dbe9
      tc = class com.ibm.websphere.ras.TraceComponent@14695bee
      ltCurrentRef = class com.ibm.wsspi.kernel.service.utils.AtomicServiceReference@5da5e714
      tranMgrRef = class com.ibm.wsspi.kernel.service.utils.AtomicServiceReference@413f8378
      userTranRef = class com.ibm.wsspi.kernel.service.utils.AtomicServiceReference@2728130c
      uowCallbackRef = class com.ibm.wsspi.kernel.service.utils.AtomicServiceReference@6ac52f57
      serialVersionUID = -8319003162899973281
    suppressServletExceptionLogging = false
    throwExceptionEnum = class java.util.RegularEnumSet@4231be57
      serialVersionUID = 3411599620347842686
      elements = 256
      elementType = class java.lang.Class@32782453
      universe = class com.ibm.wsspi.webcontainer.collaborator.CollaboratorInvocationEnum[9]
      ZERO_LENGTH_ENUM_ARRAY = class java.lang.Enum[0]
      MAX_ARRAY_SIZE = 2147483639
    discernUnavailableServlet = false
    reInitServletonInitUnavailableException = true
    destroyServletonServiceUnavailableException = false
    servlet23 = true
    PARAMS_HEAD_TRACE = class java.lang.Class[2]
      Class[0] = class java.lang.Class@550ceabe
      Class[1] = class java.lang.Class@635f9ec4
    defaultHeadMethodInUse = false
    defaultTraceMethodInUse = false
    checkedForDefaultMethods = null
    defaultTraceRequestBehavior = false
    defaultHeadRequestBehavior = false
    useOriginalRequestState = false
    warningStatusSet = false
    LSTRING_FILE = "javax.servlet.LocalStrings"
    lStrings = class java.util.PropertyResourceBundle@a721336
      lookup = class java.util.HashMap@1efb290f
      INITIAL_CACHE_SIZE = 32
      NONEXISTENT_BUNDLE = class java.util.ResourceBundle$1@3d609b8d
      cacheList = class java.util.concurrent.ConcurrentHashMap@45acc2bf
      referenceQueue = class java.lang.ref.ReferenceQueue@2582854
      parent = null
      locale = class java.util.Locale@67064ee8
      name = "javax.servlet.LocalStrings"
      expired = false
      cacheKey = class java.util.ResourceBundle$CacheKey@5e030d76
      keySet = null
      providers = null
      $assertionsDisabled = true
    config = null
  _filtersDefined = true
  logger = class com.ibm.ws.logging.internal.WsLogger@2b9c8052
    tc = class com.ibm.websphere.ras.TraceComponent@265b947d
      strings[0] = "TraceComponent[com.ibm.ws.logging.internal.WsLogger,class com.ibm.ws.logging.internal.WsLogger,[logging],com.ibm.ws.logging.internal.resources.LoggingMessages,null]"
    ivCachedResourceBundleName = null
    ivCachedResourceBundle = null
    ivComponent = null
    ivOrganization = null
    ivProduct = null
    ivMinimumLocalizationLevelIntValue = 625
    ivTC = class com.ibm.websphere.ras.TraceComponent@7d7a5bae
      strings[0] = "TraceComponent[com.ibm.ws.webcontainer.filter,class com.ibm.wsspi.webcontainer.logging.LoggerFactory$1,[com.ibm.ws.webcontainer.filter],null,null]"
    loggerRegistrationComponent = class java.lang.ThreadLocal@20e0e8ee
      threadLocalHashCode = -739633145
      nextHashCode = class java.util.concurrent.atomic.AtomicInteger@4137d9b6
      HASH_INCREMENT = 1640531527
    emptyHandlers = class java.util.logging.Handler[0]
    offValue = 2147483647
    SYSTEM_LOGGER_RB_NAME = "sun.util.logging.resources.logging"
    SYSTEM_BUNDLE = class java.util.logging.Logger$LoggerBundle@9e56b83
      resourceBundleName = "sun.util.logging.resources.logging"
      userBundle = null
    NO_RESOURCE_BUNDLE = class java.util.logging.Logger$LoggerBundle@3f87e1d5
      resourceBundleName = null
      userBundle = null
    manager = class com.ibm.ws.kernel.boot.logging.WsLogManager@1887d953
      CLASS_NAME = "com.ibm.ws.kernel.boot.logging.WsLogManager"
      CONFIGURE_BY_SERVER_PROPERTY_NAME = "java.util.logging.configureByServer"
      CONFIGURE_BY_LOGGING_PROPERTIES_FILE = "java.util.logging.configureByLoggingPropertiesFile"
      configureByServer = true
      configureByLoggingProperties = false
      wsLogger = class java.lang.reflect.Constructor@1b016b97
      resetEnabled = true
      svBinaryLoggingEnable = false
      manager = class com.ibm.ws.kernel.boot.logging.WsLogManager@1887d953
      props = class java.util.Properties@10ab7b7d
      defaultLevel = class java.util.logging.Level@5daa5052
      listenerMap = class java.util.HashMap@4a32d94e
      systemContext = class java.util.logging.LogManager$SystemLoggerContext@5aff5e4c
      userContext = class java.util.logging.LogManager$LoggerContext@26eab5f8
      rootLogger = class java.util.logging.LogManager$RootLogger@3f0618f1
      readPrimordialConfiguration = true
      initializedGlobalHandlers = true
      deathImminent = false
      initializedCalled = true
      initializationDone = true
      contextsMap = null
      loggerRefQueue = class java.lang.ref.ReferenceQueue@6dd152cb
      MAX_ITERATIONS = 400
      controlPermission = class java.util.logging.LoggingPermission@31f50e96
      loggingMXBean = null
      LOGGING_MXBEAN_NAME = "java.util.logging:type=Logging"
      $assertionsDisabled = true
    name = "com.ibm.ws.webcontainer.filter"
    handlers = class java.util.concurrent.CopyOnWriteArrayList@37a377f0
      serialVersionUID = 8673264195747942595
      lock = class java.util.concurrent.locks.ReentrantLock@51dec1f8
      array = class java.lang.Object[0]
      UNSAFE = class sun.misc.Unsafe@457ec729
      lockOffset = 12
    loggerBundle = class java.util.logging.Logger$LoggerBundle@677357f5
      resourceBundleName = "com.ibm.ws.webcontainer.resources.Messages"
      userBundle = null
    useParentHandlers = true
    filter = null
    anonymous = false
    catalog = class com.ibm.ws.webcontainer.resources.Messages@d10fa97
      resources = class [Ljava.lang.Object;[338]
      lookup = class java.util.HashMap@34771bad
      INITIAL_CACHE_SIZE = 32
      NONEXISTENT_BUNDLE = class java.util.ResourceBundle$1@3d609b8d
      cacheList = class java.util.concurrent.ConcurrentHashMap@45acc2bf
      referenceQueue = class java.lang.ref.ReferenceQueue@2582854
      parent = null
      locale = class java.util.Locale@67064ee8
      name = "com.ibm.ws.webcontainer.resources.Messages"
      expired = false
      cacheKey = class java.util.ResourceBundle$CacheKey@44350628
      keySet = null
      providers = null
      $assertionsDisabled = true
    catalogName = "com.ibm.ws.webcontainer.resources.Messages"
    catalogLocale = class java.util.Locale@2bfbe727
      LOCALECACHE = class java.util.Locale$Cache@68b8106
      ENGLISH = class java.util.Locale@4a090654
      FRENCH = class java.util.Locale@2abc7efe
      GERMAN = class java.util.Locale@4f259996
      ITALIAN = class java.util.Locale@15fcb2c5
      JAPANESE = class java.util.Locale@17c53d88
      KOREAN = class java.util.Locale@5e47ea00
      CHINESE = class java.util.Locale@3d4d2177
      SIMPLIFIED_CHINESE = class java.util.Locale@4d57c681
      TRADITIONAL_CHINESE = class java.util.Locale@73c08bde
      FRANCE = class java.util.Locale@12b6784c
      GERMANY = class java.util.Locale@4624a5f4
      ITALY = class java.util.Locale@3534107f
      JAPAN = class java.util.Locale@42dde37c
      KOREA = class java.util.Locale@63089773
      CHINA = class java.util.Locale@4d57c681
      PRC = class java.util.Locale@4d57c681
      TAIWAN = class java.util.Locale@73c08bde
      UK = class java.util.Locale@e095e3
      US = class java.util.Locale@2bfbe727
      CANADA = class java.util.Locale@1542da68
      CANADA_FRENCH = class java.util.Locale@38a90dbf
      ROOT = class java.util.Locale@67064ee8
      PRIVATE_USE_EXTENSION = x
      UNICODE_LOCALE_EXTENSION = u
      serialVersionUID = 9149081749638150636
      DISPLAY_LANGUAGE = 0
      DISPLAY_COUNTRY = 1
      DISPLAY_VARIANT = 2
      DISPLAY_SCRIPT = 3
      baseLocale = class sun.util.locale.BaseLocale@1f3da6d6
      localeExtensions = null
      hashCodeValue = 96636889
      defaultLocale = class java.util.Locale@2bfbe727
      defaultDisplayLocale = null
      defaultFormatLocale = class java.util.Locale@2bfbe727
      languageTag = "en-US"
      serialPersistentFields = class java.io.ObjectStreamField[6]
      isoLanguages = null
      isoCountries = null
      $assertionsDisabled = true
    treeLock = class java.lang.Object@13e4f144
    parent = class com.ibm.ws.logging.internal.WsLogger@5764cc6b
      tc = class com.ibm.websphere.ras.TraceComponent@265b947d
      ivCachedResourceBundleName = "com.ibm.ws.webcontainer.resources.Messages"
      ivCachedResourceBundle = class com.ibm.ws.webcontainer.resources.Messages@d10fa97
      ivComponent = null
      ivOrganization = null
      ivProduct = null
      ivMinimumLocalizationLevelIntValue = 625
      ivTC = class com.ibm.websphere.ras.TraceComponent@63c96749
      loggerRegistrationComponent = class java.lang.ThreadLocal@20e0e8ee
      emptyHandlers = class java.util.logging.Handler[0]
      offValue = 2147483647
      SYSTEM_LOGGER_RB_NAME = "sun.util.logging.resources.logging"
      SYSTEM_BUNDLE = class java.util.logging.Logger$LoggerBundle@9e56b83
      NO_RESOURCE_BUNDLE = class java.util.logging.Logger$LoggerBundle@3f87e1d5
      manager = class com.ibm.ws.kernel.boot.logging.WsLogManager@1887d953
      name = "com.ibm.ws.webcontainer"
      handlers = class java.util.concurrent.CopyOnWriteArrayList@58b8409d
      loggerBundle = class java.util.logging.Logger$LoggerBundle@38d12053
      useParentHandlers = true
      filter = null
      anonymous = false
      catalog = class com.ibm.ws.webcontainer.resources.Messages@d10fa97
      catalogName = "com.ibm.ws.webcontainer.resources.Messages"
      catalogLocale = class java.util.Locale@2bfbe727
      treeLock = class java.lang.Object@13e4f144
      parent = class java.util.logging.Logger@652e1df5
      kids = class java.util.ArrayList@1a2b828f
      levelObject = class java.util.logging.Level@5daa5052
      levelValue = 800
      callersClassLoaderRef = class java.lang.ref.WeakReference@8d85ff
      isSystemLogger = false
      GLOBAL_LOGGER_NAME = "global"
      global = class java.util.logging.Logger@28f01739
      $assertionsDisabled = true
    kids = null
    levelObject = class java.util.logging.Level@5daa5052
      defaultBundle = "sun.util.logging.resources.logging"
      name = "INFO"
      value = 800
      resourceBundleName = "sun.util.logging.resources.logging"
      localizedLevelName = "INFO"
      cachedLocale = class java.util.Locale@2bfbe727
      OFF = class java.util.logging.Level@304a681f
      SEVERE = class java.util.logging.Level@49201628
      WARNING = class java.util.logging.Level@16f699a3
      INFO = class java.util.logging.Level@5daa5052
      CONFIG = class java.util.logging.Level@156abec
      FINE = class java.util.logging.Level@623f2149
      FINER = class java.util.logging.Level@2be7fa70
      FINEST = class java.util.logging.Level@9fe552e
      ALL = class java.util.logging.Level@3dc38636
      serialVersionUID = -8176160795706313070
    levelValue = 800
    callersClassLoaderRef = class java.lang.ref.WeakReference@1b2fd374
      referent = class org.eclipse.osgi.internal.loader.EquinoxClassLoader@5e176c6f
      queue = class java.lang.ref.ReferenceQueue$Null@77dbca8
      next = null
      discovered = null
      lock = class java.lang.ref.Reference$Lock@106a377f
      pending = null
    isSystemLogger = false
    GLOBAL_LOGGER_NAME = "global"
    global = class java.util.logging.Logger@28f01739
      emptyHandlers = class java.util.logging.Handler[0]
      offValue = 2147483647
      SYSTEM_LOGGER_RB_NAME = "sun.util.logging.resources.logging"
      SYSTEM_BUNDLE = class java.util.logging.Logger$LoggerBundle@9e56b83
      NO_RESOURCE_BUNDLE = class java.util.logging.Logger$LoggerBundle@3f87e1d5
      manager = class com.ibm.ws.kernel.boot.logging.WsLogManager@1887d953
      name = "global"
      handlers = class java.util.concurrent.CopyOnWriteArrayList@72d2fdc5
      loggerBundle = class java.util.logging.Logger$LoggerBundle@3f87e1d5
      useParentHandlers = true
      filter = null
      anonymous = false
      catalog = null
      catalogName = null
      catalogLocale = null
      treeLock = class java.lang.Object@13e4f144
      parent = class java.util.logging.LogManager$RootLogger@3f0618f1
      kids = null
      levelObject = null
      levelValue = 800
      callersClassLoaderRef = null
      isSystemLogger = true
      GLOBAL_LOGGER_NAME = "global"
      global = class java.util.logging.Logger@28f01739
      $assertionsDisabled = true
    $assertionsDisabled = true
  CLASS_NAME = "com.ibm.ws.webcontainer.filter.WebAppFilterChain"
  webapp = class com.ibm.ws.webcontainer31.osgi.webapp.WebApp31@e7ea108
    tc = class com.ibm.websphere.ras.TraceComponent@500b7bcb
      strings[0] = "TraceComponent[com.ibm.ws.webcontainer31.osgi.webapp.WebApp31,class com.ibm.ws.webcontainer31.osgi.webapp.WebApp31,[webcontainer],com.ibm.ws.webcontainer31.resources.Messages,null]"
    CLASS_NAME = "com.ibm.ws.webcontainer31.osgi.webapp.WebApp31"
    servlet31NLS = class com.ibm.ejs.ras.TraceNLS@21ddfbbc
      resolver = class com.ibm.ws.logging.internal.TraceNLSResolver@4e09d90e
      finder = class com.ibm.ws.logging.internal.StackFinder@7ce2836b
      ivBundleName = "com.ibm.ws.webcontainer31.resources.Messages"
      caller = class java.lang.Class@9d31a52
    validListenerClasses = class java.lang.Class[7]
      Class[0] = class java.lang.Class@486a6349
      Class[1] = class java.lang.Class@1cdf3c25
      Class[2] = class java.lang.Class@615022e5
      Class[3] = class java.lang.Class@3bc39c86
      Class[4] = class java.lang.Class@2028d09c
      Class[5] = class java.lang.Class@45f3fea8
      Class[6] = class java.lang.Class@79146bb2
    wsocServHandler = class com.ibm.ws.wsoc.external.WsocHandlerImpl@25e213cc
      tc = class com.ibm.websphere.ras.TraceComponent@4d557edd
      noMoreAddsCalled = true
      serialVersionUID = -2067291126638824067
    tc = class com.ibm.websphere.ras.TraceComponent@45caa8b4
      strings[0] = "TraceComponent[com.ibm.ws.webcontainer.osgi.webapp.WebApp,class com.ibm.ws.webcontainer.osgi.webapp.WebApp,[webcontainer],com.ibm.ws.webcontainer.resources.LShimMessages,null]"
    CLASS_NAME = "com.ibm.ws.webcontainer.osgi.webapp.WebApp"
    metaDataService = class com.ibm.ws.container.service.metadata.internal.MetaDataServiceImpl@7abc8191
      applicationMetaDataManager = class com.ibm.ws.container.service.metadata.internal.ApplicationMetaDataManager@769a22ca
      moduleMetaDataManager = class com.ibm.ws.container.service.metadata.internal.ModuleMetaDataManager@19eeabed
      componentMetaDataManager = class com.ibm.ws.container.service.metadata.internal.ComponentMetaDataManager@525cae25
      methodMetaDataManager = class com.ibm.ws.container.service.metadata.internal.MethodMetaDataManager@2c2003b7
      appModuleNameToModuleContainer = class java.util.concurrent.ConcurrentHashMap@b0be88b
      jeeNameToComponentMetaData = class java.util.concurrent.ConcurrentHashMap@67569bc4
      deferredMetaDataFactories = class com.ibm.wsspi.kernel.service.utils.ConcurrentServiceReferenceSet@50cc2c8d
      deferredMetaDataInitializers = class com.ibm.wsspi.kernel.service.utils.ConcurrentServiceReferenceMap@7c5da098
      serialVersionUID = -2494605732980966097
      $$$tc$$$ = class com.ibm.websphere.ras.TraceComponent@6dae88
    namespacePopulated = false
    referenceContext = class com.ibm.ws.injectionengine.osgi.internal.OSGiReferenceContextImpl@27334281
      scopeData = class com.ibm.ws.injectionengine.osgi.internal.OSGiInjectionScopeData@5c576b2b
      serialVersionUID = 521511923892134915
      $$$tc$$$ = class com.ibm.websphere.ras.TraceComponent@3505ed36
      CLASS_NAME = "com.ibm.ws.injectionengine.ReferenceContextImpl"
      tc = class com.ibm.websphere.ras.TraceComponent@7e681acc
      ivInjectionEngine = class com.ibm.ws.injectionengine.osgi.internal.OSGiInjectionEngineImpl@574eb1fb
      ivProviders = class java.util.ArrayList@7e9defd3
      ivComponentJavaContext = null
      ivComponentNameSpace = null
      ivJavaColonCompEnvMap = class java.util.LinkedHashMap@2c2c6a6
      ivEjbContext10 = class java.util.Properties@4d5d3045
      ivResourceRefConfigList = null
      isAlreadyProcessed = true
      ivProcessFailure = null
      ivInjectionTargetMap = class java.util.concurrent.ConcurrentHashMap@6fbe817c
      svInjTarMapCacheSize = 256
      ivDeclaredInjectionTargets = class java.util.HashMap@7e4c082f
      ivProcessedInjectionClasses = class java.util.HashSet@6aaf16b6
      svInjClassMapCacheSize = 512
      ivProcessedInjectionBindings = class java.util.LinkedHashSet@4e54ccbe
      ivAnyProcessDynamic = true
      ivCheckAppConfig = false
    j2eeNameFactory = class com.ibm.ws.container.service.metadata.internal.J2EENameFactoryImpl@7d896d1d
      serialVersionUID = 3486344295038028821
      $$$tc$$$ = class com.ibm.websphere.ras.TraceComponent@28bf6346
    moduleLoader = class com.ibm.ws.classloading.internal.AppClassLoader@54d9d857
      tc = class com.ibm.websphere.ras.TraceComponent@516e4521
      disableSharedClassesCache = false
      PARENT_FIRST_SEARCH_ORDER = class java.util.Collections$UnmodifiableRandomAccessList@76a0affd
      packagesDefined = class java.util.Collections$SetFromMap@754ccd2a
      CLASS_LOADING_TRACE_PREFIX = "com.ibm.ws.class.load."
      DEFAULT_PACKAGE = "default.package"
      perPackageClassLoadingTraceComponents = class java.util.concurrent.ConcurrentHashMap@55c06f21
      config = class com.ibm.ws.classloading.internal.ClassLoaderConfigurationImpl@5c02beb3
      privateLibraries = null
      delegateLoaders = class com.ibm.ws.classloading.internal.util.CompositeIterable@2f2e3d89
      nativeLibraryFiles = class java.util.ArrayList@3c1880db
      transformers = class java.util.ArrayList@6a77591e
      apiAccess = class com.ibm.ws.classloading.internal.GatewayClassLoader@31fed46f
      generator = class com.ibm.ws.classloading.internal.ClassGeneratorManager@234995c5
      protectionDomains = class java.util.concurrent.ConcurrentHashMap@7dd52650
      parent = class com.ibm.ws.classloading.internal.GatewayClassLoader@31fed46f
      hook = null
      serialVersionUID = 8734164900246230615
      tc = class com.ibm.websphere.ras.TraceComponent@76d1ac99
      smartClassPath = class com.ibm.ws.classloading.internal.ContainerClassLoader$SmartClassPathImpl@5336f69
      nativeLibraryContainers = class java.util.ArrayList@55dc6978
      redefiner = class com.ibm.ws.classloading.internal.util.ClassRedefiner@3a5429bb
      jarProtocol = "wsjar:"
      mapCreationQueue = class java.util.concurrent.Executors$FinalizableDelegatedExecutorService@6e677f07
      serialVersionUID = 6399598832433768509
      serialVersionUID = 1837293532091806117
      $$$tc$$$ = class com.ibm.websphere.ras.TraceComponent@6e06d347
      serialVersionUID = -4586727107834513475
      $$$tc$$$ = class com.ibm.websphere.ras.TraceComponent@4c61e899
      serialVersionUID = -7709588811276454856
      $$$tc$$$ = class com.ibm.websphere.ras.TraceComponent@54de3bb3
      initialized = true
      pdcache = class java.util.HashMap@70311d85
      debug = null
      parent = class com.ibm.ws.classloading.internal.GatewayClassLoader@31fed46f
      parallelLockMap = class java.util.concurrent.ConcurrentHashMap@46902d52
      package2certs = class java.util.concurrent.ConcurrentHashMap@5d92cdca
      nocerts = class java.security.cert.Certificate[0]
      classes = class java.util.Vector@8581e38
      defaultDomain = class java.security.ProtectionDomain@707df783
      packages = class java.util.HashMap@3740ae63
      scl = class sun.misc.Launcher$AppClassLoader@18b4aac2
      sclSet = true
      loadedLibraryNames = class java.util.Vector@7c77c9dc
      systemNativeLibraries = class java.util.Vector@3416a1b4
      nativeLibraries = class java.util.Vector@2bc8895a
      nativeLibraryContext = class java.util.Stack@19c909f6
      usr_paths = class java.lang.String[43]
      sys_paths = class java.lang.String[1]
      assertionLock = class java.lang.Object@35c5cbbf
      defaultAssertionStatus = false
      packageAssertionStatus = null
      classAssertionStatus = null
    webAppConfig = class com.ibm.ws.webcontainer.osgi.webapp.WebAppConfiguration@1e16c602
      webModuleMetaData = class com.ibm.ws.webcontainer.osgi.metadata.WebModuleMetaDataImpl@4823fee5
      webComponentMetaData = class com.ibm.ws.webcontainer.osgi.metadata.WebComponentMetaDataImpl@22b707bf
      dVirtualHost = class com.ibm.ws.webcontainer.osgi.DynamicVirtualHost@39394bff
      orderedLibPaths = class java.util.Collections$UnmodifiableRandomAccessList@31918708
      bundleHeaders = null
      cdiEnabled = false
      CLASS_NAME = "com.ibm.ws.webcontainer.webapp.WebAppConfiguration"
      logger = class com.ibm.ws.logging.internal.WsLogger@4d267dfd
      tc = class com.ibm.websphere.ras.TraceComponent@13b1bfbc
      nls = class com.ibm.ejs.ras.TraceNLS@5a0e37bc
      version = 30
      contextRoot = "/BackEnd"
      isDefaultContextRootUsed = false
      sessionTimeout = 0
      moduleSessionTimeoutSet = false
      moduleSessionTrackingModeSet = false
      sessionCookieConfig = class com.ibm.ws.session.SessionCookieConfigImpl@d8d2ece
      hasProgrammaticCookieConfig = false
      sessionDefaultTrackingModeSet = class java.util.RegularEnumSet@179d4a3f
      sessionManagerConfig = class com.ibm.ws.session.SessionManagerConfig@ea53bf3
      displayName = "BackEnd"
      description = null
      reloadInterval = 0
      distributable = false
      denyUncoveredHttpMethods = false
      reloadingEnabled = false
      serveServletsByClassnameEnabled = false
      defaultErrorPage = null
      additionalClassPath = null
      fileServingEnabled = null
      directoryBrowsingEnabled = false
      autoRequestEncoding = false
      autoResponseEncoding = false
      autoLoadFilters = false
      requestListeners = null
      requestAttributeListeners = null
      sessionListeners = null
      localeMap = null
      moduleName = "BackEnd"
      j2eeModuleName = "BackEnd.war"
      moduleId = null
      isSyncToThreadEnabled = false
      encodeDispatchedRequestURI = false
      isSystemApp = false
      ardEnabled = false
      ardDispatchType = null
      listeners = class java.util.ArrayList@25bd5e4c
      welcomeFileList = class java.util.ArrayList@41a2ef6b
      servletMappings = class java.util.HashMap@3c9399d2
      lastIndexBeforeDeclaredFilters = 1
      filterMappings = class java.util.ArrayList@1bce5710
      servletInfo = class java.util.concurrent.ConcurrentHashMap@54ce351b
      filterInfo = class java.util.HashMap@241415e
      mimeMappings = class java.util.HashMap@223c05cd
      mimeFilters = null
      isMimeFilteringEnabled = false
      theWebGroup = null
      jspAttributes = class java.util.HashMap@4ba3b04d
      fileServingAttributes = class java.util.HashMap@6e6032cf
      invokerAttributes = class java.util.HashMap@66a3d5ec
      contextParams = class java.util.HashMap@24f3a698
      virtualHost = "default_host"
      exceptionErrorPages = class java.util.HashMap@72845b93
      codeErrorPages = class java.util.HashMap@1d9de946
      tagLibList = null
      precompileJsps = false
      webApp = class com.ibm.ws.webcontainer31.osgi.webapp.WebApp31@e7ea108
      virtualHostList = class java.util.Collections$EmptyList@65e943ac
      appStartupWeight = 0
      moduleStartupWeight = 0
      metaDataComplete = false
      classesToScan = class java.util.ArrayList@5c97feef
      uriFilterMappingInfos = class java.util.ArrayList@c9f6e2d
      servletFilterMappingInfos = null
      dynamicServletRegistrationMap = null
      applicationName = "BackEnd"
      libBinPathList = class java.util.ArrayList@7e3a6121
      webXmlDefinedListeners = class java.util.HashSet@5161b969
      allRefs = class java.util.EnumMap@32e2452c
      allRefBindings = class java.util.EnumMap@45fbab5b
      envEntryValues = class java.util.HashMap@6865e9ac
      resourceRefConfigList = null
      disallowAllFileServingProp = "false"
      disallowServeServletsByClassnameProp = "true"
      disableStaticMappingCache = false
      jspCachedLocations = class java.util.HashMap@3413bf38
      primedSTSHeader = "NoValue"
      enablemultireadofpostdata = false
      requestEncoding = null
      responseEncoding = null
      NULLSERVLETNAME = "com.ibm.ws.webcontainer.NullServletName"
      _id = "WebAppGeneratedId1"
      _attributes = null
      serialVersionUID = 7511545662945734886
      $$$tc$$$ = class com.ibm.websphere.ras.TraceComponent@7ca6f193
    extensionProcessingDisabled = false
    managedObjectService = class com.ibm.ws.cdi.impl.managedobject.CDIManagedObjectService@48c06d13
      cdiServiceRef = class com.ibm.wsspi.kernel.service.utils.AtomicServiceReference@4e98a160
      defaultMOSRef = class com.ibm.wsspi.kernel.service.utils.AtomicServiceReference@33dc0500
      cdiRuntime = class com.ibm.ws.cdi.liberty.CDIRuntimeImpl@586016a5
      serialVersionUID = 6431825704414919683
      $$$tc$$$ = class com.ibm.websphere.ras.TraceComponent@ab680c1
    internalServletMetaData = interface com.ibm.wsspi.webcontainer.metadata.WebComponentMetaData[2]
      WebComponentMetaData[0] = null
      WebComponentMetaData[1] = null
    loginProcessor = null
    logoutProcessor = null
    collabHelper = class com.ibm.ws.webcontainer.osgi.collaborator.CollaboratorHelperImpl@30140890
    envObject = class com.ibm.ws.util.WSThreadLocal@533c0e7e
      tc = class com.ibm.ejs.ras.TraceComponent@381d15d1
      count = 9
      index = 4
      SUSPECTED_MISUSAGE_THRESHOLD = 200
      threadLocalHashCode = -1864596690
      nextHashCode = class java.util.concurrent.atomic.AtomicInteger@4137d9b6
      HASH_INCREMENT = 1640531527
    orderedLibPaths = class java.util.Collections$UnmodifiableRandomAccessList@31918708
      serialVersionUID = -2542308836966382001
      serialVersionUID = -283967356065247728
      list = class java.util.ArrayList@2ab3595a
      serialVersionUID = 1820017752578914078
      c = class java.util.ArrayList@2ab3595a
    perm = class com.ibm.websphere.security.WebSphereRuntimePermission@4c28fb1c
      serialVersionUID = -3306242789188168337
      $$$tc$$$ = class com.ibm.websphere.ras.TraceComponent@2286305a
      serialVersionUID = 6279438298436773498
      wildcard = false
      path = "accessServletContext"
      exitVM = false
      serialVersionUID = -5636570222231596674
      name = "accessServletContext"
    WELCOME_FILE_LIST = "com.ibm.ws.webcontainer.config.WelcomeFileList"
    DIR_BROWSING_MAPPING = "__dirBrowsing__1596761963141"
    FILTER_PROXY_MAPPING = "/__filterProxy__1596761963141"
    logger = class com.ibm.ws.logging.internal.WsLogger@4d267dfd
      tc = class com.ibm.websphere.ras.TraceComponent@265b947d
      ivCachedResourceBundleName = null
      ivCachedResourceBundle = null
      ivComponent = null
      ivOrganization = null
      ivProduct = null
      ivMinimumLocalizationLevelIntValue = 625
      ivTC = class com.ibm.websphere.ras.TraceComponent@7072acb4
      loggerRegistrationComponent = class java.lang.ThreadLocal@20e0e8ee
      emptyHandlers = class java.util.logging.Handler[0]
      offValue = 2147483647
      SYSTEM_LOGGER_RB_NAME = "sun.util.logging.resources.logging"
      SYSTEM_BUNDLE = class java.util.logging.Logger$LoggerBundle@9e56b83
      NO_RESOURCE_BUNDLE = class java.util.logging.Logger$LoggerBundle@3f87e1d5
      manager = class com.ibm.ws.kernel.boot.logging.WsLogManager@1887d953
      name = "com.ibm.ws.webcontainer.webapp"
      handlers = class java.util.concurrent.CopyOnWriteArrayList@1cd66771
      loggerBundle = class java.util.logging.Logger$LoggerBundle@4c0019ca
      useParentHandlers = true
      filter = null
      anonymous = false
      catalog = class com.ibm.ws.webcontainer.resources.Messages@d10fa97
      catalogName = "com.ibm.ws.webcontainer.resources.Messages"
      catalogLocale = class java.util.Locale@2bfbe727
      treeLock = class java.lang.Object@13e4f144
      parent = class com.ibm.ws.logging.internal.WsLogger@5764cc6b
      kids = null
      levelObject = class java.util.logging.Level@5daa5052
      levelValue = 800
      callersClassLoaderRef = class java.lang.ref.WeakReference@5e37dc4f
      isSystemLogger = false
      GLOBAL_LOGGER_NAME = "global"
      global = class java.util.logging.Logger@28f01739
      $assertionsDisabled = true
    CLASS_NAME = "com.ibm.ws.webcontainer.webapp.WebApp"
    loader = class com.ibm.ws.classloading.internal.ThreadContextClassLoader@77736c96
      tc = class com.ibm.websphere.ras.TraceComponent@48554515
      bundle = class java.util.concurrent.atomic.AtomicReference@18e47fd3
      key = "WebModule:BackEnd#BackEnd.war"
      refCount = class java.util.concurrent.atomic.AtomicInteger@68d05d85
      appLoader = class com.ibm.ws.classloading.internal.AppClassLoader@54d9d857
      clSvc = class com.ibm.ws.classloading.internal.ClassLoadingServiceImpl@1aa94d5f
      serialVersionUID = 846416563800781557
      tc = class com.ibm.websphere.ras.TraceComponent@3b6b35fa
      followOnClassLoaders = class java.util.ArrayList@324d8dda
      serialVersionUID = 8829649920524275888
      serialVersionUID = -4586727107834513475
      $$$tc$$$ = class com.ibm.websphere.ras.TraceComponent@4c61e899
      serialVersionUID = -7709588811276454856
      $$$tc$$$ = class com.ibm.websphere.ras.TraceComponent@54de3bb3
      initialized = true
      pdcache = class java.util.HashMap@9ec66a7
      debug = null
      parent = class com.ibm.ws.classloading.internal.GatewayClassLoader@6023200b
      parallelLockMap = class java.util.concurrent.ConcurrentHashMap@633a2e6a
      package2certs = class java.util.concurrent.ConcurrentHashMap@33a944e7
      nocerts = class java.security.cert.Certificate[0]
      classes = class java.util.Vector@6d542c15
      defaultDomain = class java.security.ProtectionDomain@7e7a646
      packages = class java.util.HashMap@359c91ae
      scl = class sun.misc.Launcher$AppClassLoader@18b4aac2
      sclSet = true
      loadedLibraryNames = class java.util.Vector@7c77c9dc
      systemNativeLibraries = class java.util.Vector@3416a1b4
      nativeLibraries = class java.util.Vector@4ceb6586
      nativeLibraryContext = class java.util.Stack@19c909f6
      usr_paths = class java.lang.String[43]
      sys_paths = class java.lang.String[1]
      assertionLock = class java.lang.Object@13cc8a
      defaultAssertionStatus = false
      packageAssertionStatus = null
      classAssertionStatus = null
    facade = class com.ibm.ws.webcontainer31.facade.ServletContextFacade31@4ebf0b50
      context = class com.ibm.ws.webcontainer31.osgi.webapp.WebApp31@e7ea108
    features = class java.util.ArrayList@7e5ad5d9
      serialVersionUID = 8683452581122892189
      DEFAULT_CAPACITY = 10
      EMPTY_ELEMENTDATA = class java.lang.Object[0]
      DEFAULTCAPACITY_EMPTY_ELEMENTDATA = class java.lang.Object[0]
      elementData = class java.lang.Object[0]
      size = 0
      MAX_ARRAY_SIZE = 2147483639
      modCount = 0
      MAX_ARRAY_SIZE = 2147483639
    applicationName = "BackEnd"
    config = class com.ibm.ws.webcontainer.osgi.webapp.WebAppConfiguration@1e16c602
    securityEnabledForApp = true
    webExtensionProcessor = class com.ibm.ws.webcontainer.osgi.extension.WebExtensionProcessor@43cea4dd
      webApp = class com.ibm.ws.webcontainer31.osgi.webapp.WebApp31@e7ea108
      extensionContext = class com.ibm.ws.webcontainer31.osgi.webapp.WebApp31@e7ea108
    production = true
    isServlet23 = true
    contextPath = "/BackEnd"
    internalServletList = class [Ljava.lang.String;[2]
      String[][0] = class java.lang.String[2]
      String[][1] = class java.lang.String[2]
    BY_NAME_ONLY = "/_1596761963141_/"
    filterManager = class com.ibm.ws.webcontainer.osgi.filter.WebAppFilterManagerImpl@360212cd
      _filterWrappers = class java.util.Hashtable@33bb85ca
      chainCache = class java.util.Collections$SynchronizedMap@3c75c2dc
      forwardChainCache = class java.util.Collections$SynchronizedMap@13808a7c
      includeChainCache = class java.util.Collections$SynchronizedMap@56178c4c
      errorChainCache = class java.util.Collections$SynchronizedMap@39edc691
      _filtersDefined = true
      FMI_MAPPING_SINGLE_SLASH = 0
      FMI_MAPPING_PATH_MATCH = 1
      FMI_MAPPING_EXTENSION_MATCH = 2
      FMI_MAPPING_EXACT_MATCH = 3
      logger = class com.ibm.ws.logging.internal.WsLogger@2b9c8052
      CLASS_NAME = "com.ibm.ws.webcontainer.filter.WebAppFilterManager"
      nls = class com.ibm.ejs.ras.TraceNLS@3cd83c37
      webAppConfig = class com.ibm.ws.webcontainer.osgi.webapp.WebAppConfiguration@1e16c602
      webApp = class com.ibm.ws.webcontainer31.osgi.webapp.WebApp31@e7ea108
      collabHelper = class com.ibm.ws.webcontainer.osgi.collaborator.CollaboratorHelperImpl@30140890
      secCollab = class com.ibm.ws.webcontainer.security.WebAppSecurityCollaboratorImpl@3339ebbc
      sessionSecurityIntegrationEnabled = true
      assumeFilterSuccessOnSecurityError = false
      useOriginalRequestState = false
      _evtSource = class com.ibm.ws.webcontainer.webapp.WebAppEventSource@686e0aa8
      defaultComponentMetaData = class com.ibm.ws.webcontainer.osgi.metadata.WebComponentMetaDataImpl@22b707bf
      DEFER_SERVLET_REQUEST_LISTENER_DESTROY_ON_ERROR = false
    documentRoot = null
    SERVLET_API_VERSION = "Servlet 2.5"
    disableServletAuditLogging = -1
    serverInfo = "IBM WebSphere Liberty/20.0.0.8"
    sessionCtx = class com.ibm.ws.webcontainer31.session.impl.HttpSessionContext31Impl@1edefdc9
      methodClassName = "HttpSessionContextImpl"
      _smc = class com.ibm.ws.session.SessionManagerConfig@ea53bf3
      sessionStoreService = null
      _sap = class com.ibm.ws.session.SessionApplicationParameters@363cd310
      _coreHttpSessionManager = class com.ibm.ws.session.SessionManager@63bf612d
      _coreHttpAppSessionManager = null
      _sam = class com.ibm.ws.webcontainer.session.impl.SessionAffinityManagerImpl@1e027155
      isSIPApplication = false
      sessionAttributeListener = false
      sessionListener = true
      mHttpSessionAttributeListeners = class java.util.ArrayList@4b8c2b77
      mHttpSessionListeners = class java.util.ArrayList@1bf8c545
      mHttpSessionIdListeners = class java.util.ArrayList@3d6791e
      mHttpSessionAttributeListenersJ2eeNames = class java.util.ArrayList@e5338e8
      mHttpSessionListenersJ2eeNames = class java.util.ArrayList@242e6dc6
      mHttpSessionIdListenersJ2eeNames = class java.util.ArrayList@792156eb
      mLocalHost = null
      _refCount = 1
      currentThreadSacHashtable = null
      methodClassName = "SessionContext"
      ANONYMOUS_USER = "anonymous"
      wasHttpSessionObserver = class com.ibm.ws.session.WasHttpSessionObserver@490fde58
      wasHttpSessionAttributeObserver = null
      _invalidator = class com.ibm.ws.session.SessionInvalidatorWithThreadPool@5e8c2be9
      _storer = class com.ibm.ws.session.EOSSessionStorer@99b2da3
      wasHttpAppSessionObserver = null
      mHttpAppSessionListeners = null
      cmvcInfo = "CMVC Version 1.9 6/24/07 11:12:24"
      _loggedVersion = true
      CREATE_CORE_SESSION_MANAGER = 0
      GET_REQUESTED_SESSION_ID = 1
      GET_IHTTP_SESSION = 2
      SESSION_PRE_INVOKE = 3
      SESSION_POST_INVOKE = 4
      STOP = 5
      STOP_LISTENERS = 6
      IS_VALID = 7
      ENCODE_URL = 8
      SHOULD_ENCODE_URL = 9
      IS_PROTOCOL_SWITCH = 10
      GET_LOCAL_HOST = 11
      ADD_HTTP_SESSION_ATTRIBUTE_LISTENER = 12
      ADD_HTTP_SESSION_LISTENER = 13
      GET_SESSION_AFFINITY_CONTEXT = 14
      CHECK_SECURITY = 15
      INVALIDATE = 16
      CHECK_SESSSIONID_IS_RIGHT_LENGTH = 17
      LOCK_SESSION = 18
      UNLOCK_SESSION = 19
      ADD_HTTP_SESSION_ID_LISTENER = 20
      methodNames = class java.lang.String[21]
    eventSource = class com.ibm.ws.webcontainer.webapp.WebAppEventSource@686e0aa8
    nls = class com.ibm.ejs.ras.TraceNLS@28805a83
      resolver = class com.ibm.ws.logging.internal.TraceNLSResolver@4e09d90e
      finder = class com.ibm.ws.logging.internal.StackFinder@7ce2836b
      ivBundleName = "com.ibm.ws.webcontainer.resources.Messages"
      caller = class java.lang.Class@608c2064
    liberty_nls = class com.ibm.ejs.ras.TraceNLS@4a6a887f
      resolver = class com.ibm.ws.logging.internal.TraceNLSResolver@4e09d90e
      finder = class com.ibm.ws.logging.internal.StackFinder@7ce2836b
      ivBundleName = "com.ibm.ws.webcontainer.resources.LShimMessages"
      caller = class java.lang.Class@608c2064
    error_nls = class com.ibm.ejs.ras.TraceNLS@6cd87f85
      resolver = class com.ibm.ws.logging.internal.TraceNLSResolver@4e09d90e
      finder = class com.ibm.ws.logging.internal.StackFinder@7ce2836b
      ivBundleName = "com.ibm.ws.webcontainer.resources.ErrorPage"
      caller = class java.lang.Class@608c2064
    sessionListeners = class java.util.ArrayList@501e762
      serialVersionUID = 8683452581122892189
      DEFAULT_CAPACITY = 10
      EMPTY_ELEMENTDATA = class java.lang.Object[0]
      DEFAULTCAPACITY_EMPTY_ELEMENTDATA = class java.lang.Object[0]
      elementData = class java.lang.Object[10]
      size = 1
      MAX_ARRAY_SIZE = 2147483639
      modCount = 2
      MAX_ARRAY_SIZE = 2147483639
    sessionIdListeners = class java.util.ArrayList@2ffff103
      serialVersionUID = 8683452581122892189
      DEFAULT_CAPACITY = 10
      EMPTY_ELEMENTDATA = class java.lang.Object[0]
      DEFAULTCAPACITY_EMPTY_ELEMENTDATA = class java.lang.Object[0]
      elementData = class java.lang.Object[0]
      size = 0
      MAX_ARRAY_SIZE = 2147483639
      modCount = 0
      MAX_ARRAY_SIZE = 2147483639
    sessionAttrListeners = class java.util.ArrayList@3148bdf3
      serialVersionUID = 8683452581122892189
      DEFAULT_CAPACITY = 10
      EMPTY_ELEMENTDATA = class java.lang.Object[0]
      DEFAULTCAPACITY_EMPTY_ELEMENTDATA = class java.lang.Object[0]
      elementData = class java.lang.Object[0]
      size = 0
      MAX_ARRAY_SIZE = 2147483639
      modCount = 1
      MAX_ARRAY_SIZE = 2147483639
    addedSessionListeners = class java.util.ArrayList@1e43c808
      serialVersionUID = 8683452581122892189
      DEFAULT_CAPACITY = 10
      EMPTY_ELEMENTDATA = class java.lang.Object[0]
      DEFAULTCAPACITY_EMPTY_ELEMENTDATA = class java.lang.Object[0]
      elementData = class java.lang.Object[0]
      size = 0
      MAX_ARRAY_SIZE = 2147483639
      modCount = 0
      MAX_ARRAY_SIZE = 2147483639
    addedSessionAttrListeners = class java.util.ArrayList@14730655
      serialVersionUID = 8683452581122892189
      DEFAULT_CAPACITY = 10
      EMPTY_ELEMENTDATA = class java.lang.Object[0]
      DEFAULTCAPACITY_EMPTY_ELEMENTDATA = class java.lang.Object[0]
      elementData = class java.lang.Object[0]
      size = 0
      MAX_ARRAY_SIZE = 2147483639
      modCount = 0
      MAX_ARRAY_SIZE = 2147483639
    servletContextListeners = class java.util.ArrayList@44549a31
      serialVersionUID = 8683452581122892189
      DEFAULT_CAPACITY = 10
      EMPTY_ELEMENTDATA = class java.lang.Object[0]
      DEFAULTCAPACITY_EMPTY_ELEMENTDATA = class java.lang.Object[0]
      elementData = class java.lang.Object[10]
      size = 4
      MAX_ARRAY_SIZE = 2147483639
      modCount = 5
      MAX_ARRAY_SIZE = 2147483639
    servletContextLAttrListeners = class java.util.ArrayList@3087106d
      serialVersionUID = 8683452581122892189
      DEFAULT_CAPACITY = 10
      EMPTY_ELEMENTDATA = class java.lang.Object[0]
      DEFAULTCAPACITY_EMPTY_ELEMENTDATA = class java.lang.Object[0]
      elementData = class java.lang.Object[0]
      size = 0
      MAX_ARRAY_SIZE = 2147483639
      modCount = 1
      MAX_ARRAY_SIZE = 2147483639
    servletRequestListeners = class java.util.ArrayList@30849dfd
      serialVersionUID = 8683452581122892189
      DEFAULT_CAPACITY = 10
      EMPTY_ELEMENTDATA = class java.lang.Object[0]
      DEFAULTCAPACITY_EMPTY_ELEMENTDATA = class java.lang.Object[0]
      elementData = class java.lang.Object[0]
      size = 0
      MAX_ARRAY_SIZE = 2147483639
      modCount = 1
      MAX_ARRAY_SIZE = 2147483639
    servletRequestLAttrListeners = class java.util.ArrayList@3c497416
      serialVersionUID = 8683452581122892189
      DEFAULT_CAPACITY = 10
      EMPTY_ELEMENTDATA = class java.lang.Object[0]
      DEFAULTCAPACITY_EMPTY_ELEMENTDATA = class java.lang.Object[0]
      elementData = class java.lang.Object[0]
      size = 0
      MAX_ARRAY_SIZE = 2147483639
      modCount = 1
      MAX_ARRAY_SIZE = 2147483639
    prependSlashToResource = false
    destroyed = false
    webAppNameSpaceCollab = class com.ibm.ws.webcontainer.osgi.collaborator.WebAppNameSpaceCollaboratorImpl@4b22b36f
    txCollab = class com.ibm.ws.transaction.services.WebAppTransactionCollaboratorImpl@5301dbe9
    sessionActivationListeners = class java.util.ArrayList@5c2cf4bc
      serialVersionUID = 8683452581122892189
      DEFAULT_CAPACITY = 10
      EMPTY_ELEMENTDATA = class java.lang.Object[0]
      DEFAULTCAPACITY_EMPTY_ELEMENTDATA = class java.lang.Object[0]
      elementData = class java.lang.Object[0]
      size = 0
      MAX_ARRAY_SIZE = 2147483639
      modCount = 1
      MAX_ARRAY_SIZE = 2147483639
    sessionBindingListeners = class java.util.ArrayList@5420832c
      serialVersionUID = 8683452581122892189
      DEFAULT_CAPACITY = 10
      EMPTY_ELEMENTDATA = class java.lang.Object[0]
      DEFAULTCAPACITY_EMPTY_ELEMENTDATA = class java.lang.Object[0]
      elementData = class java.lang.Object[0]
      size = 0
      MAX_ARRAY_SIZE = 2147483639
      modCount = 1
      MAX_ARRAY_SIZE = 2147483639
    scratchdir = null
    jspClassLoaderLimit = 0
    jspClassLoaderExclusionList = null
    jspClassLoadersMap = null
    jspClassLoaderLimitTrackIF = false
    defaultExtProc = null
    directoryBrowsingServlet = null
    cdiContexts = class java.util.concurrent.ConcurrentHashMap@405f9720
      serialVersionUID = 7249069246763182397
      MAXIMUM_CAPACITY = 1073741824
      DEFAULT_CAPACITY = 16
      MAX_ARRAY_SIZE = 2147483639
      DEFAULT_CONCURRENCY_LEVEL = 16
      LOAD_FACTOR = 0.75
      TREEIFY_THRESHOLD = 8
      UNTREEIFY_THRESHOLD = 6
      MIN_TREEIFY_CAPACITY = 64
      MIN_TRANSFER_STRIDE = 16
      RESIZE_STAMP_BITS = 16
      MAX_RESIZERS = 65535
      RESIZE_STAMP_SHIFT = 16
      MOVED = -1
      TREEBIN = -2
      RESERVED = -3
      HASH_BITS = 2147483647
      NCPU = 8
      serialPersistentFields = class java.io.ObjectStreamField[3]
      table = null
      nextTable = null
      baseCount = 0
      sizeCtl = 0
      transferIndex = 0
      cellsBusy = 0
      counterCells = null
      keySet = null
      values = null
      entrySet = null
      U = class sun.misc.Unsafe@457ec729
      SIZECTL = 20
      TRANSFERINDEX = 32
      BASECOUNT = 24
      CELLSBUSY = 36
      CELLVALUE = 144
      ABASE = 16
      ASHIFT = 2
      keySet = null
      values = null
    moduleConfig = class com.ibm.ws.webcontainer.osgi.container.DeployedModule@3741b2f9
      tc = class com.ibm.websphere.ras.TraceComponent@7ac9472d
      loader = class com.ibm.ws.classloading.internal.ThreadContextClassLoader@77736c96
      webApp = class com.ibm.ws.webcontainer31.osgi.webapp.WebApp31@e7ea108
      webAppConfig = class com.ibm.ws.webcontainer.osgi.webapp.WebAppConfiguration@1e16c602
      contextRootAdded = class com.ibm.ws.threading.internal.NonCancelableResultFuture@4b696689
      properContextRoot = "/BackEnd"
      mappingContextRoot = "/BackEnd/*"
      initTaskCount = class java.util.concurrent.atomic.AtomicInteger@59e1d3f4
      initTasksDoneListener = class com.ibm.ws.webcontainer.osgi.WebContainer$2@31b8c54a
      serialVersionUID = -2104814060051592457
      $$$tc$$$ = class com.ibm.websphere.ras.TraceComponent@69219e68
    extensionFactories = class java.util.ArrayList@cf339b9
      serialVersionUID = 8683452581122892189
      DEFAULT_CAPACITY = 10
      EMPTY_ELEMENTDATA = class java.lang.Object[0]
      DEFAULTCAPACITY_EMPTY_ELEMENTDATA = class java.lang.Object[0]
      elementData = class java.lang.Object[10]
      size = 6
      MAX_ARRAY_SIZE = 2147483639
      modCount = 6
      MAX_ARRAY_SIZE = 2147483639
    initialized = true
    lock = class com.ibm.ws.webcontainer.webapp.WebApp$1@5c9af2e8
      this$0 = class com.ibm.ws.webcontainer31.osgi.webapp.WebApp31@e7ea108
    afterServletContextCreated = false
    redirectContextRoot = false
    errorExceptionTypeFirst = false
    initFilterBeforeServletInit = false
    SET_400_SC_ON_TOO_MANY_PARENT_DIRS = false
    sortedServletConfigs = class java.util.ArrayList@60c098cc
      serialVersionUID = 8683452581122892189
      DEFAULT_CAPACITY = 10
      EMPTY_ELEMENTDATA = class java.lang.Object[0]
      DEFAULTCAPACITY_EMPTY_ELEMENTDATA = class java.lang.Object[0]
      elementData = class java.lang.Object[10]
      size = 1
      MAX_ARRAY_SIZE = 2147483639
      modCount = 1
      MAX_ARRAY_SIZE = 2147483639
    effectiveMajorVersion = 3
    effectiveMinorVersion = 0
    canAddServletContextListener = true
    withinContextInitOfProgAddListener = false
    lastProgAddListenerInitialized = "com.ibm.ws.cache.CacheServiceImpl"
    webInfLibClassloader = null
    metaInfCache = class com.ibm.ws.webcontainer.webapp.WebApp$2@5aac3857
      this$0 = class com.ibm.ws.webcontainer31.osgi.webapp.WebApp31@e7ea108
      serialVersionUID = 3801124242820219131
      head = null
      tail = null
      accessOrder = true
      serialVersionUID = 362498820763181265
      DEFAULT_INITIAL_CAPACITY = 16
      MAXIMUM_CAPACITY = 1073741824
      DEFAULT_LOAD_FACTOR = 0.75
      TREEIFY_THRESHOLD = 8
      UNTREEIFY_THRESHOLD = 6
      MIN_TREEIFY_CAPACITY = 64
      table = null
      entrySet = null
      size = 0
      modCount = 0
      threshold = 32
      loadFactor = 1.0
      keySet = null
      values = null
    useMetaInfCache = true
    SUN_CONFIGURE_LISTENER_CLASSNAME = "com.sun.faces.config.ConfigureListener"
    MYFACES_LIFECYCLE_LISTENER_CLASSNAME = "org.apache.myfaces.webapp.StartupServletContextListener"
    JSF_IMPL_ENABLED_PARAM = "com.ibm.ws.jsf.JSF_IMPL_ENABLED"
    JSF_IMPL_ENABLED_CUSTOM = "Custom"
    JSF_IMPL_ENABLED_NONE = "None"
    staticDocRoot = class com.ibm.ws.webcontainer.util.DocumentRootUtils@4f87ec4a
      logger = class com.ibm.ws.logging.internal.WsLogger@2595dfc4
      CLASS_NAME = "com.ibm.ws.webcontainer.util.DocumentRootUtils"
      useContentLength = false
      matchedFile = null
      matchedZipFile = null
      matchedEntry = null
      matchedURL = null
      edrRoot = null
      pfedrRoot = null
      ctxt = class com.ibm.ws.webcontainer31.osgi.webapp.WebApp31@e7ea108
      baseDir = null
      edr = null
      pfedr = null
      metaInfRes = null
      searchpfEDR = false
      searchEDR = false
      searchMetaInfRes = true
      matchFromEDR = false
      matchFromMetaInfRes = false
      matchIsADirectory = false
      appConfig = class com.ibm.ws.webcontainer.osgi.webapp.WebAppConfiguration@1e16c602
      attributeType = "staticFile"
      STATIC_FILE = "staticFile"
      JSP = "jsp"
      PFEDR = "preFragmentExtendedDocumentRoot"
      EDR = "extendedDocumentRoot"
    jspDocRoot = class com.ibm.ws.webcontainer.util.DocumentRootUtils@44814ae0
      logger = class com.ibm.ws.logging.internal.WsLogger@2595dfc4
      CLASS_NAME = "com.ibm.ws.webcontainer.util.DocumentRootUtils"
      useContentLength = false
      matchedFile = null
      matchedZipFile = null
      matchedEntry = null
      matchedURL = null
      edrRoot = null
      pfedrRoot = null
      ctxt = class com.ibm.ws.webcontainer31.osgi.webapp.WebApp31@e7ea108
      baseDir = null
      edr = null
      pfedr = null
      metaInfRes = null
      searchpfEDR = false
      searchEDR = false
      searchMetaInfRes = true
      matchFromEDR = false
      matchFromMetaInfRes = false
      matchIsADirectory = false
      appConfig = class com.ibm.ws.webcontainer.osgi.webapp.WebAppConfiguration@1e16c602
      attributeType = "jsp"
      STATIC_FILE = "staticFile"
      JSP = "jsp"
      PFEDR = "preFragmentExtendedDocumentRoot"
      EDR = "extendedDocumentRoot"
    container = class com.ibm.ws.adaptable.module.internal.AdaptableContainerImpl@36e7b508
      root = class com.ibm.ws.adaptable.module.internal.AdaptableContainerImpl@36e7b508
      rootOverlay = class com.ibm.ws.artifact.overlay.internal.DirectoryBasedOverlayContainerImpl@3ef8c68f
      factoryHolder = class com.ibm.ws.adaptable.module.internal.AdaptableModuleFactoryImpl@6537f515
      delegate = class com.ibm.ws.artifact.overlay.internal.DirectoryBasedOverlayContainerImpl@3ef8c68f
      notifier = class com.ibm.ws.adaptable.module.internal.NotifierImpl@3709c355
      serialVersionUID = -5950528200509051684
      $$$tc$$$ = class com.ibm.websphere.ras.TraceComponent@6bd236d0
    metaInfResourceFinder = class com.ibm.ws.webcontainer.util.MetaInfResourceFinder@20e3ac44
      jarResourceContainers = class java.util.ArrayList@11273b61
      container = class com.ibm.ws.adaptable.module.internal.AdaptableContainerImpl@36e7b508
    postConstructMethods = class com.ibm.ws.webcontainer.webapp.WebApp$AnnotatedMethods@1b36568f
      annotationClass = class java.lang.Class@1c372d32
      noOpClassNames = class java.util.HashSet@34110e73
      annotatedMethodNames = class java.util.concurrent.ConcurrentHashMap@63b81576
      EMPTY_METHODS = class java.lang.reflect.Method[0]
    preDestroyMethods = class com.ibm.ws.webcontainer.webapp.WebApp$AnnotatedMethods@6b230c1f
      annotationClass = class java.lang.Class@3f6bcc92
      noOpClassNames = class java.util.HashSet@133607f
      annotatedMethodNames = class java.util.concurrent.ConcurrentHashMap@4f24b04c
      EMPTY_METHODS = class java.lang.reflect.Method[0]
    OBJ_EMPTY = class java.lang.Object[0]
    CLASS_EMPTY = class java.lang.Class[0]
    DEFAULT_JSP_EXTENSIONS = class java.util.ArrayList@253b8dd1
      serialVersionUID = 8683452581122892189
      DEFAULT_CAPACITY = 10
      EMPTY_ELEMENTDATA = class java.lang.Object[0]
      DEFAULTCAPACITY_EMPTY_ELEMENTDATA = class java.lang.Object[0]
      elementData = class java.lang.Object[10]
      size = 4
      MAX_ARRAY_SIZE = 2147483639
      modCount = 4
      MAX_ARRAY_SIZE = 2147483639
    DEFER_SERVLET_REQUEST_LISTENER_DESTROY_ON_ERROR = false
    DO_ACCEPT_PARTIAL = true
    DO_NOT_ACCEPT_PARTIAL = false
    DO_ACCEPT_EXCLUDED = true
    DO_NOT_ACCEPT_EXCLUDED = false
    commands = class java.util.ArrayList@312c3b1f
      serialVersionUID = 8683452581122892189
      DEFAULT_CAPACITY = 10
      EMPTY_ELEMENTDATA = class java.lang.Object[0]
      DEFAULTCAPACITY_EMPTY_ELEMENTDATA = class java.lang.Object[0]
      elementData = class java.lang.Object[3]
      size = 0
      MAX_ARRAY_SIZE = 2147483639
      modCount = 0
      MAX_ARRAY_SIZE = 2147483639
    requestMapper = class com.ibm.wsspi.webcontainer.util.URIMapper@429c8ad1
      matcher = class com.ibm.wsspi.webcontainer.util.URIMatcher@56ede02e
    parent = class com.ibm.ws.webcontainer.osgi.webapp.WebGroup@3b30c256
      tc = class com.ibm.websphere.ras.TraceComponent@34dd4a57
      logger = class com.ibm.ws.logging.internal.WsLogger@4d267dfd
      CLASS_NAME = "com.ibm.ws.webcontainer.webapp.WebGroup"
      sessUrlRewritePrefix = ";jsessionid="
      qMark = "?"
      config = class com.ibm.ws.webcontainer.osgi.webapp.WebGroupConfiguration@6702eb79
      webApp = class com.ibm.ws.webcontainer31.osgi.webapp.WebApp31@e7ea108
      commands = class java.util.ArrayList@7499fc12
      requestMapper = null
      parent = class com.ibm.ws.webcontainer.osgi.DynamicVirtualHost@39394bff
      name = "/BackEnd/*"
      isAlive = true
      subElements = class java.util.HashMap@f991448
      attributes = null
      config = null
      serialVersionUID = -8271459000149267764
      $$$tc$$$ = class com.ibm.websphere.ras.TraceComponent@14fc1cd3
    name = "BackEnd"
    isAlive = true
    subElements = null
    attributes = class java.util.concurrent.ConcurrentHashMap@4f12b7d0
      serialVersionUID = 7249069246763182397
      MAXIMUM_CAPACITY = 1073741824
      DEFAULT_CAPACITY = 16
      MAX_ARRAY_SIZE = 2147483639
      DEFAULT_CONCURRENCY_LEVEL = 16
      LOAD_FACTOR = 0.75
      TREEIFY_THRESHOLD = 8
      UNTREEIFY_THRESHOLD = 6
      MIN_TREEIFY_CAPACITY = 64
      MIN_TRANSFER_STRIDE = 16
      RESIZE_STAMP_BITS = 16
      MAX_RESIZERS = 65535
      RESIZE_STAMP_SHIFT = 16
      MOVED = -1
      TREEBIN = -2
      RESERVED = -3
      HASH_BITS = 2147483647
      NCPU = 8
      serialPersistentFields = class java.io.ObjectStreamField[3]
      table = class java.util.concurrent.ConcurrentHashMap$Node[32]
      nextTable = null
      baseCount = 17
      sizeCtl = 24
      transferIndex = 0
      cellsBusy = 0
      counterCells = null
      keySet = null
      values = null
      entrySet = null
      U = class sun.misc.Unsafe@457ec729
      SIZECTL = 20
      TRANSFERINDEX = 32
      BASECOUNT = 24
      CELLSBUSY = 36
      CELLVALUE = 144
      ABASE = 16
      ASHIFT = 2
      keySet = null
      values = null
    config = null
    serialVersionUID = -8271459000149267764
    $$$tc$$$ = class com.ibm.websphere.ras.TraceComponent@14fc1cd3
      strings[0] = "TraceComponent[com.ibm.ws.container.AbstractContainer,class com.ibm.ws.container.AbstractContainer,[],null,null]"

