------Start of DE processing------ = [8/13/20 23:36:08:084 CST]
Exception = javax.servlet.ServletException
Source = com.ibm.ws.webcontainer.filter.WebAppFilterChain.doFilter
probeid = 82
Stack Dump = javax.servlet.ServletException: org.codehaus.jackson.map.JsonMappingException: Can not deserialize instance of java.util.ArrayList out of START_OBJECT token
 at [Source: org.apache.cxf.transport.http.AbstractHTTPDestination$1@6070b649; line: 1, column: 1]
	at com.ibm.ws.jaxrs20.endpoint.AbstractJaxRsWebEndpoint.invoke(AbstractJaxRsWebEndpoint.java:143)
	at com.ibm.websphere.jaxrs.server.IBMRestServlet.handleRequest(IBMRestServlet.java:146)
	at com.ibm.websphere.jaxrs.server.IBMRestServlet.doDelete(IBMRestServlet.java:131)
	at javax.servlet.http.HttpServlet.service(HttpServlet.java:713)
	at com.ibm.websphere.jaxrs.server.IBMRestServlet.service(IBMRestServlet.java:96)
	at com.ibm.ws.webcontainer.servlet.ServletWrapper.service(ServletWrapper.java:1230)
	at com.ibm.ws.webcontainer.servlet.ServletWrapper.handleRequest(ServletWrapper.java:729)
	at com.ibm.ws.webcontainer.servlet.ServletWrapper.handleRequest(ServletWrapper.java:426)
	at com.ibm.ws.webcontainer.filter.WebAppFilterChain.invokeTarget(WebAppFilterChain.java:182)
	at com.ibm.ws.webcontainer.filter.WebAppFilterChain.doFilter(WebAppFilterChain.java:93)
	at com.ibm.ws.security.jaspi.JaspiServletFilter.doFilter(JaspiServletFilter.java:56)
	at com.ibm.ws.webcontainer.filter.FilterInstanceWrapper.doFilter(FilterInstanceWrapper.java:201)
	at com.ibm.ws.webcontainer.filter.WebAppFilterChain.doFilter(WebAppFilterChain.java:90)
	at com.ibm.ws.webcontainer.filter.WebAppFilterManager.doFilter(WebAppFilterManager.java:1001)
	at com.ibm.ws.webcontainer.filter.WebAppFilterManager.invokeFilters(WebAppFilterManager.java:1139)
	at com.ibm.ws.webcontainer.filter.WebAppFilterManager.invokeFilters(WebAppFilterManager.java:1010)
	at com.ibm.ws.webcontainer.servlet.CacheServletWrapper.handleRequest(CacheServletWrapper.java:75)
	at com.ibm.ws.webcontainer.WebContainer.handleRequest(WebContainer.java:936)
	at com.ibm.ws.webcontainer.osgi.DynamicVirtualHost$2.run(DynamicVirtualHost.java:279)
	at com.ibm.ws.http.dispatcher.internal.channel.HttpDispatcherLink$TaskWrapper.run(HttpDispatcherLink.java:1134)
	at com.ibm.ws.http.dispatcher.internal.channel.HttpDispatcherLink.wrapHandlerAndExecute(HttpDispatcherLink.java:415)
	at com.ibm.ws.http.dispatcher.internal.channel.HttpDispatcherLink.ready(HttpDispatcherLink.java:374)
	at com.ibm.ws.http.channel.internal.inbound.HttpInboundLink.handleDiscrimination(HttpInboundLink.java:577)
	at com.ibm.ws.http.channel.internal.inbound.HttpInboundLink.handleNewRequest(HttpInboundLink.java:511)
	at com.ibm.ws.http.channel.internal.inbound.HttpInboundLink.processRequest(HttpInboundLink.java:359)
	at com.ibm.ws.http.channel.internal.inbound.HttpICLReadCallback.complete(HttpICLReadCallback.java:70)
	at com.ibm.ws.tcpchannel.internal.WorkQueueManager.requestComplete(WorkQueueManager.java:504)
	at com.ibm.ws.tcpchannel.internal.WorkQueueManager.attemptIO(WorkQueueManager.java:574)
	at com.ibm.ws.tcpchannel.internal.WorkQueueManager.workerRun(WorkQueueManager.java:958)
	at com.ibm.ws.tcpchannel.internal.WorkQueueManager$Worker.run(WorkQueueManager.java:1047)
	at com.ibm.ws.threading.internal.ExecutorServiceImpl$RunnableWrapper.run(ExecutorServiceImpl.java:239)
	at java.util.concurrent.ThreadPoolExecutor.runWorker(Unknown Source)
	at java.util.concurrent.ThreadPoolExecutor$Worker.run(Unknown Source)
	at java.lang.Thread.run(Unknown Source)
Caused by: org.codehaus.jackson.map.JsonMappingException: Can not deserialize instance of java.util.ArrayList out of START_OBJECT token
 at [Source: org.apache.cxf.transport.http.AbstractHTTPDestination$1@6070b649; line: 1, column: 1]
	at org.codehaus.jackson.map.JsonMappingException.from(JsonMappingException.java:163)
	at org.codehaus.jackson.map.deser.StdDeserializationContext.mappingException(StdDeserializationContext.java:219)
	at org.codehaus.jackson.map.deser.StdDeserializationContext.mappingException(StdDeserializationContext.java:212)
	at org.codehaus.jackson.map.deser.std.StringCollectionDeserializer.handleNonArray(StringCollectionDeserializer.java:210)
	at org.codehaus.jackson.map.deser.std.StringCollectionDeserializer.deserialize(StringCollectionDeserializer.java:156)
	at org.codehaus.jackson.map.deser.std.StringCollectionDeserializer.deserialize(StringCollectionDeserializer.java:146)
	at org.codehaus.jackson.map.deser.std.StringCollectionDeserializer.deserialize(StringCollectionDeserializer.java:18)
	at org.codehaus.jackson.map.ObjectMapper._readValue(ObjectMapper.java:2704)
	at org.codehaus.jackson.map.ObjectMapper.readValue(ObjectMapper.java:1315)
	at org.codehaus.jackson.jaxrs.JacksonJsonProvider.readFrom(JacksonJsonProvider.java:419)
	at org.apache.cxf.jaxrs.utils.JAXRSUtils$2.run(JAXRSUtils.java:1484)
	at java.security.AccessController.doPrivileged(Native Method)
	at org.apache.cxf.jaxrs.utils.JAXRSUtils.readFromMessageBodyReader(JAXRSUtils.java:1481)
	at org.apache.cxf.jaxrs.utils.JAXRSUtils.readFromMessageBody(JAXRSUtils.java:1430)
	at org.apache.cxf.jaxrs.utils.JAXRSUtils.processParameter(JAXRSUtils.java:955)
	at org.apache.cxf.jaxrs.utils.JAXRSUtils.processParameters(JAXRSUtils.java:902)
	at org.apache.cxf.jaxrs.interceptor.JAXRSInInterceptor.processRequest(JAXRSInInterceptor.java:292)
	at org.apache.cxf.jaxrs.interceptor.JAXRSInInterceptor.handleMessage(JAXRSInInterceptor.java:91)
	at org.apache.cxf.phase.PhaseInterceptorChain.doIntercept(PhaseInterceptorChain.java:309)
	at org.apache.cxf.transport.ChainInitiationObserver.onMessage(ChainInitiationObserver.java:124)
	at org.apache.cxf.transport.http.AbstractHTTPDestination.invoke(AbstractHTTPDestination.java:271)
	at com.ibm.ws.jaxrs20.endpoint.AbstractJaxRsWebEndpoint.invoke(AbstractJaxRsWebEndpoint.java:136)
	... 33 more

Dump of callerThis
Object type = com.ibm.ws.webcontainer.filter.WebAppFilterChain
  _filters = class java.util.ArrayList@440494db
    serialVersionUID = 8683452581122892189
    DEFAULT_CAPACITY = 10
    EMPTY_ELEMENTDATA = class java.lang.Object[0]
    DEFAULTCAPACITY_EMPTY_ELEMENTDATA = class java.lang.Object[0]
    elementData = class java.lang.Object[5]
      Object[0] = class com.ibm.ws.webcontainer.filter.FilterInstanceWrapper@3c6c111c
      Object[1] = null
      Object[2] = null
      Object[3] = null
      Object[4] = null
    size = 1
    MAX_ARRAY_SIZE = 2147483639
    modCount = 1
    MAX_ARRAY_SIZE = 2147483639
  _currentFilterIndex = 1
  _numberOfFilters = 1
  requestProcessor = class com.ibm.ws.webcontainer.osgi.servlet.ServletWrapper@3b4ef896
    serialVersionUID = 1
    _mo = null
    serialVersionUID = -4479626085298397598
    notifyInvocationListeners = false
    UNINITIALIZED_STATE = -1
    AVAILABLE_STATE = 0
    UNAVAILABLE_STATE = 1
    UNAVAILABLE_PERMANENTLY_STATE = 2
    collabHelper = class com.ibm.ws.webcontainer.osgi.collaborator.CollaboratorHelperImpl@4af09ee0
    nServicing = class java.util.concurrent.atomic.AtomicInteger@5c97ef67
      serialVersionUID = 6214790243416807050
      unsafe = class sun.misc.Unsafe@4fe1bdc0
      valueOffset = 12
      value = 0
      serialVersionUID = -8742448824652078965
    lastAccessTime = 1597383357545
    state = 0
    logger = class com.ibm.ws.logging.internal.WsLogger@74e00f9c
      tc = class com.ibm.websphere.ras.TraceComponent@22d608de
      ivCachedResourceBundleName = "com.ibm.ws.webcontainer.resources.Messages"
      ivCachedResourceBundle = class com.ibm.ws.webcontainer.resources.Messages@23a7776f
      ivComponent = null
      ivOrganization = null
      ivProduct = null
      ivMinimumLocalizationLevelIntValue = 625
      ivTC = class com.ibm.websphere.ras.TraceComponent@1f9a3f50
      loggerRegistrationComponent = class java.lang.ThreadLocal@4bed97d9
      emptyHandlers = class java.util.logging.Handler[0]
      offValue = 2147483647
      SYSTEM_LOGGER_RB_NAME = "sun.util.logging.resources.logging"
      SYSTEM_BUNDLE = class java.util.logging.Logger$LoggerBundle@2a0a912c
      NO_RESOURCE_BUNDLE = class java.util.logging.Logger$LoggerBundle@52f7c8ad
      manager = class com.ibm.ws.kernel.boot.logging.WsLogManager@7583de75
      name = "com.ibm.ws.webcontainer.servlet"
      handlers = class java.util.concurrent.CopyOnWriteArrayList@4e5730f8
      loggerBundle = class java.util.logging.Logger$LoggerBundle@14c12e3
      useParentHandlers = true
      filter = null
      anonymous = false
      catalog = class com.ibm.ws.webcontainer.resources.Messages@23a7776f
      catalogName = "com.ibm.ws.webcontainer.resources.Messages"
      catalogLocale = class java.util.Locale@2146d8bf
      treeLock = class java.lang.Object@4addda94
      parent = class com.ibm.ws.logging.internal.WsLogger@31dd39de
      kids = null
      levelObject = class java.util.logging.Level@5f90fd91
      levelValue = 800
      callersClassLoaderRef = class java.lang.ref.WeakReference@29592c85
      isSystemLogger = false
      GLOBAL_LOGGER_NAME = "global"
      global = class java.util.logging.Logger@6c292f12
      $assertionsDisabled = true
    CLASS_NAME = "com.ibm.ws.webcontainer.servlet.ServletWrapper"
    nls = class com.ibm.ejs.ras.TraceNLS@3b1de951
      resolver = class com.ibm.ws.logging.internal.TraceNLSResolver@aba29eb
      finder = class com.ibm.ws.logging.internal.StackFinder@1c6c0749
      ivBundleName = "com.ibm.ws.webcontainer.resources.Messages"
      caller = class java.lang.Class@7a10d7cb
    servletConfig = class com.ibm.ws.webcontainer.servlet.ServletConfig@56908a91
      logger = class com.ibm.ws.logging.internal.WsLogger@74e00f9c
      CLASS_NAME = "com.ibm.ws.webcontainer.servlet.ServletConfig"
      nls = class com.ibm.ejs.ras.TraceNLS@695689a
      liberty_nls = class com.ibm.ejs.ras.TraceNLS@405c2bd2
      enabled = true
      servletName = "cr.ac.tec.apis.RestAPI"
      className = null
      mappings = class java.util.ArrayList@625afc4a
      startUpWeight = null
      DEFAULT_STARTUP = -1
      isCachingEnabled = true
      isStatisticsEnabled = true
      isInternal = false
      metaData = class com.ibm.ws.webcontainer.osgi.metadata.WebComponentMetaDataImpl@3f342623
      singleThreadModelServlet = false
      isJsp = false
      webAppConfig = class com.ibm.ws.webcontainer.osgi.webapp.WebAppConfiguration@16329372
      servletWrapper = class com.ibm.ws.webcontainer.osgi.servlet.ServletWrapper@3b4ef896
      servletClass = class java.lang.Class@1a6d5696
      servlet = class com.ibm.websphere.jaxrs.server.IBMRestServlet@2fe0513d
      addedToLoadOnStartup = true
      previousWeight = null
      multipartConfig = null
      multipartConfigBaseLocation = null
      runAsRole = null
      servletSecurityElement = null
      declareRolesAnnotation = null
      logger = class com.ibm.ws.logging.internal.WsLogger@74e00f9c
      CLASS_NAME = "com.ibm.ws.webcontainer.servlet.TargetConfig"
      initParams = null
      fileName = null
      displayName = null
      name = "cr.ac.tec.apis.RestAPI"
      description = null
      smallIcon = null
      largeIcon = null
      context = class com.ibm.ws.webcontainer31.facade.ServletContextFacade31@618d29d7
      className = null
      asyncSupported = true
      _id = "cr.ac.tec.apis.RestAPI"
      _attributes = null
      serialVersionUID = 7511545662945734886
      $$$tc$$$ = class com.ibm.websphere.ras.TraceComponent@5eb1d31f
    context = class com.ibm.ws.webcontainer31.osgi.webapp.WebApp31@77052911
    target = class com.ibm.websphere.jaxrs.server.IBMRestServlet@2fe0513d
      serialVersionUID = -6835560282014155024
      KNOWN_HTTP_VERBS = class java.util.Arrays$ArrayList@7375cd2a
      HTML_CONTENT_TYPE = "text/html"
      endpoint = class com.ibm.ws.jaxrs20.server.JaxRsWebEndpointImpl@74016add
      collaborator = class com.ibm.ws.webcontainer.osgi.collaborator.WebAppNameSpaceCollaboratorImpl@70783d8
      providerFactoryService = class com.ibm.ws.jaxrs20.component.JaxRsProviderFactory@61bd5f1b
      $$$tc$$$ = class com.ibm.websphere.ras.TraceComponent@3ed1168d
      METHOD_DELETE = "DELETE"
      METHOD_HEAD = "HEAD"
      METHOD_GET = "GET"
      METHOD_OPTIONS = "OPTIONS"
      METHOD_POST = "POST"
      METHOD_PUT = "PUT"
      METHOD_TRACE = "TRACE"
      HEADER_IFMODSINCE = "If-Modified-Since"
      HEADER_LASTMOD = "Last-Modified"
      LSTRING_FILE = "javax.servlet.http.LocalStrings"
      lStrings = class java.util.PropertyResourceBundle@5c386f5c
      LSTRING_FILE = "javax.servlet.LocalStrings"
      lStrings = class java.util.PropertyResourceBundle@1f42b7c0
      config = class com.ibm.ws.webcontainer.servlet.ServletConfig@56908a91
    cacheWrappers = class java.util.ArrayList@47cfcf76
      serialVersionUID = 8683452581122892189
      DEFAULT_CAPACITY = 10
      EMPTY_ELEMENTDATA = class java.lang.Object[0]
      DEFAULTCAPACITY_EMPTY_ELEMENTDATA = class java.lang.Object[0]
      elementData = class java.lang.Object[10]
      size = 4
      MAX_ARRAY_SIZE = 2147483639
      modCount = 4
      MAX_ARRAY_SIZE = 2147483639
    targetLoader = null
    evtSource = class com.ibm.ws.webcontainer.webapp.WebAppEventSource@9865ef1
    event = class com.ibm.websphere.servlet.event.ServletEvent@6a096471
      serialVersionUID = 3906650803920713522
      _servletName = "cr.ac.tec.apis.RestAPI"
      _servletClassName = "com.ibm.websphere.jaxrs.server.IBMRestServlet"
      $$$tc$$$ = class com.ibm.websphere.ras.TraceComponent@5320d234
      serialVersionUID = 3546927969739289392
      _context = class com.ibm.ws.webcontainer31.facade.ServletContextFacade31@618d29d7
      _servletNames = class com.ibm.ws.webcontainer.util.EmptyEnumeration@3d7cf4f
      $$$tc$$$ = class com.ibm.websphere.ras.TraceComponent@653a2a24
      serialVersionUID = 5516075349620653480
      source = class com.ibm.ws.webcontainer.osgi.servlet.ServletWrapper@3b4ef896
    unavailableMessage = null
    unavailableUntil = -1
    isSTM = false
    internalServlet = false
    webAppInvocationCollaborators = null
    platformHelper = class com.ibm.ws.webcontainer.PlatformHelper@3e8a5f00
    webAppNameSpaceCollab = class com.ibm.ws.webcontainer.osgi.collaborator.WebAppNameSpaceCollaboratorImpl@70783d8
    txCollab = class com.ibm.ws.transaction.services.WebAppTransactionCollaboratorImpl@3c4d341f
    suppressServletExceptionLogging = false
    throwExceptionEnum = class java.util.RegularEnumSet@1d46e50b
      serialVersionUID = 3411599620347842686
      elements = 256
      elementType = class java.lang.Class@2efdfc26
      universe = class com.ibm.wsspi.webcontainer.collaborator.CollaboratorInvocationEnum[9]
      ZERO_LENGTH_ENUM_ARRAY = class java.lang.Enum[0]
      MAX_ARRAY_SIZE = 2147483639
    discernUnavailableServlet = false
    reInitServletonInitUnavailableException = true
    destroyServletonServiceUnavailableException = false
    servlet23 = true
    PARAMS_HEAD_TRACE = class java.lang.Class[2]
      Class[0] = class java.lang.Class@7a34846f
      Class[1] = class java.lang.Class@36524c5c
    defaultHeadMethodInUse = false
    defaultTraceMethodInUse = false
    checkedForDefaultMethods = null
    defaultTraceRequestBehavior = false
    defaultHeadRequestBehavior = false
    useOriginalRequestState = false
    warningStatusSet = false
    LSTRING_FILE = "javax.servlet.LocalStrings"
    lStrings = class java.util.PropertyResourceBundle@1f42b7c0
      lookup = class java.util.HashMap@73fbaa9e
      INITIAL_CACHE_SIZE = 32
      NONEXISTENT_BUNDLE = class java.util.ResourceBundle$1@2f2e126f
      cacheList = class java.util.concurrent.ConcurrentHashMap@1e4f421a
      referenceQueue = class java.lang.ref.ReferenceQueue@66f19381
      parent = null
      locale = class java.util.Locale@621bac79
      name = "javax.servlet.LocalStrings"
      expired = false
      cacheKey = class java.util.ResourceBundle$CacheKey@400770aa
      keySet = null
      providers = null
      $assertionsDisabled = true
    config = null
  _filtersDefined = true
  logger = class com.ibm.ws.logging.internal.WsLogger@14f51fd3
    tc = class com.ibm.websphere.ras.TraceComponent@22d608de
      strings[0] = "TraceComponent[com.ibm.ws.logging.internal.WsLogger,class com.ibm.ws.logging.internal.WsLogger,[logging],com.ibm.ws.logging.internal.resources.LoggingMessages,null]"
    ivCachedResourceBundleName = null
    ivCachedResourceBundle = null
    ivComponent = null
    ivOrganization = null
    ivProduct = null
    ivMinimumLocalizationLevelIntValue = 625
    ivTC = class com.ibm.websphere.ras.TraceComponent@3d82762c
      strings[0] = "TraceComponent[com.ibm.ws.webcontainer.filter,class com.ibm.wsspi.webcontainer.logging.LoggerFactory$1,[com.ibm.ws.webcontainer.filter],null,null]"
    loggerRegistrationComponent = class java.lang.ThreadLocal@4bed97d9
      threadLocalHashCode = -739633145
      nextHashCode = class java.util.concurrent.atomic.AtomicInteger@2dfa0d9
      HASH_INCREMENT = 1640531527
    emptyHandlers = class java.util.logging.Handler[0]
    offValue = 2147483647
    SYSTEM_LOGGER_RB_NAME = "sun.util.logging.resources.logging"
    SYSTEM_BUNDLE = class java.util.logging.Logger$LoggerBundle@2a0a912c
      resourceBundleName = "sun.util.logging.resources.logging"
      userBundle = null
    NO_RESOURCE_BUNDLE = class java.util.logging.Logger$LoggerBundle@52f7c8ad
      resourceBundleName = null
      userBundle = null
    manager = class com.ibm.ws.kernel.boot.logging.WsLogManager@7583de75
      CLASS_NAME = "com.ibm.ws.kernel.boot.logging.WsLogManager"
      CONFIGURE_BY_SERVER_PROPERTY_NAME = "java.util.logging.configureByServer"
      CONFIGURE_BY_LOGGING_PROPERTIES_FILE = "java.util.logging.configureByLoggingPropertiesFile"
      configureByServer = true
      configureByLoggingProperties = false
      wsLogger = class java.lang.reflect.Constructor@43143e39
      resetEnabled = true
      svBinaryLoggingEnable = false
      manager = class com.ibm.ws.kernel.boot.logging.WsLogManager@7583de75
      props = class java.util.Properties@73e53ba9
      defaultLevel = class java.util.logging.Level@5f90fd91
      listenerMap = class java.util.HashMap@34d57e8e
      systemContext = class java.util.logging.LogManager$SystemLoggerContext@56d27bdb
      userContext = class java.util.logging.LogManager$LoggerContext@637820
      rootLogger = class java.util.logging.LogManager$RootLogger@574126da
      readPrimordialConfiguration = true
      initializedGlobalHandlers = true
      deathImminent = false
      initializedCalled = true
      initializationDone = true
      contextsMap = null
      loggerRefQueue = class java.lang.ref.ReferenceQueue@5a8133f6
      MAX_ITERATIONS = 400
      controlPermission = class java.util.logging.LoggingPermission@45bf0726
      loggingMXBean = null
      LOGGING_MXBEAN_NAME = "java.util.logging:type=Logging"
      $assertionsDisabled = true
    name = "com.ibm.ws.webcontainer.filter"
    handlers = class java.util.concurrent.CopyOnWriteArrayList@7083ca2e
      serialVersionUID = 8673264195747942595
      lock = class java.util.concurrent.locks.ReentrantLock@7594131c
      array = class java.lang.Object[0]
      UNSAFE = class sun.misc.Unsafe@4fe1bdc0
      lockOffset = 12
    loggerBundle = class java.util.logging.Logger$LoggerBundle@1c97fea1
      resourceBundleName = "com.ibm.ws.webcontainer.resources.Messages"
      userBundle = null
    useParentHandlers = true
    filter = null
    anonymous = false
    catalog = class com.ibm.ws.webcontainer.resources.Messages@23a7776f
      resources = class [Ljava.lang.Object;[338]
      lookup = class java.util.HashMap@3d05a49d
      INITIAL_CACHE_SIZE = 32
      NONEXISTENT_BUNDLE = class java.util.ResourceBundle$1@2f2e126f
      cacheList = class java.util.concurrent.ConcurrentHashMap@1e4f421a
      referenceQueue = class java.lang.ref.ReferenceQueue@66f19381
      parent = null
      locale = class java.util.Locale@621bac79
      name = "com.ibm.ws.webcontainer.resources.Messages"
      expired = false
      cacheKey = class java.util.ResourceBundle$CacheKey@567f4c5a
      keySet = null
      providers = null
      $assertionsDisabled = true
    catalogName = "com.ibm.ws.webcontainer.resources.Messages"
    catalogLocale = class java.util.Locale@2146d8bf
      LOCALECACHE = class java.util.Locale$Cache@76b0e9
      ENGLISH = class java.util.Locale@1bcf6abf
      FRENCH = class java.util.Locale@4802f4b3
      GERMAN = class java.util.Locale@75b95ca2
      ITALIAN = class java.util.Locale@40fd4b04
      JAPANESE = class java.util.Locale@20074b36
      KOREAN = class java.util.Locale@7f7f84e9
      CHINESE = class java.util.Locale@401c8be8
      SIMPLIFIED_CHINESE = class java.util.Locale@6a135d84
      TRADITIONAL_CHINESE = class java.util.Locale@7057f50b
      FRANCE = class java.util.Locale@730c6f24
      GERMANY = class java.util.Locale@576be966
      ITALY = class java.util.Locale@27646172
      JAPAN = class java.util.Locale@68542738
      KOREA = class java.util.Locale@78311059
      CHINA = class java.util.Locale@6a135d84
      PRC = class java.util.Locale@6a135d84
      TAIWAN = class java.util.Locale@7057f50b
      UK = class java.util.Locale@7019e6e0
      US = class java.util.Locale@2146d8bf
      CANADA = class java.util.Locale@74f27660
      CANADA_FRENCH = class java.util.Locale@3d56e221
      ROOT = class java.util.Locale@621bac79
      PRIVATE_USE_EXTENSION = x
      UNICODE_LOCALE_EXTENSION = u
      serialVersionUID = 9149081749638150636
      DISPLAY_LANGUAGE = 0
      DISPLAY_COUNTRY = 1
      DISPLAY_VARIANT = 2
      DISPLAY_SCRIPT = 3
      baseLocale = class sun.util.locale.BaseLocale@4d158e0a
      localeExtensions = null
      hashCodeValue = 96636889
      defaultLocale = class java.util.Locale@2146d8bf
      defaultDisplayLocale = null
      defaultFormatLocale = class java.util.Locale@2146d8bf
      languageTag = "en-US"
      serialPersistentFields = class java.io.ObjectStreamField[6]
      isoLanguages = null
      isoCountries = null
      $assertionsDisabled = true
    treeLock = class java.lang.Object@4addda94
    parent = class com.ibm.ws.logging.internal.WsLogger@31dd39de
      tc = class com.ibm.websphere.ras.TraceComponent@22d608de
      ivCachedResourceBundleName = "com.ibm.ws.webcontainer.resources.Messages"
      ivCachedResourceBundle = class com.ibm.ws.webcontainer.resources.Messages@23a7776f
      ivComponent = null
      ivOrganization = null
      ivProduct = null
      ivMinimumLocalizationLevelIntValue = 625
      ivTC = class com.ibm.websphere.ras.TraceComponent@3971fe0e
      loggerRegistrationComponent = class java.lang.ThreadLocal@4bed97d9
      emptyHandlers = class java.util.logging.Handler[0]
      offValue = 2147483647
      SYSTEM_LOGGER_RB_NAME = "sun.util.logging.resources.logging"
      SYSTEM_BUNDLE = class java.util.logging.Logger$LoggerBundle@2a0a912c
      NO_RESOURCE_BUNDLE = class java.util.logging.Logger$LoggerBundle@52f7c8ad
      manager = class com.ibm.ws.kernel.boot.logging.WsLogManager@7583de75
      name = "com.ibm.ws.webcontainer"
      handlers = class java.util.concurrent.CopyOnWriteArrayList@1fa8d765
      loggerBundle = class java.util.logging.Logger$LoggerBundle@53aabdd
      useParentHandlers = true
      filter = null
      anonymous = false
      catalog = class com.ibm.ws.webcontainer.resources.Messages@23a7776f
      catalogName = "com.ibm.ws.webcontainer.resources.Messages"
      catalogLocale = class java.util.Locale@2146d8bf
      treeLock = class java.lang.Object@4addda94
      parent = class java.util.logging.Logger@549bbcc8
      kids = class java.util.ArrayList@2b7b15ba
      levelObject = class java.util.logging.Level@5f90fd91
      levelValue = 800
      callersClassLoaderRef = class java.lang.ref.WeakReference@1dc5e6bb
      isSystemLogger = false
      GLOBAL_LOGGER_NAME = "global"
      global = class java.util.logging.Logger@6c292f12
      $assertionsDisabled = true
    kids = null
    levelObject = class java.util.logging.Level@5f90fd91
      defaultBundle = "sun.util.logging.resources.logging"
      name = "INFO"
      value = 800
      resourceBundleName = "sun.util.logging.resources.logging"
      localizedLevelName = "INFO"
      cachedLocale = class java.util.Locale@2146d8bf
      OFF = class java.util.logging.Level@2fedb388
      SEVERE = class java.util.logging.Level@39f1ffb9
      WARNING = class java.util.logging.Level@69e5dd8c
      INFO = class java.util.logging.Level@5f90fd91
      CONFIG = class java.util.logging.Level@2c529d1f
      FINE = class java.util.logging.Level@6ee10aee
      FINER = class java.util.logging.Level@585b3cbc
      FINEST = class java.util.logging.Level@1f159386
      ALL = class java.util.logging.Level@27975f1e
      serialVersionUID = -8176160795706313070
    levelValue = 800
    callersClassLoaderRef = class java.lang.ref.WeakReference@7c5503a4
      referent = class org.eclipse.osgi.internal.loader.EquinoxClassLoader@202a9611
      queue = class java.lang.ref.ReferenceQueue$Null@58c83869
      next = null
      discovered = null
      lock = class java.lang.ref.Reference$Lock@4633393e
      pending = null
    isSystemLogger = false
    GLOBAL_LOGGER_NAME = "global"
    global = class java.util.logging.Logger@6c292f12
      emptyHandlers = class java.util.logging.Handler[0]
      offValue = 2147483647
      SYSTEM_LOGGER_RB_NAME = "sun.util.logging.resources.logging"
      SYSTEM_BUNDLE = class java.util.logging.Logger$LoggerBundle@2a0a912c
      NO_RESOURCE_BUNDLE = class java.util.logging.Logger$LoggerBundle@52f7c8ad
      manager = class com.ibm.ws.kernel.boot.logging.WsLogManager@7583de75
      name = "global"
      handlers = class java.util.concurrent.CopyOnWriteArrayList@7832d3bb
      loggerBundle = class java.util.logging.Logger$LoggerBundle@52f7c8ad
      useParentHandlers = true
      filter = null
      anonymous = false
      catalog = null
      catalogName = null
      catalogLocale = null
      treeLock = class java.lang.Object@4addda94
      parent = class java.util.logging.LogManager$RootLogger@574126da
      kids = null
      levelObject = null
      levelValue = 800
      callersClassLoaderRef = null
      isSystemLogger = true
      GLOBAL_LOGGER_NAME = "global"
      global = class java.util.logging.Logger@6c292f12
      $assertionsDisabled = true
    $assertionsDisabled = true
  CLASS_NAME = "com.ibm.ws.webcontainer.filter.WebAppFilterChain"
  webapp = class com.ibm.ws.webcontainer31.osgi.webapp.WebApp31@77052911
    tc = class com.ibm.websphere.ras.TraceComponent@6bd3c0bc
      strings[0] = "TraceComponent[com.ibm.ws.webcontainer31.osgi.webapp.WebApp31,class com.ibm.ws.webcontainer31.osgi.webapp.WebApp31,[webcontainer],com.ibm.ws.webcontainer31.resources.Messages,null]"
    CLASS_NAME = "com.ibm.ws.webcontainer31.osgi.webapp.WebApp31"
    servlet31NLS = class com.ibm.ejs.ras.TraceNLS@2b30ab9e
      resolver = class com.ibm.ws.logging.internal.TraceNLSResolver@aba29eb
      finder = class com.ibm.ws.logging.internal.StackFinder@1c6c0749
      ivBundleName = "com.ibm.ws.webcontainer31.resources.Messages"
      caller = class java.lang.Class@326617cf
    validListenerClasses = class java.lang.Class[7]
      Class[0] = class java.lang.Class@614f580c
      Class[1] = class java.lang.Class@40cc498d
      Class[2] = class java.lang.Class@4fd6f2ec
      Class[3] = class java.lang.Class@68c97e27
      Class[4] = class java.lang.Class@735dc40a
      Class[5] = class java.lang.Class@517f6bcd
      Class[6] = class java.lang.Class@21d0cd1c
    wsocServHandler = class com.ibm.ws.wsoc.external.WsocHandlerImpl@3a2ac049
      tc = class com.ibm.websphere.ras.TraceComponent@2c0a031b
      noMoreAddsCalled = true
      serialVersionUID = -2067291126638824067
    tc = class com.ibm.websphere.ras.TraceComponent@14ab9946
      strings[0] = "TraceComponent[com.ibm.ws.webcontainer.osgi.webapp.WebApp,class com.ibm.ws.webcontainer.osgi.webapp.WebApp,[webcontainer],com.ibm.ws.webcontainer.resources.LShimMessages,null]"
    CLASS_NAME = "com.ibm.ws.webcontainer.osgi.webapp.WebApp"
    metaDataService = class com.ibm.ws.container.service.metadata.internal.MetaDataServiceImpl@16325067
      applicationMetaDataManager = class com.ibm.ws.container.service.metadata.internal.ApplicationMetaDataManager@434b20e8
      moduleMetaDataManager = class com.ibm.ws.container.service.metadata.internal.ModuleMetaDataManager@70237bd7
      componentMetaDataManager = class com.ibm.ws.container.service.metadata.internal.ComponentMetaDataManager@426de93b
      methodMetaDataManager = class com.ibm.ws.container.service.metadata.internal.MethodMetaDataManager@19459f4
      appModuleNameToModuleContainer = class java.util.concurrent.ConcurrentHashMap@24f42586
      jeeNameToComponentMetaData = class java.util.concurrent.ConcurrentHashMap@3ea20d90
      deferredMetaDataFactories = class com.ibm.wsspi.kernel.service.utils.ConcurrentServiceReferenceSet@13ab1f4e
      deferredMetaDataInitializers = class com.ibm.wsspi.kernel.service.utils.ConcurrentServiceReferenceMap@3053bf36
      serialVersionUID = -2494605732980966097
      $$$tc$$$ = class com.ibm.websphere.ras.TraceComponent@ad8e3dd
    namespacePopulated = false
    referenceContext = class com.ibm.ws.injectionengine.osgi.internal.OSGiReferenceContextImpl@6b33a15f
      scopeData = class com.ibm.ws.injectionengine.osgi.internal.OSGiInjectionScopeData@7df412b0
      serialVersionUID = 521511923892134915
      $$$tc$$$ = class com.ibm.websphere.ras.TraceComponent@612656f9
      CLASS_NAME = "com.ibm.ws.injectionengine.ReferenceContextImpl"
      tc = class com.ibm.websphere.ras.TraceComponent@423c6f88
      ivInjectionEngine = class com.ibm.ws.injectionengine.osgi.internal.OSGiInjectionEngineImpl@57ccea68
      ivProviders = class java.util.ArrayList@23666fd9
      ivComponentJavaContext = null
      ivComponentNameSpace = null
      ivJavaColonCompEnvMap = class java.util.LinkedHashMap@2c7fa7fb
      ivEjbContext10 = class java.util.Properties@3d4ab27
      ivResourceRefConfigList = null
      isAlreadyProcessed = true
      ivProcessFailure = null
      ivInjectionTargetMap = class java.util.concurrent.ConcurrentHashMap@33fb9e9f
      svInjTarMapCacheSize = 256
      ivDeclaredInjectionTargets = class java.util.HashMap@23f3379e
      ivProcessedInjectionClasses = class java.util.HashSet@72621c64
      svInjClassMapCacheSize = 512
      ivProcessedInjectionBindings = class java.util.LinkedHashSet@54490c9c
      ivAnyProcessDynamic = true
      ivCheckAppConfig = false
    j2eeNameFactory = class com.ibm.ws.container.service.metadata.internal.J2EENameFactoryImpl@a72305c
      serialVersionUID = 3486344295038028821
      $$$tc$$$ = class com.ibm.websphere.ras.TraceComponent@1ecb974c
    moduleLoader = class com.ibm.ws.classloading.internal.AppClassLoader@6966afe4
      tc = class com.ibm.websphere.ras.TraceComponent@24f59b5
      disableSharedClassesCache = false
      PARENT_FIRST_SEARCH_ORDER = class java.util.Collections$UnmodifiableRandomAccessList@698a3eb6
      packagesDefined = class java.util.Collections$SetFromMap@6555268c
      CLASS_LOADING_TRACE_PREFIX = "com.ibm.ws.class.load."
      DEFAULT_PACKAGE = "default.package"
      perPackageClassLoadingTraceComponents = class java.util.concurrent.ConcurrentHashMap@5ff0a5c5
      config = class com.ibm.ws.classloading.internal.ClassLoaderConfigurationImpl@38f83ea7
      privateLibraries = null
      delegateLoaders = class com.ibm.ws.classloading.internal.util.CompositeIterable@bfd880
      nativeLibraryFiles = class java.util.ArrayList@4c12ef5d
      transformers = class java.util.ArrayList@1696b597
      apiAccess = class com.ibm.ws.classloading.internal.GatewayClassLoader@373a57bc
      generator = class com.ibm.ws.classloading.internal.ClassGeneratorManager@6fe2bce4
      protectionDomains = class java.util.concurrent.ConcurrentHashMap@11e71240
      parent = class com.ibm.ws.classloading.internal.GatewayClassLoader@373a57bc
      hook = null
      serialVersionUID = 8734164900246230615
      tc = class com.ibm.websphere.ras.TraceComponent@cbbbc1e
      smartClassPath = class com.ibm.ws.classloading.internal.ContainerClassLoader$SmartClassPathImpl@4a547f26
      nativeLibraryContainers = class java.util.ArrayList@69cd51f6
      redefiner = class com.ibm.ws.classloading.internal.util.ClassRedefiner@13b2c5b7
      jarProtocol = "wsjar:"
      mapCreationQueue = class java.util.concurrent.Executors$FinalizableDelegatedExecutorService@3aeea093
      serialVersionUID = 6399598832433768509
      serialVersionUID = 1837293532091806117
      $$$tc$$$ = class com.ibm.websphere.ras.TraceComponent@4b1f746
      serialVersionUID = -4586727107834513475
      $$$tc$$$ = class com.ibm.websphere.ras.TraceComponent@e9cb710
      serialVersionUID = -7709588811276454856
      $$$tc$$$ = class com.ibm.websphere.ras.TraceComponent@6f86c002
      initialized = true
      pdcache = class java.util.HashMap@532a45a7
      debug = null
      parent = class com.ibm.ws.classloading.internal.GatewayClassLoader@373a57bc
      parallelLockMap = class java.util.concurrent.ConcurrentHashMap@506becd5
      package2certs = class java.util.concurrent.ConcurrentHashMap@55710412
      nocerts = class java.security.cert.Certificate[0]
      classes = class java.util.Vector@1ad4cc17
      defaultDomain = class java.security.ProtectionDomain@1bd2a597
      packages = class java.util.HashMap@14d0ff7c
      scl = class sun.misc.Launcher$AppClassLoader@18b4aac2
      sclSet = true
      loadedLibraryNames = class java.util.Vector@1b0d7889
      systemNativeLibraries = class java.util.Vector@4504b03b
      nativeLibraries = class java.util.Vector@49dc2860
      nativeLibraryContext = class java.util.Stack@13f5e849
      usr_paths = class java.lang.String[43]
      sys_paths = class java.lang.String[1]
      assertionLock = class java.lang.Object@7554f138
      defaultAssertionStatus = false
      packageAssertionStatus = null
      classAssertionStatus = null
    webAppConfig = class com.ibm.ws.webcontainer.osgi.webapp.WebAppConfiguration@16329372
      webModuleMetaData = class com.ibm.ws.webcontainer.osgi.metadata.WebModuleMetaDataImpl@67f795c4
      webComponentMetaData = class com.ibm.ws.webcontainer.osgi.metadata.WebComponentMetaDataImpl@4fd4429b
      dVirtualHost = class com.ibm.ws.webcontainer.osgi.DynamicVirtualHost@888b40a
      orderedLibPaths = class java.util.Collections$UnmodifiableRandomAccessList@591cea4d
      bundleHeaders = null
      cdiEnabled = false
      CLASS_NAME = "com.ibm.ws.webcontainer.webapp.WebAppConfiguration"
      logger = class com.ibm.ws.logging.internal.WsLogger@6de6611b
      tc = class com.ibm.websphere.ras.TraceComponent@624fcf63
      nls = class com.ibm.ejs.ras.TraceNLS@4b26a6
      version = 30
      contextRoot = "/BackEnd"
      isDefaultContextRootUsed = false
      sessionTimeout = 0
      moduleSessionTimeoutSet = false
      moduleSessionTrackingModeSet = false
      sessionCookieConfig = class com.ibm.ws.session.SessionCookieConfigImpl@3e3bfa60
      hasProgrammaticCookieConfig = false
      sessionDefaultTrackingModeSet = class java.util.RegularEnumSet@2c90ff3a
      sessionManagerConfig = class com.ibm.ws.session.SessionManagerConfig@72a0ad0a
      displayName = "BackEnd"
      description = null
      reloadInterval = 0
      distributable = false
      denyUncoveredHttpMethods = false
      reloadingEnabled = false
      serveServletsByClassnameEnabled = false
      defaultErrorPage = null
      additionalClassPath = null
      fileServingEnabled = null
      directoryBrowsingEnabled = false
      autoRequestEncoding = false
      autoResponseEncoding = false
      autoLoadFilters = false
      requestListeners = null
      requestAttributeListeners = null
      sessionListeners = null
      localeMap = null
      moduleName = "BackEnd"
      j2eeModuleName = "BackEnd.war"
      moduleId = null
      isSyncToThreadEnabled = false
      encodeDispatchedRequestURI = false
      isSystemApp = false
      ardEnabled = false
      ardDispatchType = null
      listeners = class java.util.ArrayList@2b07dbee
      welcomeFileList = class java.util.ArrayList@4a8ecc14
      servletMappings = class java.util.HashMap@614c8350
      lastIndexBeforeDeclaredFilters = 1
      filterMappings = class java.util.ArrayList@1673aa8e
      servletInfo = class java.util.concurrent.ConcurrentHashMap@3bedb05
      filterInfo = class java.util.HashMap@3f6c590a
      mimeMappings = class java.util.HashMap@3abf0bb4
      mimeFilters = null
      isMimeFilteringEnabled = false
      theWebGroup = null
      jspAttributes = class java.util.HashMap@3113e1b7
      fileServingAttributes = class java.util.HashMap@44807263
      invokerAttributes = class java.util.HashMap@1979c7f0
      contextParams = class java.util.HashMap@5bd99dc0
      virtualHost = "default_host"
      exceptionErrorPages = class java.util.HashMap@7569c155
      codeErrorPages = class java.util.HashMap@32bdb6f1
      tagLibList = null
      precompileJsps = false
      webApp = class com.ibm.ws.webcontainer31.osgi.webapp.WebApp31@77052911
      virtualHostList = class java.util.Collections$EmptyList@65aca111
      appStartupWeight = 0
      moduleStartupWeight = 0
      metaDataComplete = false
      classesToScan = class java.util.ArrayList@728c17f9
      uriFilterMappingInfos = class java.util.ArrayList@49d40394
      servletFilterMappingInfos = null
      dynamicServletRegistrationMap = null
      applicationName = "BackEnd"
      libBinPathList = class java.util.ArrayList@16812e61
      webXmlDefinedListeners = class java.util.HashSet@16a5b189
      allRefs = class java.util.EnumMap@4045f7b
      allRefBindings = class java.util.EnumMap@6da524cc
      envEntryValues = class java.util.HashMap@72c8ed3f
      resourceRefConfigList = null
      disallowAllFileServingProp = "false"
      disallowServeServletsByClassnameProp = "true"
      disableStaticMappingCache = false
      jspCachedLocations = class java.util.HashMap@49da3316
      primedSTSHeader = "NoValue"
      enablemultireadofpostdata = false
      requestEncoding = null
      responseEncoding = null
      NULLSERVLETNAME = "com.ibm.ws.webcontainer.NullServletName"
      _id = "WebAppGeneratedId1"
      _attributes = null
      serialVersionUID = 7511545662945734886
      $$$tc$$$ = class com.ibm.websphere.ras.TraceComponent@5eb1d31f
    extensionProcessingDisabled = false
    managedObjectService = class com.ibm.ws.cdi.impl.managedobject.CDIManagedObjectService@663681d3
      cdiServiceRef = class com.ibm.wsspi.kernel.service.utils.AtomicServiceReference@4d36334c
      defaultMOSRef = class com.ibm.wsspi.kernel.service.utils.AtomicServiceReference@21283c1e
      cdiRuntime = class com.ibm.ws.cdi.liberty.CDIRuntimeImpl@2c20e5ae
      serialVersionUID = 6431825704414919683
      $$$tc$$$ = class com.ibm.websphere.ras.TraceComponent@432c8bfe
    internalServletMetaData = interface com.ibm.wsspi.webcontainer.metadata.WebComponentMetaData[2]
      WebComponentMetaData[0] = null
      WebComponentMetaData[1] = null
    loginProcessor = null
    logoutProcessor = null
    collabHelper = class com.ibm.ws.webcontainer.osgi.collaborator.CollaboratorHelperImpl@4af09ee0
      webAppInvCollabs = class java.util.Collections$UnmodifiableSet@72aab141
      securityDomainForApp = null
      logger = class com.ibm.ws.logging.internal.WsLogger@5d2e15da
      staticDefaultSecurityCollaborator = class com.ibm.ws.webcontainer.collaborator.WebAppSecurityCollaborator@7ba56c4a
      logger = class com.ibm.ws.logging.internal.WsLogger@7ed091c1
      CLASS_NAME = "com.ibm.wsspi.webcontainer.collaborator.CollaboratorHelper"
      webApp = class com.ibm.ws.webcontainer31.osgi.webapp.WebApp31@77052911
      securityCollaborator = class com.ibm.ws.webcontainer.security.WebAppSecurityCollaboratorImpl@537dcb04
      nameSpaceCollaborator = class com.ibm.ws.webcontainer.osgi.collaborator.WebAppNameSpaceCollaboratorImpl@70783d8
      transactionCollaborator = class com.ibm.ws.transaction.services.WebAppTransactionCollaboratorImpl@3c4d341f
      connectionCollaborator = class com.ibm.ws.webcontainer.collaborator.ConnectionCollaborator@3ea2a1d
      allCollabEnum = class java.util.RegularEnumSet@6244eee8
      servlet_23_or_greater = true
      DEFER_SERVLET_REQUEST_LISTENER_DESTROY_ON_ERROR = false
    envObject = class com.ibm.ws.util.WSThreadLocal@4c9b9491
      tc = class com.ibm.ejs.ras.TraceComponent@51be2777
      count = 9
      index = 4
      SUSPECTED_MISUSAGE_THRESHOLD = 200
      threadLocalHashCode = -224065163
      nextHashCode = class java.util.concurrent.atomic.AtomicInteger@2dfa0d9
      HASH_INCREMENT = 1640531527
    orderedLibPaths = class java.util.Collections$UnmodifiableRandomAccessList@591cea4d
      serialVersionUID = -2542308836966382001
      serialVersionUID = -283967356065247728
      list = class java.util.ArrayList@1298dd7f
      serialVersionUID = 1820017752578914078
      c = class java.util.ArrayList@1298dd7f
    perm = class com.ibm.websphere.security.WebSphereRuntimePermission@39632888
      serialVersionUID = -3306242789188168337
      $$$tc$$$ = class com.ibm.websphere.ras.TraceComponent@275db610
      serialVersionUID = 6279438298436773498
      wildcard = false
      path = "accessServletContext"
      exitVM = false
      serialVersionUID = -5636570222231596674
      name = "accessServletContext"
    WELCOME_FILE_LIST = "com.ibm.ws.webcontainer.config.WelcomeFileList"
    DIR_BROWSING_MAPPING = "__dirBrowsing__1597383356798"
    FILTER_PROXY_MAPPING = "/__filterProxy__1597383356798"
    logger = class com.ibm.ws.logging.internal.WsLogger@6de6611b
      tc = class com.ibm.websphere.ras.TraceComponent@22d608de
      ivCachedResourceBundleName = null
      ivCachedResourceBundle = null
      ivComponent = null
      ivOrganization = null
      ivProduct = null
      ivMinimumLocalizationLevelIntValue = 625
      ivTC = class com.ibm.websphere.ras.TraceComponent@16e9b032
      loggerRegistrationComponent = class java.lang.ThreadLocal@4bed97d9
      emptyHandlers = class java.util.logging.Handler[0]
      offValue = 2147483647
      SYSTEM_LOGGER_RB_NAME = "sun.util.logging.resources.logging"
      SYSTEM_BUNDLE = class java.util.logging.Logger$LoggerBundle@2a0a912c
      NO_RESOURCE_BUNDLE = class java.util.logging.Logger$LoggerBundle@52f7c8ad
      manager = class com.ibm.ws.kernel.boot.logging.WsLogManager@7583de75
      name = "com.ibm.ws.webcontainer.webapp"
      handlers = class java.util.concurrent.CopyOnWriteArrayList@15a266e8
      loggerBundle = class java.util.logging.Logger$LoggerBundle@1f6fc997
      useParentHandlers = true
      filter = null
      anonymous = false
      catalog = class com.ibm.ws.webcontainer.resources.Messages@23a7776f
      catalogName = "com.ibm.ws.webcontainer.resources.Messages"
      catalogLocale = class java.util.Locale@2146d8bf
      treeLock = class java.lang.Object@4addda94
      parent = class com.ibm.ws.logging.internal.WsLogger@31dd39de
      kids = null
      levelObject = class java.util.logging.Level@5f90fd91
      levelValue = 800
      callersClassLoaderRef = class java.lang.ref.WeakReference@7e6b61ae
      isSystemLogger = false
      GLOBAL_LOGGER_NAME = "global"
      global = class java.util.logging.Logger@6c292f12
      $assertionsDisabled = true
    CLASS_NAME = "com.ibm.ws.webcontainer.webapp.WebApp"
    loader = class com.ibm.ws.classloading.internal.ThreadContextClassLoader@3331c293
      tc = class com.ibm.websphere.ras.TraceComponent@5ebf3e5e
      bundle = class java.util.concurrent.atomic.AtomicReference@13769ec9
      key = "WebModule:BackEnd#BackEnd.war"
      refCount = class java.util.concurrent.atomic.AtomicInteger@6ecdb432
      appLoader = class com.ibm.ws.classloading.internal.AppClassLoader@6966afe4
      clSvc = class com.ibm.ws.classloading.internal.ClassLoadingServiceImpl@4cc9183b
      serialVersionUID = 846416563800781557
      tc = class com.ibm.websphere.ras.TraceComponent@4622a6a7
      followOnClassLoaders = class java.util.ArrayList@44ce300f
      serialVersionUID = 8829649920524275888
      serialVersionUID = -4586727107834513475
      $$$tc$$$ = class com.ibm.websphere.ras.TraceComponent@e9cb710
      serialVersionUID = -7709588811276454856
      $$$tc$$$ = class com.ibm.websphere.ras.TraceComponent@6f86c002
      initialized = true
      pdcache = class java.util.HashMap@63e96e89
      debug = null
      parent = class com.ibm.ws.classloading.internal.GatewayClassLoader@2271984f
      parallelLockMap = class java.util.concurrent.ConcurrentHashMap@60063ae2
      package2certs = class java.util.concurrent.ConcurrentHashMap@640afe19
      nocerts = class java.security.cert.Certificate[0]
      classes = class java.util.Vector@5171f4df
      defaultDomain = class java.security.ProtectionDomain@7944455e
      packages = class java.util.HashMap@28c4a1be
      scl = class sun.misc.Launcher$AppClassLoader@18b4aac2
      sclSet = true
      loadedLibraryNames = class java.util.Vector@1b0d7889
      systemNativeLibraries = class java.util.Vector@4504b03b
      nativeLibraries = class java.util.Vector@1eb16370
      nativeLibraryContext = class java.util.Stack@13f5e849
      usr_paths = class java.lang.String[43]
      sys_paths = class java.lang.String[1]
      assertionLock = class java.lang.Object@1696bb52
      defaultAssertionStatus = false
      packageAssertionStatus = null
      classAssertionStatus = null
    facade = class com.ibm.ws.webcontainer31.facade.ServletContextFacade31@618d29d7
      context = class com.ibm.ws.webcontainer31.osgi.webapp.WebApp31@77052911
    features = class java.util.ArrayList@4a424ab1
      serialVersionUID = 8683452581122892189
      DEFAULT_CAPACITY = 10
      EMPTY_ELEMENTDATA = class java.lang.Object[0]
      DEFAULTCAPACITY_EMPTY_ELEMENTDATA = class java.lang.Object[0]
      elementData = class java.lang.Object[0]
      size = 0
      MAX_ARRAY_SIZE = 2147483639
      modCount = 0
      MAX_ARRAY_SIZE = 2147483639
    applicationName = "BackEnd"
    config = class com.ibm.ws.webcontainer.osgi.webapp.WebAppConfiguration@16329372
    securityEnabledForApp = true
    webExtensionProcessor = class com.ibm.ws.webcontainer.osgi.extension.WebExtensionProcessor@4244a414
      webApp = class com.ibm.ws.webcontainer31.osgi.webapp.WebApp31@77052911
      extensionContext = class com.ibm.ws.webcontainer31.osgi.webapp.WebApp31@77052911
    production = true
    isServlet23 = true
    contextPath = "/BackEnd"
    internalServletList = class [Ljava.lang.String;[2]
      String[][0] = class java.lang.String[2]
      String[][1] = class java.lang.String[2]
    BY_NAME_ONLY = "/_1597383356798_/"
    filterManager = class com.ibm.ws.webcontainer.osgi.filter.WebAppFilterManagerImpl@726cca7c
      _filterWrappers = class java.util.Hashtable@3efaba23
      chainCache = class java.util.Collections$SynchronizedMap@25278ac3
      forwardChainCache = class java.util.Collections$SynchronizedMap@14940617
      includeChainCache = class java.util.Collections$SynchronizedMap@131f57b9
      errorChainCache = class java.util.Collections$SynchronizedMap@785fdc5b
      _filtersDefined = true
      FMI_MAPPING_SINGLE_SLASH = 0
      FMI_MAPPING_PATH_MATCH = 1
      FMI_MAPPING_EXTENSION_MATCH = 2
      FMI_MAPPING_EXACT_MATCH = 3
      logger = class com.ibm.ws.logging.internal.WsLogger@14f51fd3
      CLASS_NAME = "com.ibm.ws.webcontainer.filter.WebAppFilterManager"
      nls = class com.ibm.ejs.ras.TraceNLS@61b73001
      webAppConfig = class com.ibm.ws.webcontainer.osgi.webapp.WebAppConfiguration@16329372
      webApp = class com.ibm.ws.webcontainer31.osgi.webapp.WebApp31@77052911
      collabHelper = class com.ibm.ws.webcontainer.osgi.collaborator.CollaboratorHelperImpl@4af09ee0
      secCollab = class com.ibm.ws.webcontainer.security.WebAppSecurityCollaboratorImpl@537dcb04
      sessionSecurityIntegrationEnabled = true
      assumeFilterSuccessOnSecurityError = false
      useOriginalRequestState = false
      _evtSource = class com.ibm.ws.webcontainer.webapp.WebAppEventSource@9865ef1
      defaultComponentMetaData = class com.ibm.ws.webcontainer.osgi.metadata.WebComponentMetaDataImpl@4fd4429b
      DEFER_SERVLET_REQUEST_LISTENER_DESTROY_ON_ERROR = false
    documentRoot = null
    SERVLET_API_VERSION = "Servlet 2.5"
    disableServletAuditLogging = -1
    serverInfo = "IBM WebSphere Liberty/20.0.0.8"
    sessionCtx = class com.ibm.ws.webcontainer31.session.impl.HttpSessionContext31Impl@2aa30142
      methodClassName = "HttpSessionContextImpl"
      _smc = class com.ibm.ws.session.SessionManagerConfig@72a0ad0a
      sessionStoreService = null
      _sap = class com.ibm.ws.session.SessionApplicationParameters@417ca410
      _coreHttpSessionManager = class com.ibm.ws.session.SessionManager@ef6ca69
      _coreHttpAppSessionManager = null
      _sam = class com.ibm.ws.webcontainer.session.impl.SessionAffinityManagerImpl@493ee738
      isSIPApplication = false
      sessionAttributeListener = false
      sessionListener = true
      mHttpSessionAttributeListeners = class java.util.ArrayList@4d134439
      mHttpSessionListeners = class java.util.ArrayList@69eb35af
      mHttpSessionIdListeners = class java.util.ArrayList@51760f79
      mHttpSessionAttributeListenersJ2eeNames = class java.util.ArrayList@6fcf3548
      mHttpSessionListenersJ2eeNames = class java.util.ArrayList@382a8604
      mHttpSessionIdListenersJ2eeNames = class java.util.ArrayList@8dc9ae3
      mLocalHost = null
      _refCount = 1
      currentThreadSacHashtable = null
      methodClassName = "SessionContext"
      ANONYMOUS_USER = "anonymous"
      wasHttpSessionObserver = class com.ibm.ws.session.WasHttpSessionObserver@69b05146
      wasHttpSessionAttributeObserver = null
      _invalidator = class com.ibm.ws.session.SessionInvalidatorWithThreadPool@7fc34c4d
      _storer = class com.ibm.ws.session.EOSSessionStorer@1335ff17
      wasHttpAppSessionObserver = null
      mHttpAppSessionListeners = null
      cmvcInfo = "CMVC Version 1.9 6/24/07 11:12:24"
      _loggedVersion = true
      CREATE_CORE_SESSION_MANAGER = 0
      GET_REQUESTED_SESSION_ID = 1
      GET_IHTTP_SESSION = 2
      SESSION_PRE_INVOKE = 3
      SESSION_POST_INVOKE = 4
      STOP = 5
      STOP_LISTENERS = 6
      IS_VALID = 7
      ENCODE_URL = 8
      SHOULD_ENCODE_URL = 9
      IS_PROTOCOL_SWITCH = 10
      GET_LOCAL_HOST = 11
      ADD_HTTP_SESSION_ATTRIBUTE_LISTENER = 12
      ADD_HTTP_SESSION_LISTENER = 13
      GET_SESSION_AFFINITY_CONTEXT = 14
      CHECK_SECURITY = 15
      INVALIDATE = 16
      CHECK_SESSSIONID_IS_RIGHT_LENGTH = 17
      LOCK_SESSION = 18
      UNLOCK_SESSION = 19
      ADD_HTTP_SESSION_ID_LISTENER = 20
      methodNames = class java.lang.String[21]
    eventSource = class com.ibm.ws.webcontainer.webapp.WebAppEventSource@9865ef1
      _invocationListeners = class com.ibm.ws.webcontainer.util.EventListeners@1c8dac41
      _servletListeners = class com.ibm.ws.webcontainer.util.EventListeners@2285d02b
      _errorListeners = class com.ibm.ws.webcontainer.util.EventListeners@5bf30c00
      _applicationListeners = class com.ibm.ws.webcontainer.util.EventListeners@71eb606
      _filterInvocationListeners = class com.ibm.ws.webcontainer.util.EventListeners@7600fd00
      _filterListeners = class com.ibm.ws.webcontainer.util.EventListeners@7a086f63
      _filterErrorListeners = class com.ibm.ws.webcontainer.util.EventListeners@3958ef2e
    nls = class com.ibm.ejs.ras.TraceNLS@4d206406
      resolver = class com.ibm.ws.logging.internal.TraceNLSResolver@aba29eb
      finder = class com.ibm.ws.logging.internal.StackFinder@1c6c0749
      ivBundleName = "com.ibm.ws.webcontainer.resources.Messages"
      caller = class java.lang.Class@3ac65914
    liberty_nls = class com.ibm.ejs.ras.TraceNLS@433bff64
      resolver = class com.ibm.ws.logging.internal.TraceNLSResolver@aba29eb
      finder = class com.ibm.ws.logging.internal.StackFinder@1c6c0749
      ivBundleName = "com.ibm.ws.webcontainer.resources.LShimMessages"
      caller = class java.lang.Class@3ac65914
    error_nls = class com.ibm.ejs.ras.TraceNLS@5790e255
      resolver = class com.ibm.ws.logging.internal.TraceNLSResolver@aba29eb
      finder = class com.ibm.ws.logging.internal.StackFinder@1c6c0749
      ivBundleName = "com.ibm.ws.webcontainer.resources.ErrorPage"
      caller = class java.lang.Class@3ac65914
    sessionListeners = class java.util.ArrayList@650b40f4
      serialVersionUID = 8683452581122892189
      DEFAULT_CAPACITY = 10
      EMPTY_ELEMENTDATA = class java.lang.Object[0]
      DEFAULTCAPACITY_EMPTY_ELEMENTDATA = class java.lang.Object[0]
      elementData = class java.lang.Object[10]
      size = 1
      MAX_ARRAY_SIZE = 2147483639
      modCount = 2
      MAX_ARRAY_SIZE = 2147483639
    sessionIdListeners = class java.util.ArrayList@2bc50807
      serialVersionUID = 8683452581122892189
      DEFAULT_CAPACITY = 10
      EMPTY_ELEMENTDATA = class java.lang.Object[0]
      DEFAULTCAPACITY_EMPTY_ELEMENTDATA = class java.lang.Object[0]
      elementData = class java.lang.Object[0]
      size = 0
      MAX_ARRAY_SIZE = 2147483639
      modCount = 0
      MAX_ARRAY_SIZE = 2147483639
    sessionAttrListeners = class java.util.ArrayList@379912c4
      serialVersionUID = 8683452581122892189
      DEFAULT_CAPACITY = 10
      EMPTY_ELEMENTDATA = class java.lang.Object[0]
      DEFAULTCAPACITY_EMPTY_ELEMENTDATA = class java.lang.Object[0]
      elementData = class java.lang.Object[0]
      size = 0
      MAX_ARRAY_SIZE = 2147483639
      modCount = 1
      MAX_ARRAY_SIZE = 2147483639
    addedSessionListeners = class java.util.ArrayList@674bcc28
      serialVersionUID = 8683452581122892189
      DEFAULT_CAPACITY = 10
      EMPTY_ELEMENTDATA = class java.lang.Object[0]
      DEFAULTCAPACITY_EMPTY_ELEMENTDATA = class java.lang.Object[0]
      elementData = class java.lang.Object[0]
      size = 0
      MAX_ARRAY_SIZE = 2147483639
      modCount = 0
      MAX_ARRAY_SIZE = 2147483639
    addedSessionAttrListeners = class java.util.ArrayList@58f83cd5
      serialVersionUID = 8683452581122892189
      DEFAULT_CAPACITY = 10
      EMPTY_ELEMENTDATA = class java.lang.Object[0]
      DEFAULTCAPACITY_EMPTY_ELEMENTDATA = class java.lang.Object[0]
      elementData = class java.lang.Object[0]
      size = 0
      MAX_ARRAY_SIZE = 2147483639
      modCount = 0
      MAX_ARRAY_SIZE = 2147483639
    servletContextListeners = class java.util.ArrayList@5b7e82fd
      serialVersionUID = 8683452581122892189
      DEFAULT_CAPACITY = 10
      EMPTY_ELEMENTDATA = class java.lang.Object[0]
      DEFAULTCAPACITY_EMPTY_ELEMENTDATA = class java.lang.Object[0]
      elementData = class java.lang.Object[10]
      size = 4
      MAX_ARRAY_SIZE = 2147483639
      modCount = 5
      MAX_ARRAY_SIZE = 2147483639
    servletContextLAttrListeners = class java.util.ArrayList@240eb464
      serialVersionUID = 8683452581122892189
      DEFAULT_CAPACITY = 10
      EMPTY_ELEMENTDATA = class java.lang.Object[0]
      DEFAULTCAPACITY_EMPTY_ELEMENTDATA = class java.lang.Object[0]
      elementData = class java.lang.Object[0]
      size = 0
      MAX_ARRAY_SIZE = 2147483639
      modCount = 1
      MAX_ARRAY_SIZE = 2147483639
    servletRequestListeners = class java.util.ArrayList@1d9d1641
      serialVersionUID = 8683452581122892189
      DEFAULT_CAPACITY = 10
      EMPTY_ELEMENTDATA = class java.lang.Object[0]
      DEFAULTCAPACITY_EMPTY_ELEMENTDATA = class java.lang.Object[0]
      elementData = class java.lang.Object[0]
      size = 0
      MAX_ARRAY_SIZE = 2147483639
      modCount = 1
      MAX_ARRAY_SIZE = 2147483639
    servletRequestLAttrListeners = class java.util.ArrayList@41a8fb3
      serialVersionUID = 8683452581122892189
      DEFAULT_CAPACITY = 10
      EMPTY_ELEMENTDATA = class java.lang.Object[0]
      DEFAULTCAPACITY_EMPTY_ELEMENTDATA = class java.lang.Object[0]
      elementData = class java.lang.Object[0]
      size = 0
      MAX_ARRAY_SIZE = 2147483639
      modCount = 1
      MAX_ARRAY_SIZE = 2147483639
    prependSlashToResource = false
    destroyed = false
    webAppNameSpaceCollab = class com.ibm.ws.webcontainer.osgi.collaborator.WebAppNameSpaceCollaboratorImpl@70783d8
      cmdai = class com.ibm.ws.threadContext.ComponentMetaDataAccessorImpl@3c14dd57
    txCollab = class com.ibm.ws.transaction.services.WebAppTransactionCollaboratorImpl@3c4d341f
      tc = class com.ibm.websphere.ras.TraceComponent@57192c20
      ltCurrentRef = class com.ibm.wsspi.kernel.service.utils.AtomicServiceReference@13aec841
      tranMgrRef = class com.ibm.wsspi.kernel.service.utils.AtomicServiceReference@7c8390a7
      userTranRef = class com.ibm.wsspi.kernel.service.utils.AtomicServiceReference@736fab06
      uowCallbackRef = class com.ibm.wsspi.kernel.service.utils.AtomicServiceReference@78dacdc7
      serialVersionUID = -8319003162899973281
    sessionActivationListeners = class java.util.ArrayList@2bdc8ca7
      serialVersionUID = 8683452581122892189
      DEFAULT_CAPACITY = 10
      EMPTY_ELEMENTDATA = class java.lang.Object[0]
      DEFAULTCAPACITY_EMPTY_ELEMENTDATA = class java.lang.Object[0]
      elementData = class java.lang.Object[0]
      size = 0
      MAX_ARRAY_SIZE = 2147483639
      modCount = 1
      MAX_ARRAY_SIZE = 2147483639
    sessionBindingListeners = class java.util.ArrayList@7a20a02c
      serialVersionUID = 8683452581122892189
      DEFAULT_CAPACITY = 10
      EMPTY_ELEMENTDATA = class java.lang.Object[0]
      DEFAULTCAPACITY_EMPTY_ELEMENTDATA = class java.lang.Object[0]
      elementData = class java.lang.Object[0]
      size = 0
      MAX_ARRAY_SIZE = 2147483639
      modCount = 1
      MAX_ARRAY_SIZE = 2147483639
    scratchdir = null
    jspClassLoaderLimit = 0
    jspClassLoaderExclusionList = null
    jspClassLoadersMap = null
    jspClassLoaderLimitTrackIF = false
    defaultExtProc = null
    directoryBrowsingServlet = null
    cdiContexts = class java.util.concurrent.ConcurrentHashMap@f7a8e37
      serialVersionUID = 7249069246763182397
      MAXIMUM_CAPACITY = 1073741824
      DEFAULT_CAPACITY = 16
      MAX_ARRAY_SIZE = 2147483639
      DEFAULT_CONCURRENCY_LEVEL = 16
      LOAD_FACTOR = 0.75
      TREEIFY_THRESHOLD = 8
      UNTREEIFY_THRESHOLD = 6
      MIN_TREEIFY_CAPACITY = 64
      MIN_TRANSFER_STRIDE = 16
      RESIZE_STAMP_BITS = 16
      MAX_RESIZERS = 65535
      RESIZE_STAMP_SHIFT = 16
      MOVED = -1
      TREEBIN = -2
      RESERVED = -3
      HASH_BITS = 2147483647
      NCPU = 8
      serialPersistentFields = class java.io.ObjectStreamField[3]
      table = null
      nextTable = null
      baseCount = 0
      sizeCtl = 0
      transferIndex = 0
      cellsBusy = 0
      counterCells = null
      keySet = null
      values = null
      entrySet = null
      U = class sun.misc.Unsafe@4fe1bdc0
      SIZECTL = 20
      TRANSFERINDEX = 32
      BASECOUNT = 24
      CELLSBUSY = 36
      CELLVALUE = 144
      ABASE = 16
      ASHIFT = 2
      keySet = null
      values = null
    moduleConfig = class com.ibm.ws.webcontainer.osgi.container.DeployedModule@5fcdef7c
      tc = class com.ibm.websphere.ras.TraceComponent@6fce2b2a
      loader = class com.ibm.ws.classloading.internal.ThreadContextClassLoader@3331c293
      webApp = class com.ibm.ws.webcontainer31.osgi.webapp.WebApp31@77052911
      webAppConfig = class com.ibm.ws.webcontainer.osgi.webapp.WebAppConfiguration@16329372
      contextRootAdded = class com.ibm.ws.threading.internal.NonCancelableResultFuture@3e13cb96
      properContextRoot = "/BackEnd"
      mappingContextRoot = "/BackEnd/*"
      initTaskCount = class java.util.concurrent.atomic.AtomicInteger@1cf7432b
      initTasksDoneListener = class com.ibm.ws.webcontainer.osgi.WebContainer$2@18390d87
      serialVersionUID = -2104814060051592457
      $$$tc$$$ = class com.ibm.websphere.ras.TraceComponent@495496d6
    extensionFactories = class java.util.ArrayList@103be996
      serialVersionUID = 8683452581122892189
      DEFAULT_CAPACITY = 10
      EMPTY_ELEMENTDATA = class java.lang.Object[0]
      DEFAULTCAPACITY_EMPTY_ELEMENTDATA = class java.lang.Object[0]
      elementData = class java.lang.Object[10]
      size = 6
      MAX_ARRAY_SIZE = 2147483639
      modCount = 6
      MAX_ARRAY_SIZE = 2147483639
    initialized = true
    lock = class com.ibm.ws.webcontainer.webapp.WebApp$1@6fe50a7d
      this$0 = class com.ibm.ws.webcontainer31.osgi.webapp.WebApp31@77052911
    afterServletContextCreated = false
    redirectContextRoot = false
    errorExceptionTypeFirst = false
    initFilterBeforeServletInit = false
    SET_400_SC_ON_TOO_MANY_PARENT_DIRS = false
    sortedServletConfigs = class java.util.ArrayList@34b52a80
      serialVersionUID = 8683452581122892189
      DEFAULT_CAPACITY = 10
      EMPTY_ELEMENTDATA = class java.lang.Object[0]
      DEFAULTCAPACITY_EMPTY_ELEMENTDATA = class java.lang.Object[0]
      elementData = class java.lang.Object[10]
      size = 1
      MAX_ARRAY_SIZE = 2147483639
      modCount = 1
      MAX_ARRAY_SIZE = 2147483639
    effectiveMajorVersion = 3
    effectiveMinorVersion = 0
    canAddServletContextListener = true
    withinContextInitOfProgAddListener = false
    lastProgAddListenerInitialized = "com.ibm.ws.cache.CacheServiceImpl"
    webInfLibClassloader = null
    metaInfCache = class com.ibm.ws.webcontainer.webapp.WebApp$2@4338565
      this$0 = class com.ibm.ws.webcontainer31.osgi.webapp.WebApp31@77052911
      serialVersionUID = 3801124242820219131
      head = null
      tail = null
      accessOrder = true
      serialVersionUID = 362498820763181265
      DEFAULT_INITIAL_CAPACITY = 16
      MAXIMUM_CAPACITY = 1073741824
      DEFAULT_LOAD_FACTOR = 0.75
      TREEIFY_THRESHOLD = 8
      UNTREEIFY_THRESHOLD = 6
      MIN_TREEIFY_CAPACITY = 64
      table = null
      entrySet = null
      size = 0
      modCount = 0
      threshold = 32
      loadFactor = 1.0
      keySet = null
      values = null
    useMetaInfCache = true
    SUN_CONFIGURE_LISTENER_CLASSNAME = "com.sun.faces.config.ConfigureListener"
    MYFACES_LIFECYCLE_LISTENER_CLASSNAME = "org.apache.myfaces.webapp.StartupServletContextListener"
    JSF_IMPL_ENABLED_PARAM = "com.ibm.ws.jsf.JSF_IMPL_ENABLED"
    JSF_IMPL_ENABLED_CUSTOM = "Custom"
    JSF_IMPL_ENABLED_NONE = "None"
    staticDocRoot = class com.ibm.ws.webcontainer.util.DocumentRootUtils@4b8bbb2c
      logger = class com.ibm.ws.logging.internal.WsLogger@41f670b7
      CLASS_NAME = "com.ibm.ws.webcontainer.util.DocumentRootUtils"
      useContentLength = false
      matchedFile = null
      matchedZipFile = null
      matchedEntry = null
      matchedURL = null
      edrRoot = null
      pfedrRoot = null
      ctxt = class com.ibm.ws.webcontainer31.osgi.webapp.WebApp31@77052911
      baseDir = null
      edr = null
      pfedr = null
      metaInfRes = null
      searchpfEDR = false
      searchEDR = false
      searchMetaInfRes = true
      matchFromEDR = false
      matchFromMetaInfRes = false
      matchIsADirectory = false
      appConfig = class com.ibm.ws.webcontainer.osgi.webapp.WebAppConfiguration@16329372
      attributeType = "staticFile"
      STATIC_FILE = "staticFile"
      JSP = "jsp"
      PFEDR = "preFragmentExtendedDocumentRoot"
      EDR = "extendedDocumentRoot"
    jspDocRoot = class com.ibm.ws.webcontainer.util.DocumentRootUtils@cfae6c2
      logger = class com.ibm.ws.logging.internal.WsLogger@41f670b7
      CLASS_NAME = "com.ibm.ws.webcontainer.util.DocumentRootUtils"
      useContentLength = false
      matchedFile = null
      matchedZipFile = null
      matchedEntry = null
      matchedURL = null
      edrRoot = null
      pfedrRoot = null
      ctxt = class com.ibm.ws.webcontainer31.osgi.webapp.WebApp31@77052911
      baseDir = null
      edr = null
      pfedr = null
      metaInfRes = null
      searchpfEDR = false
      searchEDR = false
      searchMetaInfRes = true
      matchFromEDR = false
      matchFromMetaInfRes = false
      matchIsADirectory = false
      appConfig = class com.ibm.ws.webcontainer.osgi.webapp.WebAppConfiguration@16329372
      attributeType = "jsp"
      STATIC_FILE = "staticFile"
      JSP = "jsp"
      PFEDR = "preFragmentExtendedDocumentRoot"
      EDR = "extendedDocumentRoot"
    container = class com.ibm.ws.adaptable.module.internal.AdaptableContainerImpl@21473c39
      root = class com.ibm.ws.adaptable.module.internal.AdaptableContainerImpl@21473c39
      rootOverlay = class com.ibm.ws.artifact.overlay.internal.DirectoryBasedOverlayContainerImpl@5cf62565
      factoryHolder = class com.ibm.ws.adaptable.module.internal.AdaptableModuleFactoryImpl@7d22b1f
      delegate = class com.ibm.ws.artifact.overlay.internal.DirectoryBasedOverlayContainerImpl@5cf62565
      notifier = class com.ibm.ws.adaptable.module.internal.NotifierImpl@29cf316a
      serialVersionUID = -5950528200509051684
      $$$tc$$$ = class com.ibm.websphere.ras.TraceComponent@8f9e10a
    metaInfResourceFinder = class com.ibm.ws.webcontainer.util.MetaInfResourceFinder@11063cf7
      jarResourceContainers = class java.util.ArrayList@15ce0d0
      container = class com.ibm.ws.adaptable.module.internal.AdaptableContainerImpl@21473c39
    postConstructMethods = class com.ibm.ws.webcontainer.webapp.WebApp$AnnotatedMethods@9069b1f
      annotationClass = class java.lang.Class@79036f68
      noOpClassNames = class java.util.HashSet@3a57afce
      annotatedMethodNames = class java.util.concurrent.ConcurrentHashMap@6238b7bd
      EMPTY_METHODS = class java.lang.reflect.Method[0]
    preDestroyMethods = class com.ibm.ws.webcontainer.webapp.WebApp$AnnotatedMethods@1f4203c8
      annotationClass = class java.lang.Class@50760f80
      noOpClassNames = class java.util.HashSet@22d4060d
      annotatedMethodNames = class java.util.concurrent.ConcurrentHashMap@634c90c6
      EMPTY_METHODS = class java.lang.reflect.Method[0]
    OBJ_EMPTY = class java.lang.Object[0]
    CLASS_EMPTY = class java.lang.Class[0]
    DEFAULT_JSP_EXTENSIONS = class java.util.ArrayList@44d52a14
      serialVersionUID = 8683452581122892189
      DEFAULT_CAPACITY = 10
      EMPTY_ELEMENTDATA = class java.lang.Object[0]
      DEFAULTCAPACITY_EMPTY_ELEMENTDATA = class java.lang.Object[0]
      elementData = class java.lang.Object[10]
      size = 4
      MAX_ARRAY_SIZE = 2147483639
      modCount = 4
      MAX_ARRAY_SIZE = 2147483639
    DEFER_SERVLET_REQUEST_LISTENER_DESTROY_ON_ERROR = false
    DO_ACCEPT_PARTIAL = true
    DO_NOT_ACCEPT_PARTIAL = false
    DO_ACCEPT_EXCLUDED = true
    DO_NOT_ACCEPT_EXCLUDED = false
    commands = class java.util.ArrayList@59f7e613
      serialVersionUID = 8683452581122892189
      DEFAULT_CAPACITY = 10
      EMPTY_ELEMENTDATA = class java.lang.Object[0]
      DEFAULTCAPACITY_EMPTY_ELEMENTDATA = class java.lang.Object[0]
      elementData = class java.lang.Object[3]
      size = 0
      MAX_ARRAY_SIZE = 2147483639
      modCount = 0
      MAX_ARRAY_SIZE = 2147483639
    requestMapper = class com.ibm.wsspi.webcontainer.util.URIMapper@5624e2a6
      matcher = class com.ibm.wsspi.webcontainer.util.URIMatcher@59831b5a
    parent = class com.ibm.ws.webcontainer.osgi.webapp.WebGroup@3bcce7fc
      tc = class com.ibm.websphere.ras.TraceComponent@493cf999
      logger = class com.ibm.ws.logging.internal.WsLogger@6de6611b
      CLASS_NAME = "com.ibm.ws.webcontainer.webapp.WebGroup"
      sessUrlRewritePrefix = ";jsessionid="
      qMark = "?"
      config = class com.ibm.ws.webcontainer.osgi.webapp.WebGroupConfiguration@2cd293c3
      webApp = class com.ibm.ws.webcontainer31.osgi.webapp.WebApp31@77052911
      commands = class java.util.ArrayList@798b79b6
      requestMapper = null
      parent = class com.ibm.ws.webcontainer.osgi.DynamicVirtualHost@888b40a
      name = "/BackEnd/*"
      isAlive = true
      subElements = class java.util.HashMap@1db33f25
      attributes = null
      config = null
      serialVersionUID = -8271459000149267764
      $$$tc$$$ = class com.ibm.websphere.ras.TraceComponent@3ccd06cf
    name = "BackEnd"
    isAlive = true
    subElements = null
    attributes = class java.util.concurrent.ConcurrentHashMap@1b80d20e
      serialVersionUID = 7249069246763182397
      MAXIMUM_CAPACITY = 1073741824
      DEFAULT_CAPACITY = 16
      MAX_ARRAY_SIZE = 2147483639
      DEFAULT_CONCURRENCY_LEVEL = 16
      LOAD_FACTOR = 0.75
      TREEIFY_THRESHOLD = 8
      UNTREEIFY_THRESHOLD = 6
      MIN_TREEIFY_CAPACITY = 64
      MIN_TRANSFER_STRIDE = 16
      RESIZE_STAMP_BITS = 16
      MAX_RESIZERS = 65535
      RESIZE_STAMP_SHIFT = 16
      MOVED = -1
      TREEBIN = -2
      RESERVED = -3
      HASH_BITS = 2147483647
      NCPU = 8
      serialPersistentFields = class java.io.ObjectStreamField[3]
      table = class java.util.concurrent.ConcurrentHashMap$Node[32]
      nextTable = null
      baseCount = 17
      sizeCtl = 24
      transferIndex = 0
      cellsBusy = 0
      counterCells = null
      keySet = null
      values = null
      entrySet = null
      U = class sun.misc.Unsafe@4fe1bdc0
      SIZECTL = 20
      TRANSFERINDEX = 32
      BASECOUNT = 24
      CELLSBUSY = 36
      CELLVALUE = 144
      ABASE = 16
      ASHIFT = 2
      keySet = null
      values = null
    config = null
    serialVersionUID = -8271459000149267764
    $$$tc$$$ = class com.ibm.websphere.ras.TraceComponent@3ccd06cf
      strings[0] = "TraceComponent[com.ibm.ws.container.AbstractContainer,class com.ibm.ws.container.AbstractContainer,[],null,null]"

