------Start of DE processing------ = [8/13/20 23:38:19:939 CST]
Exception = javax.servlet.ServletException
Source = com.ibm.ws.webcontainer.filter.WebAppFilterChain.doFilter
probeid = 82
Stack Dump = javax.servlet.ServletException: org.codehaus.jackson.map.JsonMappingException: Can not deserialize instance of java.lang.String[] out of START_OBJECT token
 at [Source: org.apache.cxf.transport.http.AbstractHTTPDestination$1@4e9161db; line: 1, column: 1]
	at com.ibm.ws.jaxrs20.endpoint.AbstractJaxRsWebEndpoint.invoke(AbstractJaxRsWebEndpoint.java:143)
	at com.ibm.websphere.jaxrs.server.IBMRestServlet.handleRequest(IBMRestServlet.java:146)
	at com.ibm.websphere.jaxrs.server.IBMRestServlet.doDelete(IBMRestServlet.java:131)
	at javax.servlet.http.HttpServlet.service(HttpServlet.java:713)
	at com.ibm.websphere.jaxrs.server.IBMRestServlet.service(IBMRestServlet.java:96)
	at com.ibm.ws.webcontainer.servlet.ServletWrapper.service(ServletWrapper.java:1230)
	at com.ibm.ws.webcontainer.servlet.ServletWrapper.handleRequest(ServletWrapper.java:729)
	at com.ibm.ws.webcontainer.servlet.ServletWrapper.handleRequest(ServletWrapper.java:426)
	at com.ibm.ws.webcontainer.filter.WebAppFilterChain.invokeTarget(WebAppFilterChain.java:182)
	at com.ibm.ws.webcontainer.filter.WebAppFilterChain.doFilter(WebAppFilterChain.java:93)
	at com.ibm.ws.security.jaspi.JaspiServletFilter.doFilter(JaspiServletFilter.java:56)
	at com.ibm.ws.webcontainer.filter.FilterInstanceWrapper.doFilter(FilterInstanceWrapper.java:201)
	at com.ibm.ws.webcontainer.filter.WebAppFilterChain.doFilter(WebAppFilterChain.java:90)
	at com.ibm.ws.webcontainer.filter.WebAppFilterManager.doFilter(WebAppFilterManager.java:1001)
	at com.ibm.ws.webcontainer.filter.WebAppFilterManager.invokeFilters(WebAppFilterManager.java:1139)
	at com.ibm.ws.webcontainer.filter.WebAppFilterManager.invokeFilters(WebAppFilterManager.java:1010)
	at com.ibm.ws.webcontainer.servlet.CacheServletWrapper.handleRequest(CacheServletWrapper.java:75)
	at com.ibm.ws.webcontainer.WebContainer.handleRequest(WebContainer.java:936)
	at com.ibm.ws.webcontainer.osgi.DynamicVirtualHost$2.run(DynamicVirtualHost.java:279)
	at com.ibm.ws.http.dispatcher.internal.channel.HttpDispatcherLink$TaskWrapper.run(HttpDispatcherLink.java:1134)
	at com.ibm.ws.http.dispatcher.internal.channel.HttpDispatcherLink.wrapHandlerAndExecute(HttpDispatcherLink.java:415)
	at com.ibm.ws.http.dispatcher.internal.channel.HttpDispatcherLink.ready(HttpDispatcherLink.java:374)
	at com.ibm.ws.http.channel.internal.inbound.HttpInboundLink.handleDiscrimination(HttpInboundLink.java:577)
	at com.ibm.ws.http.channel.internal.inbound.HttpInboundLink.handleNewRequest(HttpInboundLink.java:511)
	at com.ibm.ws.http.channel.internal.inbound.HttpInboundLink.processRequest(HttpInboundLink.java:359)
	at com.ibm.ws.http.channel.internal.inbound.HttpICLReadCallback.complete(HttpICLReadCallback.java:70)
	at com.ibm.ws.tcpchannel.internal.WorkQueueManager.requestComplete(WorkQueueManager.java:504)
	at com.ibm.ws.tcpchannel.internal.WorkQueueManager.attemptIO(WorkQueueManager.java:574)
	at com.ibm.ws.tcpchannel.internal.WorkQueueManager.workerRun(WorkQueueManager.java:958)
	at com.ibm.ws.tcpchannel.internal.WorkQueueManager$Worker.run(WorkQueueManager.java:1047)
	at com.ibm.ws.threading.internal.ExecutorServiceImpl$RunnableWrapper.run(ExecutorServiceImpl.java:239)
	at java.util.concurrent.ThreadPoolExecutor.runWorker(Unknown Source)
	at java.util.concurrent.ThreadPoolExecutor$Worker.run(Unknown Source)
	at java.lang.Thread.run(Unknown Source)
Caused by: org.codehaus.jackson.map.JsonMappingException: Can not deserialize instance of java.lang.String[] out of START_OBJECT token
 at [Source: org.apache.cxf.transport.http.AbstractHTTPDestination$1@4e9161db; line: 1, column: 1]
	at org.codehaus.jackson.map.JsonMappingException.from(JsonMappingException.java:163)
	at org.codehaus.jackson.map.deser.StdDeserializationContext.mappingException(StdDeserializationContext.java:219)
	at org.codehaus.jackson.map.deser.StdDeserializationContext.mappingException(StdDeserializationContext.java:212)
	at org.codehaus.jackson.map.deser.std.PrimitiveArrayDeserializers$StringDeser.handleNonArray(PrimitiveArrayDeserializers.java:153)
	at org.codehaus.jackson.map.deser.std.PrimitiveArrayDeserializers$StringDeser.deserialize(PrimitiveArrayDeserializers.java:119)
	at org.codehaus.jackson.map.deser.std.PrimitiveArrayDeserializers$StringDeser.deserialize(PrimitiveArrayDeserializers.java:107)
	at org.codehaus.jackson.map.ObjectMapper._readValue(ObjectMapper.java:2704)
	at org.codehaus.jackson.map.ObjectMapper.readValue(ObjectMapper.java:1315)
	at org.codehaus.jackson.jaxrs.JacksonJsonProvider.readFrom(JacksonJsonProvider.java:419)
	at org.apache.cxf.jaxrs.utils.JAXRSUtils$2.run(JAXRSUtils.java:1484)
	at java.security.AccessController.doPrivileged(Native Method)
	at org.apache.cxf.jaxrs.utils.JAXRSUtils.readFromMessageBodyReader(JAXRSUtils.java:1481)
	at org.apache.cxf.jaxrs.utils.JAXRSUtils.readFromMessageBody(JAXRSUtils.java:1430)
	at org.apache.cxf.jaxrs.utils.JAXRSUtils.processParameter(JAXRSUtils.java:955)
	at org.apache.cxf.jaxrs.utils.JAXRSUtils.processParameters(JAXRSUtils.java:902)
	at org.apache.cxf.jaxrs.interceptor.JAXRSInInterceptor.processRequest(JAXRSInInterceptor.java:292)
	at org.apache.cxf.jaxrs.interceptor.JAXRSInInterceptor.handleMessage(JAXRSInInterceptor.java:91)
	at org.apache.cxf.phase.PhaseInterceptorChain.doIntercept(PhaseInterceptorChain.java:309)
	at org.apache.cxf.transport.ChainInitiationObserver.onMessage(ChainInitiationObserver.java:124)
	at org.apache.cxf.transport.http.AbstractHTTPDestination.invoke(AbstractHTTPDestination.java:271)
	at com.ibm.ws.jaxrs20.endpoint.AbstractJaxRsWebEndpoint.invoke(AbstractJaxRsWebEndpoint.java:136)
	... 33 more

Dump of callerThis
Object type = com.ibm.ws.webcontainer.filter.WebAppFilterChain
  _filters = class java.util.ArrayList@465363b2
    serialVersionUID = 8683452581122892189
    DEFAULT_CAPACITY = 10
    EMPTY_ELEMENTDATA = class java.lang.Object[0]
    DEFAULTCAPACITY_EMPTY_ELEMENTDATA = class java.lang.Object[0]
    elementData = class java.lang.Object[5]
      Object[0] = class com.ibm.ws.webcontainer.filter.FilterInstanceWrapper@2166ebc4
      Object[1] = null
      Object[2] = null
      Object[3] = null
      Object[4] = null
    size = 1
    MAX_ARRAY_SIZE = 2147483639
    modCount = 1
    MAX_ARRAY_SIZE = 2147483639
  _currentFilterIndex = 1
  _numberOfFilters = 1
  requestProcessor = class com.ibm.ws.webcontainer.osgi.servlet.ServletWrapper@13bd0c03
    serialVersionUID = 1
    _mo = null
    serialVersionUID = -4479626085298397598
    notifyInvocationListeners = false
    UNINITIALIZED_STATE = -1
    AVAILABLE_STATE = 0
    UNAVAILABLE_STATE = 1
    UNAVAILABLE_PERMANENTLY_STATE = 2
    collabHelper = class com.ibm.ws.webcontainer.osgi.collaborator.CollaboratorHelperImpl@60a872ad
      webAppInvCollabs = class java.util.Collections$UnmodifiableSet@4b175ff3
      securityDomainForApp = null
      logger = class com.ibm.ws.logging.internal.WsLogger@5e041f80
      staticDefaultSecurityCollaborator = class com.ibm.ws.webcontainer.collaborator.WebAppSecurityCollaborator@35ea2209
      logger = class com.ibm.ws.logging.internal.WsLogger@62bf9f3
      CLASS_NAME = "com.ibm.wsspi.webcontainer.collaborator.CollaboratorHelper"
      webApp = class com.ibm.ws.webcontainer31.osgi.webapp.WebApp31@42250c7a
      securityCollaborator = class com.ibm.ws.webcontainer.security.WebAppSecurityCollaboratorImpl@78ad0ea9
      nameSpaceCollaborator = class com.ibm.ws.webcontainer.osgi.collaborator.WebAppNameSpaceCollaboratorImpl@5c76a58a
      transactionCollaborator = class com.ibm.ws.transaction.services.WebAppTransactionCollaboratorImpl@7aae8599
      connectionCollaborator = class com.ibm.ws.webcontainer.collaborator.ConnectionCollaborator@1cb381df
      allCollabEnum = class java.util.RegularEnumSet@7d213138
      servlet_23_or_greater = true
      DEFER_SERVLET_REQUEST_LISTENER_DESTROY_ON_ERROR = false
    nServicing = class java.util.concurrent.atomic.AtomicInteger@19ac7d6d
      serialVersionUID = 6214790243416807050
      unsafe = class sun.misc.Unsafe@2db30222
      valueOffset = 12
      value = 0
      serialVersionUID = -8742448824652078965
    lastAccessTime = 1597383488914
    state = 0
    logger = class com.ibm.ws.logging.internal.WsLogger@38f67527
      tc = class com.ibm.websphere.ras.TraceComponent@5e3af750
      ivCachedResourceBundleName = "com.ibm.ws.webcontainer.resources.Messages"
      ivCachedResourceBundle = class com.ibm.ws.webcontainer.resources.Messages@27048ede
      ivComponent = null
      ivOrganization = null
      ivProduct = null
      ivMinimumLocalizationLevelIntValue = 625
      ivTC = class com.ibm.websphere.ras.TraceComponent@3b6652ac
      loggerRegistrationComponent = class java.lang.ThreadLocal@3605b99
      emptyHandlers = class java.util.logging.Handler[0]
      offValue = 2147483647
      SYSTEM_LOGGER_RB_NAME = "sun.util.logging.resources.logging"
      SYSTEM_BUNDLE = class java.util.logging.Logger$LoggerBundle@2079da8c
      NO_RESOURCE_BUNDLE = class java.util.logging.Logger$LoggerBundle@2308c223
      manager = class com.ibm.ws.kernel.boot.logging.WsLogManager@22b5f948
      name = "com.ibm.ws.webcontainer.servlet"
      handlers = class java.util.concurrent.CopyOnWriteArrayList@365ecaf4
      loggerBundle = class java.util.logging.Logger$LoggerBundle@589dcb09
      useParentHandlers = true
      filter = null
      anonymous = false
      catalog = class com.ibm.ws.webcontainer.resources.Messages@27048ede
      catalogName = "com.ibm.ws.webcontainer.resources.Messages"
      catalogLocale = class java.util.Locale@3d6113e3
      treeLock = class java.lang.Object@3013d2be
      parent = class com.ibm.ws.logging.internal.WsLogger@705ab722
      kids = null
      levelObject = class java.util.logging.Level@46a9ffa3
      levelValue = 800
      callersClassLoaderRef = class java.lang.ref.WeakReference@7362029e
      isSystemLogger = false
      GLOBAL_LOGGER_NAME = "global"
      global = class java.util.logging.Logger@5d4aa86e
      $assertionsDisabled = true
    CLASS_NAME = "com.ibm.ws.webcontainer.servlet.ServletWrapper"
    nls = class com.ibm.ejs.ras.TraceNLS@e900a3e
      resolver = class com.ibm.ws.logging.internal.TraceNLSResolver@5590506a
      finder = class com.ibm.ws.logging.internal.StackFinder@bdb58cc
      ivBundleName = "com.ibm.ws.webcontainer.resources.Messages"
      caller = class java.lang.Class@7a930483
    servletConfig = class com.ibm.ws.webcontainer.servlet.ServletConfig@58234250
      logger = class com.ibm.ws.logging.internal.WsLogger@38f67527
      CLASS_NAME = "com.ibm.ws.webcontainer.servlet.ServletConfig"
      nls = class com.ibm.ejs.ras.TraceNLS@4696b2e8
      liberty_nls = class com.ibm.ejs.ras.TraceNLS@3d2f5aa7
      enabled = true
      servletName = "cr.ac.tec.apis.RestAPI"
      className = null
      mappings = class java.util.ArrayList@6b1bfc09
      startUpWeight = null
      DEFAULT_STARTUP = -1
      isCachingEnabled = true
      isStatisticsEnabled = true
      isInternal = false
      metaData = class com.ibm.ws.webcontainer.osgi.metadata.WebComponentMetaDataImpl@6527bf3f
      singleThreadModelServlet = false
      isJsp = false
      webAppConfig = class com.ibm.ws.webcontainer.osgi.webapp.WebAppConfiguration@60cff300
      servletWrapper = class com.ibm.ws.webcontainer.osgi.servlet.ServletWrapper@13bd0c03
      servletClass = class java.lang.Class@540096b1
      servlet = class com.ibm.websphere.jaxrs.server.IBMRestServlet@60cfd38c
      addedToLoadOnStartup = true
      previousWeight = null
      multipartConfig = null
      multipartConfigBaseLocation = null
      runAsRole = null
      servletSecurityElement = null
      declareRolesAnnotation = null
      logger = class com.ibm.ws.logging.internal.WsLogger@38f67527
      CLASS_NAME = "com.ibm.ws.webcontainer.servlet.TargetConfig"
      initParams = null
      fileName = null
      displayName = null
      name = "cr.ac.tec.apis.RestAPI"
      description = null
      smallIcon = null
      largeIcon = null
      context = class com.ibm.ws.webcontainer31.facade.ServletContextFacade31@4a1bd81
      className = null
      asyncSupported = true
      _id = "cr.ac.tec.apis.RestAPI"
      _attributes = null
      serialVersionUID = 7511545662945734886
      $$$tc$$$ = class com.ibm.websphere.ras.TraceComponent@703bba83
    context = class com.ibm.ws.webcontainer31.osgi.webapp.WebApp31@42250c7a
    target = class com.ibm.websphere.jaxrs.server.IBMRestServlet@60cfd38c
      serialVersionUID = -6835560282014155024
      KNOWN_HTTP_VERBS = class java.util.Arrays$ArrayList@51bc507c
      HTML_CONTENT_TYPE = "text/html"
      endpoint = class com.ibm.ws.jaxrs20.server.JaxRsWebEndpointImpl@38464143
      collaborator = class com.ibm.ws.webcontainer.osgi.collaborator.WebAppNameSpaceCollaboratorImpl@5c76a58a
      providerFactoryService = class com.ibm.ws.jaxrs20.component.JaxRsProviderFactory@6335b0
      $$$tc$$$ = class com.ibm.websphere.ras.TraceComponent@dcc726a
      METHOD_DELETE = "DELETE"
      METHOD_HEAD = "HEAD"
      METHOD_GET = "GET"
      METHOD_OPTIONS = "OPTIONS"
      METHOD_POST = "POST"
      METHOD_PUT = "PUT"
      METHOD_TRACE = "TRACE"
      HEADER_IFMODSINCE = "If-Modified-Since"
      HEADER_LASTMOD = "Last-Modified"
      LSTRING_FILE = "javax.servlet.http.LocalStrings"
      lStrings = class java.util.PropertyResourceBundle@5026b5d2
      LSTRING_FILE = "javax.servlet.LocalStrings"
      lStrings = class java.util.PropertyResourceBundle@20c26c8e
      config = class com.ibm.ws.webcontainer.servlet.ServletConfig@58234250
    cacheWrappers = class java.util.ArrayList@6c45a073
      serialVersionUID = 8683452581122892189
      DEFAULT_CAPACITY = 10
      EMPTY_ELEMENTDATA = class java.lang.Object[0]
      DEFAULTCAPACITY_EMPTY_ELEMENTDATA = class java.lang.Object[0]
      elementData = class java.lang.Object[10]
      size = 4
      MAX_ARRAY_SIZE = 2147483639
      modCount = 4
      MAX_ARRAY_SIZE = 2147483639
    targetLoader = null
    evtSource = class com.ibm.ws.webcontainer.webapp.WebAppEventSource@4f5b8a4c
      _invocationListeners = class com.ibm.ws.webcontainer.util.EventListeners@769083c0
      _servletListeners = class com.ibm.ws.webcontainer.util.EventListeners@4857d9d9
      _errorListeners = class com.ibm.ws.webcontainer.util.EventListeners@3294dfb3
      _applicationListeners = class com.ibm.ws.webcontainer.util.EventListeners@64f0e717
      _filterInvocationListeners = class com.ibm.ws.webcontainer.util.EventListeners@160cf6ca
      _filterListeners = class com.ibm.ws.webcontainer.util.EventListeners@60e36cc3
      _filterErrorListeners = class com.ibm.ws.webcontainer.util.EventListeners@741e5e2b
    event = class com.ibm.websphere.servlet.event.ServletEvent@35e6d1df
      serialVersionUID = 3906650803920713522
      _servletName = "cr.ac.tec.apis.RestAPI"
      _servletClassName = "com.ibm.websphere.jaxrs.server.IBMRestServlet"
      $$$tc$$$ = class com.ibm.websphere.ras.TraceComponent@4949c61b
      serialVersionUID = 3546927969739289392
      _context = class com.ibm.ws.webcontainer31.facade.ServletContextFacade31@4a1bd81
      _servletNames = class com.ibm.ws.webcontainer.util.EmptyEnumeration@733fc03a
      $$$tc$$$ = class com.ibm.websphere.ras.TraceComponent@7e1ae5c8
      serialVersionUID = 5516075349620653480
      source = class com.ibm.ws.webcontainer.osgi.servlet.ServletWrapper@13bd0c03
    unavailableMessage = null
    unavailableUntil = -1
    isSTM = false
    internalServlet = false
    webAppInvocationCollaborators = null
    platformHelper = class com.ibm.ws.webcontainer.PlatformHelper@3ba9fca7
    webAppNameSpaceCollab = class com.ibm.ws.webcontainer.osgi.collaborator.WebAppNameSpaceCollaboratorImpl@5c76a58a
      cmdai = class com.ibm.ws.threadContext.ComponentMetaDataAccessorImpl@3d6f6334
    txCollab = class com.ibm.ws.transaction.services.WebAppTransactionCollaboratorImpl@7aae8599
      tc = class com.ibm.websphere.ras.TraceComponent@5b41ddb2
      ltCurrentRef = class com.ibm.wsspi.kernel.service.utils.AtomicServiceReference@58216a56
      tranMgrRef = class com.ibm.wsspi.kernel.service.utils.AtomicServiceReference@2d238f10
      userTranRef = class com.ibm.wsspi.kernel.service.utils.AtomicServiceReference@692da903
      uowCallbackRef = class com.ibm.wsspi.kernel.service.utils.AtomicServiceReference@1594ed84
      serialVersionUID = -8319003162899973281
    suppressServletExceptionLogging = false
    throwExceptionEnum = class java.util.RegularEnumSet@6934696a
      serialVersionUID = 3411599620347842686
      elements = 256
      elementType = class java.lang.Class@3277af7a
      universe = class com.ibm.wsspi.webcontainer.collaborator.CollaboratorInvocationEnum[9]
      ZERO_LENGTH_ENUM_ARRAY = class java.lang.Enum[0]
      MAX_ARRAY_SIZE = 2147483639
    discernUnavailableServlet = false
    reInitServletonInitUnavailableException = true
    destroyServletonServiceUnavailableException = false
    servlet23 = true
    PARAMS_HEAD_TRACE = class java.lang.Class[2]
      Class[0] = class java.lang.Class@19374b41
      Class[1] = class java.lang.Class@1755f1ca
    defaultHeadMethodInUse = false
    defaultTraceMethodInUse = false
    checkedForDefaultMethods = null
    defaultTraceRequestBehavior = false
    defaultHeadRequestBehavior = false
    useOriginalRequestState = false
    warningStatusSet = false
    LSTRING_FILE = "javax.servlet.LocalStrings"
    lStrings = class java.util.PropertyResourceBundle@20c26c8e
      lookup = class java.util.HashMap@2aff6169
      INITIAL_CACHE_SIZE = 32
      NONEXISTENT_BUNDLE = class java.util.ResourceBundle$1@20ab7527
      cacheList = class java.util.concurrent.ConcurrentHashMap@640b6292
      referenceQueue = class java.lang.ref.ReferenceQueue@5fbf83b7
      parent = null
      locale = class java.util.Locale@3f7941db
      name = "javax.servlet.LocalStrings"
      expired = false
      cacheKey = class java.util.ResourceBundle$CacheKey@5c0cae08
      keySet = null
      providers = null
      $assertionsDisabled = true
    config = null
  _filtersDefined = true
  logger = class com.ibm.ws.logging.internal.WsLogger@7568ef3a
    tc = class com.ibm.websphere.ras.TraceComponent@5e3af750
      strings[0] = "TraceComponent[com.ibm.ws.logging.internal.WsLogger,class com.ibm.ws.logging.internal.WsLogger,[logging],com.ibm.ws.logging.internal.resources.LoggingMessages,null]"
    ivCachedResourceBundleName = null
    ivCachedResourceBundle = null
    ivComponent = null
    ivOrganization = null
    ivProduct = null
    ivMinimumLocalizationLevelIntValue = 625
    ivTC = class com.ibm.websphere.ras.TraceComponent@2028b9cb
      strings[0] = "TraceComponent[com.ibm.ws.webcontainer.filter,class com.ibm.wsspi.webcontainer.logging.LoggerFactory$1,[com.ibm.ws.webcontainer.filter],null,null]"
    loggerRegistrationComponent = class java.lang.ThreadLocal@3605b99
      threadLocalHashCode = -739633145
      nextHashCode = class java.util.concurrent.atomic.AtomicInteger@1632d297
      HASH_INCREMENT = 1640531527
    emptyHandlers = class java.util.logging.Handler[0]
    offValue = 2147483647
    SYSTEM_LOGGER_RB_NAME = "sun.util.logging.resources.logging"
    SYSTEM_BUNDLE = class java.util.logging.Logger$LoggerBundle@2079da8c
      resourceBundleName = "sun.util.logging.resources.logging"
      userBundle = null
    NO_RESOURCE_BUNDLE = class java.util.logging.Logger$LoggerBundle@2308c223
      resourceBundleName = null
      userBundle = null
    manager = class com.ibm.ws.kernel.boot.logging.WsLogManager@22b5f948
      CLASS_NAME = "com.ibm.ws.kernel.boot.logging.WsLogManager"
      CONFIGURE_BY_SERVER_PROPERTY_NAME = "java.util.logging.configureByServer"
      CONFIGURE_BY_LOGGING_PROPERTIES_FILE = "java.util.logging.configureByLoggingPropertiesFile"
      configureByServer = true
      configureByLoggingProperties = false
      wsLogger = class java.lang.reflect.Constructor@5120d3ba
      resetEnabled = true
      svBinaryLoggingEnable = false
      manager = class com.ibm.ws.kernel.boot.logging.WsLogManager@22b5f948
      props = class java.util.Properties@4829943b
      defaultLevel = class java.util.logging.Level@46a9ffa3
      listenerMap = class java.util.HashMap@546243de
      systemContext = class java.util.logging.LogManager$SystemLoggerContext@308f7eb
      userContext = class java.util.logging.LogManager$LoggerContext@23477efc
      rootLogger = class java.util.logging.LogManager$RootLogger@5d075134
      readPrimordialConfiguration = true
      initializedGlobalHandlers = true
      deathImminent = false
      initializedCalled = true
      initializationDone = true
      contextsMap = null
      loggerRefQueue = class java.lang.ref.ReferenceQueue@27cbaee3
      MAX_ITERATIONS = 400
      controlPermission = class java.util.logging.LoggingPermission@61f17577
      loggingMXBean = null
      LOGGING_MXBEAN_NAME = "java.util.logging:type=Logging"
      $assertionsDisabled = true
    name = "com.ibm.ws.webcontainer.filter"
    handlers = class java.util.concurrent.CopyOnWriteArrayList@2aaea428
      serialVersionUID = 8673264195747942595
      lock = class java.util.concurrent.locks.ReentrantLock@21770c2e
      array = class java.lang.Object[0]
      UNSAFE = class sun.misc.Unsafe@2db30222
      lockOffset = 12
    loggerBundle = class java.util.logging.Logger$LoggerBundle@77bd1c3c
      resourceBundleName = "com.ibm.ws.webcontainer.resources.Messages"
      userBundle = null
    useParentHandlers = true
    filter = null
    anonymous = false
    catalog = class com.ibm.ws.webcontainer.resources.Messages@27048ede
      resources = class [Ljava.lang.Object;[338]
      lookup = class java.util.HashMap@40ff774
      INITIAL_CACHE_SIZE = 32
      NONEXISTENT_BUNDLE = class java.util.ResourceBundle$1@20ab7527
      cacheList = class java.util.concurrent.ConcurrentHashMap@640b6292
      referenceQueue = class java.lang.ref.ReferenceQueue@5fbf83b7
      parent = null
      locale = class java.util.Locale@3f7941db
      name = "com.ibm.ws.webcontainer.resources.Messages"
      expired = false
      cacheKey = class java.util.ResourceBundle$CacheKey@534414ec
      keySet = null
      providers = null
      $assertionsDisabled = true
    catalogName = "com.ibm.ws.webcontainer.resources.Messages"
    catalogLocale = class java.util.Locale@3d6113e3
      LOCALECACHE = class java.util.Locale$Cache@69354bbc
      ENGLISH = class java.util.Locale@189820b7
      FRENCH = class java.util.Locale@1c9802ab
      GERMAN = class java.util.Locale@7d3aeaae
      ITALIAN = class java.util.Locale@3e11361e
      JAPANESE = class java.util.Locale@675524f3
      KOREAN = class java.util.Locale@3b04ffe8
      CHINESE = class java.util.Locale@11411dbc
      SIMPLIFIED_CHINESE = class java.util.Locale@26d7684c
      TRADITIONAL_CHINESE = class java.util.Locale@686bb2d9
      FRANCE = class java.util.Locale@740cfb83
      GERMANY = class java.util.Locale@6d39b443
      ITALY = class java.util.Locale@70b124a0
      JAPAN = class java.util.Locale@4579ad15
      KOREA = class java.util.Locale@563a96da
      CHINA = class java.util.Locale@26d7684c
      PRC = class java.util.Locale@26d7684c
      TAIWAN = class java.util.Locale@686bb2d9
      UK = class java.util.Locale@7601bbf2
      US = class java.util.Locale@3d6113e3
      CANADA = class java.util.Locale@f6c05b6
      CANADA_FRENCH = class java.util.Locale@7f5004b
      ROOT = class java.util.Locale@3f7941db
      PRIVATE_USE_EXTENSION = x
      UNICODE_LOCALE_EXTENSION = u
      serialVersionUID = 9149081749638150636
      DISPLAY_LANGUAGE = 0
      DISPLAY_COUNTRY = 1
      DISPLAY_VARIANT = 2
      DISPLAY_SCRIPT = 3
      baseLocale = class sun.util.locale.BaseLocale@57bca29
      localeExtensions = null
      hashCodeValue = 96636889
      defaultLocale = class java.util.Locale@3d6113e3
      defaultDisplayLocale = null
      defaultFormatLocale = class java.util.Locale@3d6113e3
      languageTag = "en-US"
      serialPersistentFields = class java.io.ObjectStreamField[6]
      isoLanguages = null
      isoCountries = null
      $assertionsDisabled = true
    treeLock = class java.lang.Object@3013d2be
    parent = class com.ibm.ws.logging.internal.WsLogger@705ab722
      tc = class com.ibm.websphere.ras.TraceComponent@5e3af750
      ivCachedResourceBundleName = "com.ibm.ws.webcontainer.resources.Messages"
      ivCachedResourceBundle = class com.ibm.ws.webcontainer.resources.Messages@27048ede
      ivComponent = null
      ivOrganization = null
      ivProduct = null
      ivMinimumLocalizationLevelIntValue = 625
      ivTC = class com.ibm.websphere.ras.TraceComponent@6c1e5569
      loggerRegistrationComponent = class java.lang.ThreadLocal@3605b99
      emptyHandlers = class java.util.logging.Handler[0]
      offValue = 2147483647
      SYSTEM_LOGGER_RB_NAME = "sun.util.logging.resources.logging"
      SYSTEM_BUNDLE = class java.util.logging.Logger$LoggerBundle@2079da8c
      NO_RESOURCE_BUNDLE = class java.util.logging.Logger$LoggerBundle@2308c223
      manager = class com.ibm.ws.kernel.boot.logging.WsLogManager@22b5f948
      name = "com.ibm.ws.webcontainer"
      handlers = class java.util.concurrent.CopyOnWriteArrayList@4949e5d9
      loggerBundle = class java.util.logging.Logger$LoggerBundle@44a4c4c9
      useParentHandlers = true
      filter = null
      anonymous = false
      catalog = class com.ibm.ws.webcontainer.resources.Messages@27048ede
      catalogName = "com.ibm.ws.webcontainer.resources.Messages"
      catalogLocale = class java.util.Locale@3d6113e3
      treeLock = class java.lang.Object@3013d2be
      parent = class java.util.logging.Logger@6c5c6cfa
      kids = class java.util.ArrayList@56fd38a5
      levelObject = class java.util.logging.Level@46a9ffa3
      levelValue = 800
      callersClassLoaderRef = class java.lang.ref.WeakReference@3829470f
      isSystemLogger = false
      GLOBAL_LOGGER_NAME = "global"
      global = class java.util.logging.Logger@5d4aa86e
      $assertionsDisabled = true
    kids = null
    levelObject = class java.util.logging.Level@46a9ffa3
      defaultBundle = "sun.util.logging.resources.logging"
      name = "INFO"
      value = 800
      resourceBundleName = "sun.util.logging.resources.logging"
      localizedLevelName = "INFO"
      cachedLocale = class java.util.Locale@3d6113e3
      OFF = class java.util.logging.Level@69a08186
      SEVERE = class java.util.logging.Level@7b7a753e
      WARNING = class java.util.logging.Level@723434b4
      INFO = class java.util.logging.Level@46a9ffa3
      CONFIG = class java.util.logging.Level@59c1cc98
      FINE = class java.util.logging.Level@3400ca97
      FINER = class java.util.logging.Level@1cfb8aac
      FINEST = class java.util.logging.Level@4fb99c13
      ALL = class java.util.logging.Level@18cb3c70
      serialVersionUID = -8176160795706313070
    levelValue = 800
    callersClassLoaderRef = class java.lang.ref.WeakReference@451e3cce
      referent = class org.eclipse.osgi.internal.loader.EquinoxClassLoader@5e176c6f
      queue = class java.lang.ref.ReferenceQueue$Null@5a5e38d4
      next = null
      discovered = null
      lock = class java.lang.ref.Reference$Lock@49bfa4c0
      pending = null
    isSystemLogger = false
    GLOBAL_LOGGER_NAME = "global"
    global = class java.util.logging.Logger@5d4aa86e
      emptyHandlers = class java.util.logging.Handler[0]
      offValue = 2147483647
      SYSTEM_LOGGER_RB_NAME = "sun.util.logging.resources.logging"
      SYSTEM_BUNDLE = class java.util.logging.Logger$LoggerBundle@2079da8c
      NO_RESOURCE_BUNDLE = class java.util.logging.Logger$LoggerBundle@2308c223
      manager = class com.ibm.ws.kernel.boot.logging.WsLogManager@22b5f948
      name = "global"
      handlers = class java.util.concurrent.CopyOnWriteArrayList@368e0291
      loggerBundle = class java.util.logging.Logger$LoggerBundle@2308c223
      useParentHandlers = true
      filter = null
      anonymous = false
      catalog = null
      catalogName = null
      catalogLocale = null
      treeLock = class java.lang.Object@3013d2be
      parent = class java.util.logging.LogManager$RootLogger@5d075134
      kids = null
      levelObject = null
      levelValue = 800
      callersClassLoaderRef = null
      isSystemLogger = true
      GLOBAL_LOGGER_NAME = "global"
      global = class java.util.logging.Logger@5d4aa86e
      $assertionsDisabled = true
    $assertionsDisabled = true
  CLASS_NAME = "com.ibm.ws.webcontainer.filter.WebAppFilterChain"
  webapp = class com.ibm.ws.webcontainer31.osgi.webapp.WebApp31@42250c7a
    tc = class com.ibm.websphere.ras.TraceComponent@1b20936d
      strings[0] = "TraceComponent[com.ibm.ws.webcontainer31.osgi.webapp.WebApp31,class com.ibm.ws.webcontainer31.osgi.webapp.WebApp31,[webcontainer],com.ibm.ws.webcontainer31.resources.Messages,null]"
    CLASS_NAME = "com.ibm.ws.webcontainer31.osgi.webapp.WebApp31"
    servlet31NLS = class com.ibm.ejs.ras.TraceNLS@7e016e7a
      resolver = class com.ibm.ws.logging.internal.TraceNLSResolver@5590506a
      finder = class com.ibm.ws.logging.internal.StackFinder@bdb58cc
      ivBundleName = "com.ibm.ws.webcontainer31.resources.Messages"
      caller = class java.lang.Class@2e60e48a
    validListenerClasses = class java.lang.Class[7]
      Class[0] = class java.lang.Class@1c43a4cc
      Class[1] = class java.lang.Class@5ac91339
      Class[2] = class java.lang.Class@5d2fd8f3
      Class[3] = class java.lang.Class@21e75d86
      Class[4] = class java.lang.Class@2003f8b2
      Class[5] = class java.lang.Class@32c16750
      Class[6] = class java.lang.Class@67e36aea
    wsocServHandler = class com.ibm.ws.wsoc.external.WsocHandlerImpl@518df27c
      tc = class com.ibm.websphere.ras.TraceComponent@4e1098ae
      noMoreAddsCalled = true
      serialVersionUID = -2067291126638824067
    tc = class com.ibm.websphere.ras.TraceComponent@25821fed
      strings[0] = "TraceComponent[com.ibm.ws.webcontainer.osgi.webapp.WebApp,class com.ibm.ws.webcontainer.osgi.webapp.WebApp,[webcontainer],com.ibm.ws.webcontainer.resources.LShimMessages,null]"
    CLASS_NAME = "com.ibm.ws.webcontainer.osgi.webapp.WebApp"
    metaDataService = class com.ibm.ws.container.service.metadata.internal.MetaDataServiceImpl@d67dbbb
      applicationMetaDataManager = class com.ibm.ws.container.service.metadata.internal.ApplicationMetaDataManager@7043990
      moduleMetaDataManager = class com.ibm.ws.container.service.metadata.internal.ModuleMetaDataManager@2b5ef2f6
      componentMetaDataManager = class com.ibm.ws.container.service.metadata.internal.ComponentMetaDataManager@2b8a5dda
      methodMetaDataManager = class com.ibm.ws.container.service.metadata.internal.MethodMetaDataManager@4443156d
      appModuleNameToModuleContainer = class java.util.concurrent.ConcurrentHashMap@3ef05114
      jeeNameToComponentMetaData = class java.util.concurrent.ConcurrentHashMap@189e27e3
      deferredMetaDataFactories = class com.ibm.wsspi.kernel.service.utils.ConcurrentServiceReferenceSet@6183dda7
      deferredMetaDataInitializers = class com.ibm.wsspi.kernel.service.utils.ConcurrentServiceReferenceMap@3db75487
      serialVersionUID = -2494605732980966097
      $$$tc$$$ = class com.ibm.websphere.ras.TraceComponent@da62e6
    namespacePopulated = false
    referenceContext = class com.ibm.ws.injectionengine.osgi.internal.OSGiReferenceContextImpl@50d51998
      scopeData = class com.ibm.ws.injectionengine.osgi.internal.OSGiInjectionScopeData@7ddfb4c4
      serialVersionUID = 521511923892134915
      $$$tc$$$ = class com.ibm.websphere.ras.TraceComponent@6f1c2cea
      CLASS_NAME = "com.ibm.ws.injectionengine.ReferenceContextImpl"
      tc = class com.ibm.websphere.ras.TraceComponent@29534a13
      ivInjectionEngine = class com.ibm.ws.injectionengine.osgi.internal.OSGiInjectionEngineImpl@4cae71fe
      ivProviders = class java.util.ArrayList@4e900029
      ivComponentJavaContext = null
      ivComponentNameSpace = null
      ivJavaColonCompEnvMap = class java.util.LinkedHashMap@261e5d84
      ivEjbContext10 = class java.util.Properties@24725d4e
      ivResourceRefConfigList = null
      isAlreadyProcessed = true
      ivProcessFailure = null
      ivInjectionTargetMap = class java.util.concurrent.ConcurrentHashMap@1b6ce9bf
      svInjTarMapCacheSize = 256
      ivDeclaredInjectionTargets = class java.util.HashMap@55b323b3
      ivProcessedInjectionClasses = class java.util.HashSet@195b6fc
      svInjClassMapCacheSize = 512
      ivProcessedInjectionBindings = class java.util.LinkedHashSet@373b03ad
      ivAnyProcessDynamic = true
      ivCheckAppConfig = false
    j2eeNameFactory = class com.ibm.ws.container.service.metadata.internal.J2EENameFactoryImpl@5d942c76
      serialVersionUID = 3486344295038028821
      $$$tc$$$ = class com.ibm.websphere.ras.TraceComponent@225db546
    moduleLoader = class com.ibm.ws.classloading.internal.AppClassLoader@608fa02
      tc = class com.ibm.websphere.ras.TraceComponent@f42b9f5
      disableSharedClassesCache = false
      PARENT_FIRST_SEARCH_ORDER = class java.util.Collections$UnmodifiableRandomAccessList@c97b577
      packagesDefined = class java.util.Collections$SetFromMap@688dd588
      CLASS_LOADING_TRACE_PREFIX = "com.ibm.ws.class.load."
      DEFAULT_PACKAGE = "default.package"
      perPackageClassLoadingTraceComponents = class java.util.concurrent.ConcurrentHashMap@190dd5a4
      config = class com.ibm.ws.classloading.internal.ClassLoaderConfigurationImpl@40086090
      privateLibraries = null
      delegateLoaders = class com.ibm.ws.classloading.internal.util.CompositeIterable@710559eb
      nativeLibraryFiles = class java.util.ArrayList@7722e3d6
      transformers = class java.util.ArrayList@75b863
      apiAccess = class com.ibm.ws.classloading.internal.GatewayClassLoader@5b1d7582
      generator = class com.ibm.ws.classloading.internal.ClassGeneratorManager@37a441d
      protectionDomains = class java.util.concurrent.ConcurrentHashMap@58eb9f98
      parent = class com.ibm.ws.classloading.internal.GatewayClassLoader@5b1d7582
      hook = null
      serialVersionUID = 8734164900246230615
      tc = class com.ibm.websphere.ras.TraceComponent@aedcd0
      smartClassPath = class com.ibm.ws.classloading.internal.ContainerClassLoader$SmartClassPathImpl@38b7eb00
      nativeLibraryContainers = class java.util.ArrayList@152cead5
      redefiner = class com.ibm.ws.classloading.internal.util.ClassRedefiner@44270ec1
      jarProtocol = "wsjar:"
      mapCreationQueue = class java.util.concurrent.Executors$FinalizableDelegatedExecutorService@40b45e82
      serialVersionUID = 6399598832433768509
      serialVersionUID = 1837293532091806117
      $$$tc$$$ = class com.ibm.websphere.ras.TraceComponent@77e28f0d
      serialVersionUID = -4586727107834513475
      $$$tc$$$ = class com.ibm.websphere.ras.TraceComponent@3aa35e5f
      serialVersionUID = -7709588811276454856
      $$$tc$$$ = class com.ibm.websphere.ras.TraceComponent@4c61e899
      initialized = true
      pdcache = class java.util.HashMap@475c527f
      debug = null
      parent = class com.ibm.ws.classloading.internal.GatewayClassLoader@5b1d7582
      parallelLockMap = class java.util.concurrent.ConcurrentHashMap@35d46203
      package2certs = class java.util.concurrent.ConcurrentHashMap@4979237e
      nocerts = class java.security.cert.Certificate[0]
      classes = class java.util.Vector@2bdb249d
      defaultDomain = class java.security.ProtectionDomain@eb15433
      packages = class java.util.HashMap@1863eb9c
      scl = class sun.misc.Launcher$AppClassLoader@18b4aac2
      sclSet = true
      loadedLibraryNames = class java.util.Vector@5ca42442
      systemNativeLibraries = class java.util.Vector@7a535bab
      nativeLibraries = class java.util.Vector@1881593d
      nativeLibraryContext = class java.util.Stack@705c0147
      usr_paths = class java.lang.String[43]
      sys_paths = class java.lang.String[1]
      assertionLock = class java.lang.Object@6a0c797c
      defaultAssertionStatus = false
      packageAssertionStatus = null
      classAssertionStatus = null
    webAppConfig = class com.ibm.ws.webcontainer.osgi.webapp.WebAppConfiguration@60cff300
      webModuleMetaData = class com.ibm.ws.webcontainer.osgi.metadata.WebModuleMetaDataImpl@6ce1c714
      webComponentMetaData = class com.ibm.ws.webcontainer.osgi.metadata.WebComponentMetaDataImpl@5be6a515
      dVirtualHost = class com.ibm.ws.webcontainer.osgi.DynamicVirtualHost@4909444e
      orderedLibPaths = class java.util.Collections$UnmodifiableRandomAccessList@3561c373
      bundleHeaders = null
      cdiEnabled = false
      CLASS_NAME = "com.ibm.ws.webcontainer.webapp.WebAppConfiguration"
      logger = class com.ibm.ws.logging.internal.WsLogger@4044ea8f
      tc = class com.ibm.websphere.ras.TraceComponent@6f2a04ed
      nls = class com.ibm.ejs.ras.TraceNLS@2e64219f
      version = 30
      contextRoot = "/BackEnd"
      isDefaultContextRootUsed = false
      sessionTimeout = 0
      moduleSessionTimeoutSet = false
      moduleSessionTrackingModeSet = false
      sessionCookieConfig = class com.ibm.ws.session.SessionCookieConfigImpl@1525157b
      hasProgrammaticCookieConfig = false
      sessionDefaultTrackingModeSet = class java.util.RegularEnumSet@29fd8488
      sessionManagerConfig = class com.ibm.ws.session.SessionManagerConfig@4e8a13aa
      displayName = "BackEnd"
      description = null
      reloadInterval = 0
      distributable = false
      denyUncoveredHttpMethods = false
      reloadingEnabled = false
      serveServletsByClassnameEnabled = false
      defaultErrorPage = null
      additionalClassPath = null
      fileServingEnabled = null
      directoryBrowsingEnabled = false
      autoRequestEncoding = false
      autoResponseEncoding = false
      autoLoadFilters = false
      requestListeners = null
      requestAttributeListeners = null
      sessionListeners = null
      localeMap = null
      moduleName = "BackEnd"
      j2eeModuleName = "BackEnd.war"
      moduleId = null
      isSyncToThreadEnabled = false
      encodeDispatchedRequestURI = false
      isSystemApp = false
      ardEnabled = false
      ardDispatchType = null
      listeners = class java.util.ArrayList@416dbb3d
      welcomeFileList = class java.util.ArrayList@7c5ef0a6
      servletMappings = class java.util.HashMap@39c2f261
      lastIndexBeforeDeclaredFilters = 1
      filterMappings = class java.util.ArrayList@274bb1b0
      servletInfo = class java.util.concurrent.ConcurrentHashMap@bd35237
      filterInfo = class java.util.HashMap@3482b
      mimeMappings = class java.util.HashMap@2efce3b0
      mimeFilters = null
      isMimeFilteringEnabled = false
      theWebGroup = null
      jspAttributes = class java.util.HashMap@544001ee
      fileServingAttributes = class java.util.HashMap@4593b3bb
      invokerAttributes = class java.util.HashMap@5fcbe932
      contextParams = class java.util.HashMap@16636018
      virtualHost = "default_host"
      exceptionErrorPages = class java.util.HashMap@42f85c4b
      codeErrorPages = class java.util.HashMap@1a2e21c4
      tagLibList = null
      precompileJsps = false
      webApp = class com.ibm.ws.webcontainer31.osgi.webapp.WebApp31@42250c7a
      virtualHostList = class java.util.Collections$EmptyList@1aacd9ca
      appStartupWeight = 0
      moduleStartupWeight = 0
      metaDataComplete = false
      classesToScan = class java.util.ArrayList@17c21927
      uriFilterMappingInfos = class java.util.ArrayList@17d80590
      servletFilterMappingInfos = null
      dynamicServletRegistrationMap = null
      applicationName = "BackEnd"
      libBinPathList = class java.util.ArrayList@7c9326ae
      webXmlDefinedListeners = class java.util.HashSet@8dc27f
      allRefs = class java.util.EnumMap@781e868
      allRefBindings = class java.util.EnumMap@50a2998d
      envEntryValues = class java.util.HashMap@35e17361
      resourceRefConfigList = null
      disallowAllFileServingProp = "false"
      disallowServeServletsByClassnameProp = "true"
      disableStaticMappingCache = false
      jspCachedLocations = class java.util.HashMap@5b11d198
      primedSTSHeader = "NoValue"
      enablemultireadofpostdata = false
      requestEncoding = null
      responseEncoding = null
      NULLSERVLETNAME = "com.ibm.ws.webcontainer.NullServletName"
      _id = "WebAppGeneratedId1"
      _attributes = null
      serialVersionUID = 7511545662945734886
      $$$tc$$$ = class com.ibm.websphere.ras.TraceComponent@703bba83
    extensionProcessingDisabled = false
    managedObjectService = class com.ibm.ws.cdi.impl.managedobject.CDIManagedObjectService@63342baa
      cdiServiceRef = class com.ibm.wsspi.kernel.service.utils.AtomicServiceReference@5589d1e5
      defaultMOSRef = class com.ibm.wsspi.kernel.service.utils.AtomicServiceReference@cdf7a82
      cdiRuntime = class com.ibm.ws.cdi.liberty.CDIRuntimeImpl@7738033b
      serialVersionUID = 6431825704414919683
      $$$tc$$$ = class com.ibm.websphere.ras.TraceComponent@20782cf5
    internalServletMetaData = interface com.ibm.wsspi.webcontainer.metadata.WebComponentMetaData[2]
      WebComponentMetaData[0] = null
      WebComponentMetaData[1] = null
    loginProcessor = null
    logoutProcessor = null
    collabHelper = class com.ibm.ws.webcontainer.osgi.collaborator.CollaboratorHelperImpl@60a872ad
    envObject = class com.ibm.ws.util.WSThreadLocal@52b0d952
      tc = class com.ibm.ejs.ras.TraceComponent@188041c7
      count = 9
      index = 4
      SUSPECTED_MISUSAGE_THRESHOLD = 200
      threadLocalHashCode = -1864596690
      nextHashCode = class java.util.concurrent.atomic.AtomicInteger@1632d297
      HASH_INCREMENT = 1640531527
    orderedLibPaths = class java.util.Collections$UnmodifiableRandomAccessList@3561c373
      serialVersionUID = -2542308836966382001
      serialVersionUID = -283967356065247728
      list = class java.util.ArrayList@36c197c4
      serialVersionUID = 1820017752578914078
      c = class java.util.ArrayList@36c197c4
    perm = class com.ibm.websphere.security.WebSphereRuntimePermission@72148f9c
      serialVersionUID = -3306242789188168337
      $$$tc$$$ = class com.ibm.websphere.ras.TraceComponent@2286305a
      serialVersionUID = 6279438298436773498
      wildcard = false
      path = "accessServletContext"
      exitVM = false
      serialVersionUID = -5636570222231596674
      name = "accessServletContext"
    WELCOME_FILE_LIST = "com.ibm.ws.webcontainer.config.WelcomeFileList"
    DIR_BROWSING_MAPPING = "__dirBrowsing__1597383488152"
    FILTER_PROXY_MAPPING = "/__filterProxy__1597383488152"
    logger = class com.ibm.ws.logging.internal.WsLogger@4044ea8f
      tc = class com.ibm.websphere.ras.TraceComponent@5e3af750
      ivCachedResourceBundleName = null
      ivCachedResourceBundle = null
      ivComponent = null
      ivOrganization = null
      ivProduct = null
      ivMinimumLocalizationLevelIntValue = 625
      ivTC = class com.ibm.websphere.ras.TraceComponent@8af6507
      loggerRegistrationComponent = class java.lang.ThreadLocal@3605b99
      emptyHandlers = class java.util.logging.Handler[0]
      offValue = 2147483647
      SYSTEM_LOGGER_RB_NAME = "sun.util.logging.resources.logging"
      SYSTEM_BUNDLE = class java.util.logging.Logger$LoggerBundle@2079da8c
      NO_RESOURCE_BUNDLE = class java.util.logging.Logger$LoggerBundle@2308c223
      manager = class com.ibm.ws.kernel.boot.logging.WsLogManager@22b5f948
      name = "com.ibm.ws.webcontainer.webapp"
      handlers = class java.util.concurrent.CopyOnWriteArrayList@6bd19b2a
      loggerBundle = class java.util.logging.Logger$LoggerBundle@5d54019c
      useParentHandlers = true
      filter = null
      anonymous = false
      catalog = class com.ibm.ws.webcontainer.resources.Messages@27048ede
      catalogName = "com.ibm.ws.webcontainer.resources.Messages"
      catalogLocale = class java.util.Locale@3d6113e3
      treeLock = class java.lang.Object@3013d2be
      parent = class com.ibm.ws.logging.internal.WsLogger@705ab722
      kids = null
      levelObject = class java.util.logging.Level@46a9ffa3
      levelValue = 800
      callersClassLoaderRef = class java.lang.ref.WeakReference@3f0f85e9
      isSystemLogger = false
      GLOBAL_LOGGER_NAME = "global"
      global = class java.util.logging.Logger@5d4aa86e
      $assertionsDisabled = true
    CLASS_NAME = "com.ibm.ws.webcontainer.webapp.WebApp"
    loader = class com.ibm.ws.classloading.internal.ThreadContextClassLoader@3ee41eab
      tc = class com.ibm.websphere.ras.TraceComponent@a8287ed
      bundle = class java.util.concurrent.atomic.AtomicReference@53dbb03a
      key = "WebModule:BackEnd#BackEnd.war"
      refCount = class java.util.concurrent.atomic.AtomicInteger@1771253d
      appLoader = class com.ibm.ws.classloading.internal.AppClassLoader@608fa02
      clSvc = class com.ibm.ws.classloading.internal.ClassLoadingServiceImpl@293536c9
      serialVersionUID = 846416563800781557
      tc = class com.ibm.websphere.ras.TraceComponent@48554515
      followOnClassLoaders = class java.util.ArrayList@7c7daf66
      serialVersionUID = 8829649920524275888
      serialVersionUID = -4586727107834513475
      $$$tc$$$ = class com.ibm.websphere.ras.TraceComponent@3aa35e5f
      serialVersionUID = -7709588811276454856
      $$$tc$$$ = class com.ibm.websphere.ras.TraceComponent@4c61e899
      initialized = true
      pdcache = class java.util.HashMap@72a99ab3
      debug = null
      parent = class com.ibm.ws.classloading.internal.GatewayClassLoader@663c9902
      parallelLockMap = class java.util.concurrent.ConcurrentHashMap@6cef1116
      package2certs = class java.util.concurrent.ConcurrentHashMap@6c6cf13c
      nocerts = class java.security.cert.Certificate[0]
      classes = class java.util.Vector@7dfb7548
      defaultDomain = class java.security.ProtectionDomain@43390446
      packages = class java.util.HashMap@57cada96
      scl = class sun.misc.Launcher$AppClassLoader@18b4aac2
      sclSet = true
      loadedLibraryNames = class java.util.Vector@5ca42442
      systemNativeLibraries = class java.util.Vector@7a535bab
      nativeLibraries = class java.util.Vector@71437b93
      nativeLibraryContext = class java.util.Stack@705c0147
      usr_paths = class java.lang.String[43]
      sys_paths = class java.lang.String[1]
      assertionLock = class java.lang.Object@7bc50ef
      defaultAssertionStatus = false
      packageAssertionStatus = null
      classAssertionStatus = null
    facade = class com.ibm.ws.webcontainer31.facade.ServletContextFacade31@4a1bd81
      context = class com.ibm.ws.webcontainer31.osgi.webapp.WebApp31@42250c7a
    features = class java.util.ArrayList@5c930825
      serialVersionUID = 8683452581122892189
      DEFAULT_CAPACITY = 10
      EMPTY_ELEMENTDATA = class java.lang.Object[0]
      DEFAULTCAPACITY_EMPTY_ELEMENTDATA = class java.lang.Object[0]
      elementData = class java.lang.Object[0]
      size = 0
      MAX_ARRAY_SIZE = 2147483639
      modCount = 0
      MAX_ARRAY_SIZE = 2147483639
    applicationName = "BackEnd"
    config = class com.ibm.ws.webcontainer.osgi.webapp.WebAppConfiguration@60cff300
    securityEnabledForApp = true
    webExtensionProcessor = class com.ibm.ws.webcontainer.osgi.extension.WebExtensionProcessor@8eb36cc
      webApp = class com.ibm.ws.webcontainer31.osgi.webapp.WebApp31@42250c7a
      extensionContext = class com.ibm.ws.webcontainer31.osgi.webapp.WebApp31@42250c7a
    production = true
    isServlet23 = true
    contextPath = "/BackEnd"
    internalServletList = class [Ljava.lang.String;[2]
      String[][0] = class java.lang.String[2]
      String[][1] = class java.lang.String[2]
    BY_NAME_ONLY = "/_1597383488152_/"
    filterManager = class com.ibm.ws.webcontainer.osgi.filter.WebAppFilterManagerImpl@afb18b1
      _filterWrappers = class java.util.Hashtable@a4a4102
      chainCache = class java.util.Collections$SynchronizedMap@1ce4a344
      forwardChainCache = class java.util.Collections$SynchronizedMap@1cca35d3
      includeChainCache = class java.util.Collections$SynchronizedMap@69ec5969
      errorChainCache = class java.util.Collections$SynchronizedMap@31764707
      _filtersDefined = true
      FMI_MAPPING_SINGLE_SLASH = 0
      FMI_MAPPING_PATH_MATCH = 1
      FMI_MAPPING_EXTENSION_MATCH = 2
      FMI_MAPPING_EXACT_MATCH = 3
      logger = class com.ibm.ws.logging.internal.WsLogger@7568ef3a
      CLASS_NAME = "com.ibm.ws.webcontainer.filter.WebAppFilterManager"
      nls = class com.ibm.ejs.ras.TraceNLS@8b12cee
      webAppConfig = class com.ibm.ws.webcontainer.osgi.webapp.WebAppConfiguration@60cff300
      webApp = class com.ibm.ws.webcontainer31.osgi.webapp.WebApp31@42250c7a
      collabHelper = class com.ibm.ws.webcontainer.osgi.collaborator.CollaboratorHelperImpl@60a872ad
      secCollab = class com.ibm.ws.webcontainer.security.WebAppSecurityCollaboratorImpl@78ad0ea9
      sessionSecurityIntegrationEnabled = true
      assumeFilterSuccessOnSecurityError = false
      useOriginalRequestState = false
      _evtSource = class com.ibm.ws.webcontainer.webapp.WebAppEventSource@4f5b8a4c
      defaultComponentMetaData = class com.ibm.ws.webcontainer.osgi.metadata.WebComponentMetaDataImpl@5be6a515
      DEFER_SERVLET_REQUEST_LISTENER_DESTROY_ON_ERROR = false
    documentRoot = null
    SERVLET_API_VERSION = "Servlet 2.5"
    disableServletAuditLogging = -1
    serverInfo = "IBM WebSphere Liberty/20.0.0.8"
    sessionCtx = class com.ibm.ws.webcontainer31.session.impl.HttpSessionContext31Impl@4e6dfbeb
      methodClassName = "HttpSessionContextImpl"
      _smc = class com.ibm.ws.session.SessionManagerConfig@4e8a13aa
      sessionStoreService = null
      _sap = class com.ibm.ws.session.SessionApplicationParameters@4e1e2825
      _coreHttpSessionManager = class com.ibm.ws.session.SessionManager@5803fe54
      _coreHttpAppSessionManager = null
      _sam = class com.ibm.ws.webcontainer.session.impl.SessionAffinityManagerImpl@2c747a59
      isSIPApplication = false
      sessionAttributeListener = false
      sessionListener = true
      mHttpSessionAttributeListeners = class java.util.ArrayList@7cc16dea
      mHttpSessionListeners = class java.util.ArrayList@43a12d57
      mHttpSessionIdListeners = class java.util.ArrayList@4979a29
      mHttpSessionAttributeListenersJ2eeNames = class java.util.ArrayList@b3e8e50
      mHttpSessionListenersJ2eeNames = class java.util.ArrayList@7c671ce0
      mHttpSessionIdListenersJ2eeNames = class java.util.ArrayList@36665dae
      mLocalHost = null
      _refCount = 1
      currentThreadSacHashtable = null
      methodClassName = "SessionContext"
      ANONYMOUS_USER = "anonymous"
      wasHttpSessionObserver = class com.ibm.ws.session.WasHttpSessionObserver@e98cf99
      wasHttpSessionAttributeObserver = null
      _invalidator = class com.ibm.ws.session.SessionInvalidatorWithThreadPool@712b9c14
      _storer = class com.ibm.ws.session.EOSSessionStorer@356f0ecd
      wasHttpAppSessionObserver = null
      mHttpAppSessionListeners = null
      cmvcInfo = "CMVC Version 1.9 6/24/07 11:12:24"
      _loggedVersion = true
      CREATE_CORE_SESSION_MANAGER = 0
      GET_REQUESTED_SESSION_ID = 1
      GET_IHTTP_SESSION = 2
      SESSION_PRE_INVOKE = 3
      SESSION_POST_INVOKE = 4
      STOP = 5
      STOP_LISTENERS = 6
      IS_VALID = 7
      ENCODE_URL = 8
      SHOULD_ENCODE_URL = 9
      IS_PROTOCOL_SWITCH = 10
      GET_LOCAL_HOST = 11
      ADD_HTTP_SESSION_ATTRIBUTE_LISTENER = 12
      ADD_HTTP_SESSION_LISTENER = 13
      GET_SESSION_AFFINITY_CONTEXT = 14
      CHECK_SECURITY = 15
      INVALIDATE = 16
      CHECK_SESSSIONID_IS_RIGHT_LENGTH = 17
      LOCK_SESSION = 18
      UNLOCK_SESSION = 19
      ADD_HTTP_SESSION_ID_LISTENER = 20
      methodNames = class java.lang.String[21]
    eventSource = class com.ibm.ws.webcontainer.webapp.WebAppEventSource@4f5b8a4c
    nls = class com.ibm.ejs.ras.TraceNLS@1fe1e9bc
      resolver = class com.ibm.ws.logging.internal.TraceNLSResolver@5590506a
      finder = class com.ibm.ws.logging.internal.StackFinder@bdb58cc
      ivBundleName = "com.ibm.ws.webcontainer.resources.Messages"
      caller = class java.lang.Class@68e79972
    liberty_nls = class com.ibm.ejs.ras.TraceNLS@6b764dce
      resolver = class com.ibm.ws.logging.internal.TraceNLSResolver@5590506a
      finder = class com.ibm.ws.logging.internal.StackFinder@bdb58cc
      ivBundleName = "com.ibm.ws.webcontainer.resources.LShimMessages"
      caller = class java.lang.Class@68e79972
    error_nls = class com.ibm.ejs.ras.TraceNLS@391aee81
      resolver = class com.ibm.ws.logging.internal.TraceNLSResolver@5590506a
      finder = class com.ibm.ws.logging.internal.StackFinder@bdb58cc
      ivBundleName = "com.ibm.ws.webcontainer.resources.ErrorPage"
      caller = class java.lang.Class@68e79972
    sessionListeners = class java.util.ArrayList@1809f8ea
      serialVersionUID = 8683452581122892189
      DEFAULT_CAPACITY = 10
      EMPTY_ELEMENTDATA = class java.lang.Object[0]
      DEFAULTCAPACITY_EMPTY_ELEMENTDATA = class java.lang.Object[0]
      elementData = class java.lang.Object[10]
      size = 1
      MAX_ARRAY_SIZE = 2147483639
      modCount = 2
      MAX_ARRAY_SIZE = 2147483639
    sessionIdListeners = class java.util.ArrayList@8b54e5e
      serialVersionUID = 8683452581122892189
      DEFAULT_CAPACITY = 10
      EMPTY_ELEMENTDATA = class java.lang.Object[0]
      DEFAULTCAPACITY_EMPTY_ELEMENTDATA = class java.lang.Object[0]
      elementData = class java.lang.Object[0]
      size = 0
      MAX_ARRAY_SIZE = 2147483639
      modCount = 0
      MAX_ARRAY_SIZE = 2147483639
    sessionAttrListeners = class java.util.ArrayList@51747abb
      serialVersionUID = 8683452581122892189
      DEFAULT_CAPACITY = 10
      EMPTY_ELEMENTDATA = class java.lang.Object[0]
      DEFAULTCAPACITY_EMPTY_ELEMENTDATA = class java.lang.Object[0]
      elementData = class java.lang.Object[0]
      size = 0
      MAX_ARRAY_SIZE = 2147483639
      modCount = 1
      MAX_ARRAY_SIZE = 2147483639
    addedSessionListeners = class java.util.ArrayList@3ff4f8f2
      serialVersionUID = 8683452581122892189
      DEFAULT_CAPACITY = 10
      EMPTY_ELEMENTDATA = class java.lang.Object[0]
      DEFAULTCAPACITY_EMPTY_ELEMENTDATA = class java.lang.Object[0]
      elementData = class java.lang.Object[0]
      size = 0
      MAX_ARRAY_SIZE = 2147483639
      modCount = 0
      MAX_ARRAY_SIZE = 2147483639
    addedSessionAttrListeners = class java.util.ArrayList@68ed894e
      serialVersionUID = 8683452581122892189
      DEFAULT_CAPACITY = 10
      EMPTY_ELEMENTDATA = class java.lang.Object[0]
      DEFAULTCAPACITY_EMPTY_ELEMENTDATA = class java.lang.Object[0]
      elementData = class java.lang.Object[0]
      size = 0
      MAX_ARRAY_SIZE = 2147483639
      modCount = 0
      MAX_ARRAY_SIZE = 2147483639
    servletContextListeners = class java.util.ArrayList@4a08fdb3
      serialVersionUID = 8683452581122892189
      DEFAULT_CAPACITY = 10
      EMPTY_ELEMENTDATA = class java.lang.Object[0]
      DEFAULTCAPACITY_EMPTY_ELEMENTDATA = class java.lang.Object[0]
      elementData = class java.lang.Object[10]
      size = 4
      MAX_ARRAY_SIZE = 2147483639
      modCount = 5
      MAX_ARRAY_SIZE = 2147483639
    servletContextLAttrListeners = class java.util.ArrayList@385bf7eb
      serialVersionUID = 8683452581122892189
      DEFAULT_CAPACITY = 10
      EMPTY_ELEMENTDATA = class java.lang.Object[0]
      DEFAULTCAPACITY_EMPTY_ELEMENTDATA = class java.lang.Object[0]
      elementData = class java.lang.Object[0]
      size = 0
      MAX_ARRAY_SIZE = 2147483639
      modCount = 1
      MAX_ARRAY_SIZE = 2147483639
    servletRequestListeners = class java.util.ArrayList@2070bb7a
      serialVersionUID = 8683452581122892189
      DEFAULT_CAPACITY = 10
      EMPTY_ELEMENTDATA = class java.lang.Object[0]
      DEFAULTCAPACITY_EMPTY_ELEMENTDATA = class java.lang.Object[0]
      elementData = class java.lang.Object[0]
      size = 0
      MAX_ARRAY_SIZE = 2147483639
      modCount = 1
      MAX_ARRAY_SIZE = 2147483639
    servletRequestLAttrListeners = class java.util.ArrayList@24d3f1c3
      serialVersionUID = 8683452581122892189
      DEFAULT_CAPACITY = 10
      EMPTY_ELEMENTDATA = class java.lang.Object[0]
      DEFAULTCAPACITY_EMPTY_ELEMENTDATA = class java.lang.Object[0]
      elementData = class java.lang.Object[0]
      size = 0
      MAX_ARRAY_SIZE = 2147483639
      modCount = 1
      MAX_ARRAY_SIZE = 2147483639
    prependSlashToResource = false
    destroyed = false
    webAppNameSpaceCollab = class com.ibm.ws.webcontainer.osgi.collaborator.WebAppNameSpaceCollaboratorImpl@5c76a58a
    txCollab = class com.ibm.ws.transaction.services.WebAppTransactionCollaboratorImpl@7aae8599
    sessionActivationListeners = class java.util.ArrayList@293b658f
      serialVersionUID = 8683452581122892189
      DEFAULT_CAPACITY = 10
      EMPTY_ELEMENTDATA = class java.lang.Object[0]
      DEFAULTCAPACITY_EMPTY_ELEMENTDATA = class java.lang.Object[0]
      elementData = class java.lang.Object[0]
      size = 0
      MAX_ARRAY_SIZE = 2147483639
      modCount = 1
      MAX_ARRAY_SIZE = 2147483639
    sessionBindingListeners = class java.util.ArrayList@4eb83bec
      serialVersionUID = 8683452581122892189
      DEFAULT_CAPACITY = 10
      EMPTY_ELEMENTDATA = class java.lang.Object[0]
      DEFAULTCAPACITY_EMPTY_ELEMENTDATA = class java.lang.Object[0]
      elementData = class java.lang.Object[0]
      size = 0
      MAX_ARRAY_SIZE = 2147483639
      modCount = 1
      MAX_ARRAY_SIZE = 2147483639
    scratchdir = null
    jspClassLoaderLimit = 0
    jspClassLoaderExclusionList = null
    jspClassLoadersMap = null
    jspClassLoaderLimitTrackIF = false
    defaultExtProc = null
    directoryBrowsingServlet = null
    cdiContexts = class java.util.concurrent.ConcurrentHashMap@6b36e22a
      serialVersionUID = 7249069246763182397
      MAXIMUM_CAPACITY = 1073741824
      DEFAULT_CAPACITY = 16
      MAX_ARRAY_SIZE = 2147483639
      DEFAULT_CONCURRENCY_LEVEL = 16
      LOAD_FACTOR = 0.75
      TREEIFY_THRESHOLD = 8
      UNTREEIFY_THRESHOLD = 6
      MIN_TREEIFY_CAPACITY = 64
      MIN_TRANSFER_STRIDE = 16
      RESIZE_STAMP_BITS = 16
      MAX_RESIZERS = 65535
      RESIZE_STAMP_SHIFT = 16
      MOVED = -1
      TREEBIN = -2
      RESERVED = -3
      HASH_BITS = 2147483647
      NCPU = 8
      serialPersistentFields = class java.io.ObjectStreamField[3]
      table = null
      nextTable = null
      baseCount = 0
      sizeCtl = 0
      transferIndex = 0
      cellsBusy = 0
      counterCells = null
      keySet = null
      values = null
      entrySet = null
      U = class sun.misc.Unsafe@2db30222
      SIZECTL = 20
      TRANSFERINDEX = 32
      BASECOUNT = 24
      CELLSBUSY = 36
      CELLVALUE = 144
      ABASE = 16
      ASHIFT = 2
      keySet = null
      values = null
    moduleConfig = class com.ibm.ws.webcontainer.osgi.container.DeployedModule@50504b66
      tc = class com.ibm.websphere.ras.TraceComponent@348c50f4
      loader = class com.ibm.ws.classloading.internal.ThreadContextClassLoader@3ee41eab
      webApp = class com.ibm.ws.webcontainer31.osgi.webapp.WebApp31@42250c7a
      webAppConfig = class com.ibm.ws.webcontainer.osgi.webapp.WebAppConfiguration@60cff300
      contextRootAdded = class com.ibm.ws.threading.internal.NonCancelableResultFuture@3dd45885
      properContextRoot = "/BackEnd"
      mappingContextRoot = "/BackEnd/*"
      initTaskCount = class java.util.concurrent.atomic.AtomicInteger@7df303b5
      initTasksDoneListener = class com.ibm.ws.webcontainer.osgi.WebContainer$2@fe79cf
      serialVersionUID = -2104814060051592457
      $$$tc$$$ = class com.ibm.websphere.ras.TraceComponent@2f10b61e
    extensionFactories = class java.util.ArrayList@22355bfe
      serialVersionUID = 8683452581122892189
      DEFAULT_CAPACITY = 10
      EMPTY_ELEMENTDATA = class java.lang.Object[0]
      DEFAULTCAPACITY_EMPTY_ELEMENTDATA = class java.lang.Object[0]
      elementData = class java.lang.Object[10]
      size = 6
      MAX_ARRAY_SIZE = 2147483639
      modCount = 6
      MAX_ARRAY_SIZE = 2147483639
    initialized = true
    lock = class com.ibm.ws.webcontainer.webapp.WebApp$1@2d5d730f
      this$0 = class com.ibm.ws.webcontainer31.osgi.webapp.WebApp31@42250c7a
    afterServletContextCreated = false
    redirectContextRoot = false
    errorExceptionTypeFirst = false
    initFilterBeforeServletInit = false
    SET_400_SC_ON_TOO_MANY_PARENT_DIRS = false
    sortedServletConfigs = class java.util.ArrayList@7126f33c
      serialVersionUID = 8683452581122892189
      DEFAULT_CAPACITY = 10
      EMPTY_ELEMENTDATA = class java.lang.Object[0]
      DEFAULTCAPACITY_EMPTY_ELEMENTDATA = class java.lang.Object[0]
      elementData = class java.lang.Object[10]
      size = 1
      MAX_ARRAY_SIZE = 2147483639
      modCount = 1
      MAX_ARRAY_SIZE = 2147483639
    effectiveMajorVersion = 3
    effectiveMinorVersion = 0
    canAddServletContextListener = true
    withinContextInitOfProgAddListener = false
    lastProgAddListenerInitialized = "com.ibm.ws.cache.CacheServiceImpl"
    webInfLibClassloader = null
    metaInfCache = class com.ibm.ws.webcontainer.webapp.WebApp$2@237f9d05
      this$0 = class com.ibm.ws.webcontainer31.osgi.webapp.WebApp31@42250c7a
      serialVersionUID = 3801124242820219131
      head = null
      tail = null
      accessOrder = true
      serialVersionUID = 362498820763181265
      DEFAULT_INITIAL_CAPACITY = 16
      MAXIMUM_CAPACITY = 1073741824
      DEFAULT_LOAD_FACTOR = 0.75
      TREEIFY_THRESHOLD = 8
      UNTREEIFY_THRESHOLD = 6
      MIN_TREEIFY_CAPACITY = 64
      table = null
      entrySet = null
      size = 0
      modCount = 0
      threshold = 32
      loadFactor = 1.0
      keySet = null
      values = null
    useMetaInfCache = true
    SUN_CONFIGURE_LISTENER_CLASSNAME = "com.sun.faces.config.ConfigureListener"
    MYFACES_LIFECYCLE_LISTENER_CLASSNAME = "org.apache.myfaces.webapp.StartupServletContextListener"
    JSF_IMPL_ENABLED_PARAM = "com.ibm.ws.jsf.JSF_IMPL_ENABLED"
    JSF_IMPL_ENABLED_CUSTOM = "Custom"
    JSF_IMPL_ENABLED_NONE = "None"
    staticDocRoot = class com.ibm.ws.webcontainer.util.DocumentRootUtils@2b9dc83f
      logger = class com.ibm.ws.logging.internal.WsLogger@58a456c8
      CLASS_NAME = "com.ibm.ws.webcontainer.util.DocumentRootUtils"
      useContentLength = false
      matchedFile = null
      matchedZipFile = null
      matchedEntry = null
      matchedURL = null
      edrRoot = null
      pfedrRoot = null
      ctxt = class com.ibm.ws.webcontainer31.osgi.webapp.WebApp31@42250c7a
      baseDir = null
      edr = null
      pfedr = null
      metaInfRes = null
      searchpfEDR = false
      searchEDR = false
      searchMetaInfRes = true
      matchFromEDR = false
      matchFromMetaInfRes = false
      matchIsADirectory = false
      appConfig = class com.ibm.ws.webcontainer.osgi.webapp.WebAppConfiguration@60cff300
      attributeType = "staticFile"
      STATIC_FILE = "staticFile"
      JSP = "jsp"
      PFEDR = "preFragmentExtendedDocumentRoot"
      EDR = "extendedDocumentRoot"
    jspDocRoot = class com.ibm.ws.webcontainer.util.DocumentRootUtils@6d1e1348
      logger = class com.ibm.ws.logging.internal.WsLogger@58a456c8
      CLASS_NAME = "com.ibm.ws.webcontainer.util.DocumentRootUtils"
      useContentLength = false
      matchedFile = null
      matchedZipFile = null
      matchedEntry = null
      matchedURL = null
      edrRoot = null
      pfedrRoot = null
      ctxt = class com.ibm.ws.webcontainer31.osgi.webapp.WebApp31@42250c7a
      baseDir = null
      edr = null
      pfedr = null
      metaInfRes = null
      searchpfEDR = false
      searchEDR = false
      searchMetaInfRes = true
      matchFromEDR = false
      matchFromMetaInfRes = false
      matchIsADirectory = false
      appConfig = class com.ibm.ws.webcontainer.osgi.webapp.WebAppConfiguration@60cff300
      attributeType = "jsp"
      STATIC_FILE = "staticFile"
      JSP = "jsp"
      PFEDR = "preFragmentExtendedDocumentRoot"
      EDR = "extendedDocumentRoot"
    container = class com.ibm.ws.adaptable.module.internal.AdaptableContainerImpl@1c7e1a4e
      root = class com.ibm.ws.adaptable.module.internal.AdaptableContainerImpl@1c7e1a4e
      rootOverlay = class com.ibm.ws.artifact.overlay.internal.DirectoryBasedOverlayContainerImpl@2f8375a3
      factoryHolder = class com.ibm.ws.adaptable.module.internal.AdaptableModuleFactoryImpl@4c158343
      delegate = class com.ibm.ws.artifact.overlay.internal.DirectoryBasedOverlayContainerImpl@2f8375a3
      notifier = class com.ibm.ws.adaptable.module.internal.NotifierImpl@43a11d87
      serialVersionUID = -5950528200509051684
      $$$tc$$$ = class com.ibm.websphere.ras.TraceComponent@606cbddb
    metaInfResourceFinder = class com.ibm.ws.webcontainer.util.MetaInfResourceFinder@2b67a2c4
      jarResourceContainers = class java.util.ArrayList@19374bb1
      container = class com.ibm.ws.adaptable.module.internal.AdaptableContainerImpl@1c7e1a4e
    postConstructMethods = class com.ibm.ws.webcontainer.webapp.WebApp$AnnotatedMethods@74af8518
      annotationClass = class java.lang.Class@3750d504
      noOpClassNames = class java.util.HashSet@530e1e6e
      annotatedMethodNames = class java.util.concurrent.ConcurrentHashMap@36854111
      EMPTY_METHODS = class java.lang.reflect.Method[0]
    preDestroyMethods = class com.ibm.ws.webcontainer.webapp.WebApp$AnnotatedMethods@31366782
      annotationClass = class java.lang.Class@2f94848
      noOpClassNames = class java.util.HashSet@317e3331
      annotatedMethodNames = class java.util.concurrent.ConcurrentHashMap@2d1a1d51
      EMPTY_METHODS = class java.lang.reflect.Method[0]
    OBJ_EMPTY = class java.lang.Object[0]
    CLASS_EMPTY = class java.lang.Class[0]
    DEFAULT_JSP_EXTENSIONS = class java.util.ArrayList@2cafb6bf
      serialVersionUID = 8683452581122892189
      DEFAULT_CAPACITY = 10
      EMPTY_ELEMENTDATA = class java.lang.Object[0]
      DEFAULTCAPACITY_EMPTY_ELEMENTDATA = class java.lang.Object[0]
      elementData = class java.lang.Object[10]
      size = 4
      MAX_ARRAY_SIZE = 2147483639
      modCount = 4
      MAX_ARRAY_SIZE = 2147483639
    DEFER_SERVLET_REQUEST_LISTENER_DESTROY_ON_ERROR = false
    DO_ACCEPT_PARTIAL = true
    DO_NOT_ACCEPT_PARTIAL = false
    DO_ACCEPT_EXCLUDED = true
    DO_NOT_ACCEPT_EXCLUDED = false
    commands = class java.util.ArrayList@3ac8406c
      serialVersionUID = 8683452581122892189
      DEFAULT_CAPACITY = 10
      EMPTY_ELEMENTDATA = class java.lang.Object[0]
      DEFAULTCAPACITY_EMPTY_ELEMENTDATA = class java.lang.Object[0]
      elementData = class java.lang.Object[3]
      size = 0
      MAX_ARRAY_SIZE = 2147483639
      modCount = 0
      MAX_ARRAY_SIZE = 2147483639
    requestMapper = class com.ibm.wsspi.webcontainer.util.URIMapper@32478568
      matcher = class com.ibm.wsspi.webcontainer.util.URIMatcher@ed1e2c6
    parent = class com.ibm.ws.webcontainer.osgi.webapp.WebGroup@30cffed5
      tc = class com.ibm.websphere.ras.TraceComponent@49b4f0e1
      logger = class com.ibm.ws.logging.internal.WsLogger@4044ea8f
      CLASS_NAME = "com.ibm.ws.webcontainer.webapp.WebGroup"
      sessUrlRewritePrefix = ";jsessionid="
      qMark = "?"
      config = class com.ibm.ws.webcontainer.osgi.webapp.WebGroupConfiguration@1ef8eef8
      webApp = class com.ibm.ws.webcontainer31.osgi.webapp.WebApp31@42250c7a
      commands = class java.util.ArrayList@29ba44d6
      requestMapper = null
      parent = class com.ibm.ws.webcontainer.osgi.DynamicVirtualHost@4909444e
      name = "/BackEnd/*"
      isAlive = true
      subElements = class java.util.HashMap@17693d64
      attributes = null
      config = null
      serialVersionUID = -8271459000149267764
      $$$tc$$$ = class com.ibm.websphere.ras.TraceComponent@3f815666
    name = "BackEnd"
    isAlive = true
    subElements = null
    attributes = class java.util.concurrent.ConcurrentHashMap@6184bc3d
      serialVersionUID = 7249069246763182397
      MAXIMUM_CAPACITY = 1073741824
      DEFAULT_CAPACITY = 16
      MAX_ARRAY_SIZE = 2147483639
      DEFAULT_CONCURRENCY_LEVEL = 16
      LOAD_FACTOR = 0.75
      TREEIFY_THRESHOLD = 8
      UNTREEIFY_THRESHOLD = 6
      MIN_TREEIFY_CAPACITY = 64
      MIN_TRANSFER_STRIDE = 16
      RESIZE_STAMP_BITS = 16
      MAX_RESIZERS = 65535
      RESIZE_STAMP_SHIFT = 16
      MOVED = -1
      TREEBIN = -2
      RESERVED = -3
      HASH_BITS = 2147483647
      NCPU = 8
      serialPersistentFields = class java.io.ObjectStreamField[3]
      table = class java.util.concurrent.ConcurrentHashMap$Node[32]
      nextTable = null
      baseCount = 17
      sizeCtl = 24
      transferIndex = 0
      cellsBusy = 0
      counterCells = null
      keySet = null
      values = null
      entrySet = null
      U = class sun.misc.Unsafe@2db30222
      SIZECTL = 20
      TRANSFERINDEX = 32
      BASECOUNT = 24
      CELLSBUSY = 36
      CELLVALUE = 144
      ABASE = 16
      ASHIFT = 2
      keySet = null
      values = null
    config = null
    serialVersionUID = -8271459000149267764
    $$$tc$$$ = class com.ibm.websphere.ras.TraceComponent@3f815666
      strings[0] = "TraceComponent[com.ibm.ws.container.AbstractContainer,class com.ibm.ws.container.AbstractContainer,[],null,null]"

