********************************************************************************
product = WebSphere Application Server 20.0.0.8 (wlp-1.0.43.cl200820200721-1900)
wlp.install.dir = C:/Users/pachopaco70/Documents/GitHub/BackEnd/Liberty/
java.home = C:\Program Files\Java\jre1.8.0_241
java.version = 1.8.0_241
java.runtime = Java(TM) SE Runtime Environment (1.8.0_241-b07)
os = Windows 10 (10.0; amd64) (en_US)
process = 22028@LAPTOP-RVGN66JT
********************************************************************************
[8/6/20 18:59:18:303 CST] 00000001 com.ibm.ws.kernel.launch.internal.FrameworkManager           A CWWKE0001I: The server defaultServer has been launched.
[8/6/20 18:59:18:359 CST] 00000001 com.ibm.ws.kernel.launch.internal.FrameworkManager           A CWWKE0100I: This product is licensed for development, and limited production use. The full license terms can be viewed here: https://public.dhe.ibm.com/ibmdl/export/pub/software/websphere/wasdev/license/base_ilan/ilan/20.0.0.8/lafiles/en.html
[8/6/20 18:59:19:286 CST] 00000001 com.ibm.ws.kernel.launch.internal.FrameworkManager           I CWWKE0002I: The kernel started after 1.232 seconds
[8/6/20 18:59:19:382 CST] 00000020 com.ibm.ws.kernel.feature.internal.FeatureManager            I CWWKF0007I: Feature update started.
[8/6/20 18:59:19:640 CST] 00000014 com.ibm.ws.security.ready.internal.SecurityReadyServiceImpl  I CWWKS0007I: The security service is starting...
[8/6/20 18:59:19:761 CST] 00000018 com.ibm.ws.app.manager.internal.monitor.DropinMonitor        A CWWKZ0058I: Monitoring dropins for applications.
[8/6/20 18:59:20:089 CST] 00000016 com.ibm.ws.cache.ServerCache                                 I DYNA1001I: WebSphere Dynamic Cache instance named baseCache initialized successfully.
[8/6/20 18:59:20:091 CST] 00000016 com.ibm.ws.cache.ServerCache                                 I DYNA1071I: The cache provider default is being used.
[8/6/20 18:59:20:092 CST] 00000016 com.ibm.ws.cache.CacheServiceImpl                            I DYNA1056I: Dynamic Cache (object cache) initialized successfully.
[8/6/20 18:59:20:474 CST] 00000014 ibm.ws.security.authentication.internal.jaas.JAASServiceImpl I CWWKS1123I: The collective authentication plugin with class name NullCollectiveAuthenticationPlugin has been activated. 
[8/6/20 18:59:20:483 CST] 0000002a com.ibm.ws.security.ready.internal.SecurityReadyServiceImpl  I CWWKS0008I: The security service is ready.
[8/6/20 18:59:20:483 CST] 0000002a com.ibm.ws.security.token.ltpa.internal.LTPAKeyCreateTask    I CWWKS4105I: LTPA configuration is ready after 0.033 seconds.
[8/6/20 18:59:20:636 CST] 0000001c com.ibm.ws.ssl.config.WSKeyStore                             I Successfully loaded default keystore: C:/Users/pachopaco70/Documents/GitHub/BackEnd/Liberty/usr/servers/defaultServer/resources/security/key.p12 of type: PKCS12
[8/6/20 18:59:21:342 CST] 00000014 com.ibm.ws.sib.utils.ras.SibMessage                          I  CWSID0108I: JMS server has started.  
[8/6/20 18:59:21:373 CST] 00000014 com.ibm.ws.security.jaspi.AuthConfigFactoryWrapper           I CWWKS1655I: The default Java Authentication SPI for Containers (JASPIC) AuthConfigFactory class com.ibm.ws.security.jaspi.ProviderRegistry is being used because the Java security property authconfigprovider.factory is not set. 
[8/6/20 18:59:21:688 CST] 00000014 org.apache.cxf.bus.osgi.CXFActivator                         I Adding the extensions from bundle com.ibm.ws.org.apache.cxf.cxf.rt.ws.addr.2.6.2 (187) [org.apache.cxf.ws.addressing.policy.AddressingAssertionBuilder, org.apache.cxf.ws.addressing.policy.UsingAddressingAssertionBuilder, org.apache.cxf.ws.addressing.policy.AddressingPolicyInterceptorProvider, org.apache.cxf.ws.addressing.impl.AddressingWSDLExtensionLoader, org.apache.cxf.ws.addressing.WSAddressingFeature$WSAddressingFeatureApplier, org.apache.cxf.ws.addressing.MAPAggregator$MAPAggregatorLoader]
[8/6/20 18:59:21:691 CST] 00000014 org.apache.cxf.bus.osgi.CXFActivator                         I Adding the extensions from bundle com.ibm.ws.org.apache.cxf.cxf.rt.bindings.soap.2.6.2 (190) [org.apache.cxf.binding.soap.SoapBindingFactory, org.apache.cxf.binding.soap.SoapTransportFactory]
[8/6/20 18:59:21:692 CST] 00000014 org.apache.cxf.bus.osgi.CXFActivator                         I Adding the extensions from bundle com.ibm.ws.org.apache.cxf.cxf.rt.bindings.xml.2.6.2 (196) [org.apache.cxf.binding.xml.XMLBindingFactory, org.apache.cxf.binding.xml.wsdl11.XMLWSDLExtensionLoader]
[8/6/20 18:59:21:693 CST] 00000014 org.apache.cxf.bus.osgi.CXFActivator                         I Adding the extensions from bundle com.ibm.ws.org.apache.cxf.cxf.rt.frontend.jaxws.2.6.2 (198) [org.apache.cxf.jaxws.context.WebServiceContextResourceResolver]
[8/6/20 18:59:21:694 CST] 00000014 org.apache.cxf.bus.osgi.CXFActivator                         I Adding the extensions from bundle com.ibm.ws.org.apache.cxf.cxf.rt.management.2.6.2 (200) [org.apache.cxf.management.InstrumentationManager]
[8/6/20 18:59:21:695 CST] 00000014 org.apache.cxf.bus.osgi.CXFActivator                         I Adding the extensions from bundle com.ibm.ws.org.apache.cxf.cxf.rt.transports.http.2.6.2 (204) [org.apache.cxf.transport.http.HTTPTransportFactory, org.apache.cxf.transport.http.HTTPWSDLExtensionLoader, org.apache.cxf.transport.http.policy.HTTPClientAssertionBuilder, org.apache.cxf.transport.http.policy.HTTPServerAssertionBuilder, org.apache.cxf.transport.http.policy.NoOpPolicyInterceptorProvider]
[8/6/20 18:59:21:696 CST] 00000014 org.apache.cxf.bus.osgi.CXFActivator                         I Adding the extensions from bundle com.ibm.ws.org.apache.cxf.cxf.rt.ws.policy.2.6.2 (206) [org.apache.cxf.ws.policy.PolicyEngine, org.apache.cxf.policy.PolicyDataEngine, org.apache.cxf.ws.policy.AssertionBuilderRegistry, org.apache.cxf.ws.policy.PolicyInterceptorProviderRegistry, org.apache.cxf.ws.policy.PolicyBuilder, org.apache.cxf.ws.policy.PolicyAnnotationListener, org.apache.cxf.ws.policy.attachment.ServiceModelPolicyProvider, org.apache.cxf.ws.policy.attachment.external.DomainExpressionBuilderRegistry, org.apache.cxf.ws.policy.attachment.external.EndpointReferenceDomainExpressionBuilder, org.apache.cxf.ws.policy.attachment.wsdl11.Wsdl11AttachmentPolicyProvider, org.apache.cxf.ws.policy.mtom.MTOMAssertionBuilder, org.apache.cxf.ws.policy.mtom.MTOMPolicyInterceptorProvider]
[8/6/20 18:59:22:241 CST] 00000018 com.ibm.ws.transport.iiop.internal.ORBWrapperInternal        A CWWKI0001I: The CORBA name server is now available at corbaloc:iiop:localhost:2809/NameService.
[8/6/20 18:59:22:894 CST] 0000002a com.ibm.ws.app.manager.AppMessageHelper                      I CWWKZ0018I: Starting application BackEnd.
[8/6/20 18:59:22:895 CST] 0000002a bm.ws.app.manager.war.internal.WARDeployedAppInfoFactoryImpl I CWWKZ0134I: The BackEnd application is using the loose application definition at the C:\Users\pachopaco70\Documents\GitHub\BackEnd\Liberty\usr\servers\defaultServer\apps\BackEnd.war.xml location.
[8/6/20 18:59:23:564 CST] 0000002a org.jboss.weld.Version                                       I WELD-000900: 2.4.8 (Final)
[8/6/20 18:59:23:814 CST] 0000002a com.ibm.ws.session.WASSessionCore                            I SESN8501I: The session manager did not find a persistent storage location; HttpSession objects will be stored in the local application server's memory.
[8/6/20 18:59:23:827 CST] 0000002a com.ibm.ws.webcontainer.osgi.webapp.WebGroup                 I SRVE0169I: Loading Web Module: BackEnd.
[8/6/20 18:59:23:828 CST] 0000002a com.ibm.ws.webcontainer                                      I SRVE0250I: Web Module BackEnd has been bound to default_host.
[8/6/20 18:59:23:830 CST] 0000002a com.ibm.ws.http.internal.VirtualHostImpl                     A CWWKT0016I: Web application available (default_host): http://localhost:9080/BackEnd/
[8/6/20 18:59:23:864 CST] 0000004e com.ibm.ws.webcontainer.osgi.mbeans.PluginGenerator          I SRVE9103I: A configuration file for a web server plugin was automatically generated for this server at C:\Users\pachopaco70\Documents\GitHub\BackEnd\Liberty\usr\servers\defaultServer\logs\state\plugin-cfg.xml.
[8/6/20 18:59:23:866 CST] 0000004d com.ibm.ws.session.WASSessionCore                            I SESN0176I: A new session context will be created for application key default_host/BackEnd
[8/6/20 18:59:23:873 CST] 0000004d com.ibm.ws.util                                              I SESN0172I: The session manager is using the Java default SecureRandom implementation for session ID generation.
[8/6/20 18:59:24:040 CST] 0000004d com.ibm.ws.cache.CacheServiceImpl                            I DYNA1056I: Dynamic Cache (object cache) initialized successfully.
[8/6/20 18:59:24:141 CST] 0000004d com.ibm.ws.app.manager.AppMessageHelper                      A CWWKZ0001I: Application BackEnd started in 1.247 seconds.
[8/6/20 18:59:24:191 CST] 00000020 com.ibm.ws.tcpchannel.internal.TCPPort                       I CWWKO0219I: TCP Channel defaultHttpEndpoint has been started and is now listening for requests on host 127.0.0.1  (IPv4: 127.0.0.1) port 9080.
[8/6/20 18:59:24:193 CST] 00000020 com.ibm.ws.tcpchannel.internal.TCPPort                       I CWWKO0219I: TCP Channel wasJmsEndpoint490 has been started and is now listening for requests on host 127.0.0.1  (IPv4: 127.0.0.1) port 7276.
[8/6/20 18:59:24:194 CST] 00000020 com.ibm.ws.tcpchannel.internal.TCPPort                       I CWWKO0219I: TCP Channel defaultHttpEndpoint-ssl has been started and is now listening for requests on host 127.0.0.1  (IPv4: 127.0.0.1) port 9443.
[8/6/20 18:59:24:194 CST] 00000020 com.ibm.ws.tcpchannel.internal.TCPPort                       I CWWKO0219I: TCP Channel wasJmsEndpoint490-ssl has been started and is now listening for requests on host 127.0.0.1  (IPv4: 127.0.0.1) port 7286.
[8/6/20 18:59:24:203 CST] 00000020 com.ibm.ws.kernel.feature.internal.FeatureManager            A CWWKF0012I: The server installed the following features: [appClientSupport-1.0, appSecurity-2.0, batch-1.0, beanValidation-1.1, cdi-1.2, concurrent-1.0, distributedMap-1.0, ejb-3.2, ejbHome-3.2, ejbLite-3.2, ejbPersistentTimer-3.2, ejbRemote-3.2, el-3.0, j2eeManagement-1.1, jacc-1.5, jaspic-1.1, javaMail-1.5, javaee-7.0, jaxb-2.2, jaxrs-2.0, jaxrsClient-2.0, jaxws-2.2, jca-1.7, jcaInboundSecurity-1.0, jdbc-4.1, jms-2.0, jndi-1.0, jpa-2.1, jpaContainer-2.1, jsf-2.2, json-1.0, jsonp-1.0, jsp-2.3, localConnector-1.0, managedBeans-1.0, mdb-3.2, servlet-3.1, ssl-1.0, wasJmsClient-2.0, wasJmsSecurity-1.0, wasJmsServer-1.0, webProfile-7.0, websocket-1.1].
[8/6/20 18:59:24:204 CST] 00000020 com.ibm.ws.kernel.feature.internal.FeatureManager            I CWWKF0008I: Feature update completed in 4.917 seconds.
[8/6/20 18:59:24:204 CST] 00000020 com.ibm.ws.kernel.feature.internal.FeatureManager            A CWWKF0011I: The defaultServer server is ready to run a smarter planet. The defaultServer server started in 6.150 seconds.
[8/6/20 19:00:01:196 CST] 00000050 com.ibm.ws.logging.internal.impl.IncidentImpl                I FFDC1015I: An FFDC Incident has been created: "java.lang.Error: Unresolved compilation problem: 
	Syntax error, insert ";" to complete Statement
 com.ibm.ws.webcontainer.servlet.ServletWrapper.init 181" at ffdc_20.08.06_19.00.00.0.log
[8/6/20 19:00:01:210 CST] 00000050 com.ibm.ws.webcontainer.servlet                              E SRVE0271E: Uncaught init() exception created by servlet [cr.ac.tec.apis.RestAPI] in application [BackEnd]: java.lang.Error: Unresolved compilation problem: 
	Syntax error, insert ";" to complete Statement

	at cr.ac.tec.apis.RestAPI.getClasses(RestAPI.java:18)
	at com.ibm.ws.jaxrs20.server.LibertyJaxRsServerFactoryBean.updateEndpointInfo(LibertyJaxRsServerFactoryBean.java:394)
	at com.ibm.ws.jaxrs20.server.LibertyJaxRsServerFactoryBean.onApplicationInit(LibertyJaxRsServerFactoryBean.java:192)
	at com.ibm.ws.jaxrs20.server.LibertyJaxRsServerFactoryBean.doInit(LibertyJaxRsServerFactoryBean.java:280)
	at com.ibm.ws.jaxrs20.server.JaxRsWebEndpointImpl.init(JaxRsWebEndpointImpl.java:66)
	at com.ibm.websphere.jaxrs.server.IBMRestServlet.init(IBMRestServlet.java:64)
	at com.ibm.ws.webcontainer.servlet.ServletWrapper.init(ServletWrapper.java:291)
	at com.ibm.ws.webcontainer.servlet.ServletWrapper.handleRequest(ServletWrapper.java:584)
	at com.ibm.ws.webcontainer.servlet.ServletWrapper.handleRequest(ServletWrapper.java:426)
	at com.ibm.ws.webcontainer.filter.WebAppFilterChain.invokeTarget(WebAppFilterChain.java:182)
	at com.ibm.ws.webcontainer.filter.WebAppFilterChain.doFilter(WebAppFilterChain.java:93)
	at com.ibm.ws.security.jaspi.JaspiServletFilter.doFilter(JaspiServletFilter.java:56)
	at com.ibm.ws.webcontainer.filter.FilterInstanceWrapper.doFilter(FilterInstanceWrapper.java:201)
	at com.ibm.ws.webcontainer.filter.WebAppFilterChain.doFilter(WebAppFilterChain.java:90)
	at com.ibm.ws.webcontainer.filter.WebAppFilterManager.doFilter(WebAppFilterManager.java:1001)
	at com.ibm.ws.webcontainer.filter.WebAppFilterManager.invokeFilters(WebAppFilterManager.java:1139)
	at com.ibm.ws.webcontainer.webapp.WebApp.handleRequest(WebApp.java:5037)
	at com.ibm.ws.webcontainer.osgi.DynamicVirtualHost$2.handleRequest(DynamicVirtualHost.java:314)
	at com.ibm.ws.webcontainer.WebContainer.handleRequest(WebContainer.java:1005)
	at com.ibm.ws.webcontainer.osgi.DynamicVirtualHost$2.run(DynamicVirtualHost.java:279)
	at com.ibm.ws.http.dispatcher.internal.channel.HttpDispatcherLink$TaskWrapper.run(HttpDispatcherLink.java:1134)
	at com.ibm.ws.http.dispatcher.internal.channel.HttpDispatcherLink.wrapHandlerAndExecute(HttpDispatcherLink.java:415)
	at com.ibm.ws.http.dispatcher.internal.channel.HttpDispatcherLink.ready(HttpDispatcherLink.java:374)
	at com.ibm.ws.http.channel.internal.inbound.HttpInboundLink.handleDiscrimination(HttpInboundLink.java:577)
	at com.ibm.ws.http.channel.internal.inbound.HttpInboundLink.handleNewRequest(HttpInboundLink.java:511)
	at com.ibm.ws.http.channel.internal.inbound.HttpInboundLink.processRequest(HttpInboundLink.java:359)
	at com.ibm.ws.http.channel.internal.inbound.HttpInboundLink.ready(HttpInboundLink.java:326)
	at com.ibm.ws.tcpchannel.internal.NewConnectionInitialReadCallback.sendToDiscriminators(NewConnectionInitialReadCallback.java:167)
	at com.ibm.ws.tcpchannel.internal.NewConnectionInitialReadCallback.complete(NewConnectionInitialReadCallback.java:75)
	at com.ibm.ws.tcpchannel.internal.WorkQueueManager.requestComplete(WorkQueueManager.java:504)
	at com.ibm.ws.tcpchannel.internal.WorkQueueManager.attemptIO(WorkQueueManager.java:574)
	at com.ibm.ws.tcpchannel.internal.WorkQueueManager.workerRun(WorkQueueManager.java:958)
	at com.ibm.ws.tcpchannel.internal.WorkQueueManager$Worker.run(WorkQueueManager.java:1047)
	at com.ibm.ws.threading.internal.ExecutorServiceImpl$RunnableWrapper.run(ExecutorServiceImpl.java:239)
	at java.util.concurrent.ThreadPoolExecutor.runWorker(Unknown Source)
	at java.util.concurrent.ThreadPoolExecutor$Worker.run(Unknown Source)
	at java.lang.Thread.run(Unknown Source)

[8/6/20 19:00:01:371 CST] 00000050 com.ibm.ws.logging.internal.impl.IncidentImpl                I FFDC1015I: An FFDC Incident has been created: "javax.servlet.ServletException: SRVE0207E: Uncaught initialization exception created by servlet com.ibm.ws.webcontainer.filter.WebAppFilterChain.doFilter 82" at ffdc_20.08.06_19.00.01.0.log
[8/6/20 19:00:01:426 CST] 00000050 com.ibm.ws.logging.internal.impl.IncidentImpl                I FFDC1015I: An FFDC Incident has been created: "javax.servlet.ServletException: SRVE0207E: Uncaught initialization exception created by servlet com.ibm.ws.webcontainer.filter.FilterInstanceWrapper.doFilter 144" at ffdc_20.08.06_19.00.01.1.log
[8/6/20 19:00:01:430 CST] 00000050 com.ibm.ws.logging.internal.impl.IncidentImpl                I FFDC1015I: An FFDC Incident has been created: "javax.servlet.ServletException: SRVE0207E: Uncaught initialization exception created by servlet com.ibm.ws.webcontainer.filter.WebAppFilterManager.invokeFilters 1064" at ffdc_20.08.06_19.00.01.2.log
[8/6/20 19:00:01:431 CST] 00000050 com.ibm.ws.webcontainer.webapp                               E SRVE0315E: An exception occurred: java.lang.Throwable: javax.servlet.ServletException: SRVE0207E: Uncaught initialization exception created by servlet
	at com.ibm.ws.webcontainer.webapp.WebApp.handleRequest(WebApp.java:5095)
	at com.ibm.ws.webcontainer.osgi.DynamicVirtualHost$2.handleRequest(DynamicVirtualHost.java:314)
	at com.ibm.ws.webcontainer.WebContainer.handleRequest(WebContainer.java:1005)
	at com.ibm.ws.webcontainer.osgi.DynamicVirtualHost$2.run(DynamicVirtualHost.java:279)
	at com.ibm.ws.http.dispatcher.internal.channel.HttpDispatcherLink$TaskWrapper.run(HttpDispatcherLink.java:1134)
	at com.ibm.ws.http.dispatcher.internal.channel.HttpDispatcherLink.wrapHandlerAndExecute(HttpDispatcherLink.java:415)
	at com.ibm.ws.http.dispatcher.internal.channel.HttpDispatcherLink.ready(HttpDispatcherLink.java:374)
	at com.ibm.ws.http.channel.internal.inbound.HttpInboundLink.handleDiscrimination(HttpInboundLink.java:577)
	at com.ibm.ws.http.channel.internal.inbound.HttpInboundLink.handleNewRequest(HttpInboundLink.java:511)
	at com.ibm.ws.http.channel.internal.inbound.HttpInboundLink.processRequest(HttpInboundLink.java:359)
	at com.ibm.ws.http.channel.internal.inbound.HttpInboundLink.ready(HttpInboundLink.java:326)
	at com.ibm.ws.tcpchannel.internal.NewConnectionInitialReadCallback.sendToDiscriminators(NewConnectionInitialReadCallback.java:167)
	at com.ibm.ws.tcpchannel.internal.NewConnectionInitialReadCallback.complete(NewConnectionInitialReadCallback.java:75)
	at com.ibm.ws.tcpchannel.internal.WorkQueueManager.requestComplete(WorkQueueManager.java:504)
	at com.ibm.ws.tcpchannel.internal.WorkQueueManager.attemptIO(WorkQueueManager.java:574)
	at com.ibm.ws.tcpchannel.internal.WorkQueueManager.workerRun(WorkQueueManager.java:958)
	at com.ibm.ws.tcpchannel.internal.WorkQueueManager$Worker.run(WorkQueueManager.java:1047)
	at com.ibm.ws.threading.internal.ExecutorServiceImpl$RunnableWrapper.run(ExecutorServiceImpl.java:239)
	at java.util.concurrent.ThreadPoolExecutor.runWorker(Unknown Source)
	at java.util.concurrent.ThreadPoolExecutor$Worker.run(Unknown Source)
	at java.lang.Thread.run(Unknown Source)
Caused by: javax.servlet.ServletException: SRVE0207E: Uncaught initialization exception created by servlet
	at com.ibm.ws.webcontainer.servlet.ServletWrapper.init(ServletWrapper.java:360)
	at com.ibm.ws.webcontainer.servlet.ServletWrapper.handleRequest(ServletWrapper.java:584)
	at com.ibm.ws.webcontainer.servlet.ServletWrapper.handleRequest(ServletWrapper.java:426)
	at com.ibm.ws.webcontainer.filter.WebAppFilterChain.invokeTarget(WebAppFilterChain.java:182)
	at com.ibm.ws.webcontainer.filter.WebAppFilterChain.doFilter(WebAppFilterChain.java:93)
	at com.ibm.ws.security.jaspi.JaspiServletFilter.doFilter(JaspiServletFilter.java:56)
	at com.ibm.ws.webcontainer.filter.FilterInstanceWrapper.doFilter(FilterInstanceWrapper.java:201)
	at com.ibm.ws.webcontainer.filter.WebAppFilterChain.doFilter(WebAppFilterChain.java:90)
	at com.ibm.ws.webcontainer.filter.WebAppFilterManager.doFilter(WebAppFilterManager.java:1001)
	at com.ibm.ws.webcontainer.filter.WebAppFilterManager.invokeFilters(WebAppFilterManager.java:1139)
	at com.ibm.ws.webcontainer.webapp.WebApp.handleRequest(WebApp.java:5037)
	... 20 more
Caused by: java.lang.Error: Unresolved compilation problem: 
	Syntax error, insert ";" to complete Statement

	at cr.ac.tec.apis.RestAPI.getClasses(RestAPI.java:18)
	at com.ibm.ws.jaxrs20.server.LibertyJaxRsServerFactoryBean.updateEndpointInfo(LibertyJaxRsServerFactoryBean.java:394)
	at com.ibm.ws.jaxrs20.server.LibertyJaxRsServerFactoryBean.onApplicationInit(LibertyJaxRsServerFactoryBean.java:192)
	at com.ibm.ws.jaxrs20.server.LibertyJaxRsServerFactoryBean.doInit(LibertyJaxRsServerFactoryBean.java:280)
	at com.ibm.ws.jaxrs20.server.JaxRsWebEndpointImpl.init(JaxRsWebEndpointImpl.java:66)
	at com.ibm.websphere.jaxrs.server.IBMRestServlet.init(IBMRestServlet.java:64)
	at com.ibm.ws.webcontainer.servlet.ServletWrapper.init(ServletWrapper.java:291)
	... 30 more

[8/6/20 19:00:24:852 CST] 00000028 com.ibm.ws.http.internal.VirtualHostImpl                     A CWWKT0017I: Web application removed (default_host): http://localhost:9080/BackEnd/
[8/6/20 19:00:24:922 CST] 00000028 com.ibm.ws.app.manager.AppMessageHelper                      A CWWKZ0009I: The application BackEnd has stopped successfully.
[8/6/20 19:00:24:940 CST] 00000028 com.ibm.ws.app.manager.AppMessageHelper                      I CWWKZ0018I: Starting application BackEnd.
[8/6/20 19:00:24:941 CST] 00000028 bm.ws.app.manager.war.internal.WARDeployedAppInfoFactoryImpl I CWWKZ0134I: The BackEnd application is using the loose application definition at the C:\Users\pachopaco70\Documents\GitHub\BackEnd\Liberty\usr\servers\defaultServer\apps\BackEnd.war.xml location.
[8/6/20 19:00:25:184 CST] 00000028 com.ibm.ws.webcontainer.osgi.webapp.WebGroup                 I SRVE0169I: Loading Web Module: BackEnd.
[8/6/20 19:00:25:184 CST] 00000028 com.ibm.ws.webcontainer                                      I SRVE0250I: Web Module BackEnd has been bound to default_host.
[8/6/20 19:00:25:185 CST] 00000028 com.ibm.ws.http.internal.VirtualHostImpl                     A CWWKT0016I: Web application available (default_host): http://localhost:9080/BackEnd/
[8/6/20 19:00:25:202 CST] 00000047 com.ibm.ws.session.WASSessionCore                            I SESN0176I: A new session context will be created for application key default_host/BackEnd
[8/6/20 19:00:25:203 CST] 00000047 com.ibm.ws.util                                              I SESN0172I: The session manager is using the Java default SecureRandom implementation for session ID generation.
[8/6/20 19:00:25:222 CST] 00000021 com.ibm.ws.webcontainer.osgi.mbeans.PluginGenerator          I SRVE9103I: A configuration file for a web server plugin was automatically generated for this server at C:\Users\pachopaco70\Documents\GitHub\BackEnd\Liberty\usr\servers\defaultServer\logs\state\plugin-cfg.xml.
[8/6/20 19:00:25:244 CST] 00000028 com.ibm.ws.webcontainer.osgi.mbeans.PluginGenerator          I SRVE9103I: A configuration file for a web server plugin was automatically generated for this server at C:\Users\pachopaco70\Documents\GitHub\BackEnd\Liberty\usr\servers\defaultServer\logs\state\plugin-cfg.xml.
[8/6/20 19:00:25:253 CST] 00000047 com.ibm.ws.app.manager.AppMessageHelper                      A CWWKZ0003I: The application BackEnd updated in 0.313 seconds.
[8/6/20 19:00:52:968 CST] 0000005c com.ibm.ws.runtime.update.internal.RuntimeUpdateManagerImpl  A CWWKE1100I: Waiting for up to 30 seconds for the server to quiesce.
[8/6/20 19:00:52:982 CST] 00000048 com.ibm.ws.tcpchannel.internal.TCPChannel                    I CWWKO0220I: TCP Channel defaultHttpEndpoint has stopped listening for requests on host 127.0.0.1  (IPv4: 127.0.0.1) port 9080.
[8/6/20 19:00:52:990 CST] 00000029 com.ibm.ws.tcpchannel.internal.TCPChannel                    I CWWKO0220I: TCP Channel defaultHttpEndpoint-ssl has stopped listening for requests on host 127.0.0.1  (IPv4: 127.0.0.1) port 9443.
[8/6/20 19:00:52:992 CST] 00000029 com.ibm.ws.http.internal.VirtualHostImpl                     A CWWKT0017I: Web application removed (default_host): https://localhost:9443/BackEnd/
[8/6/20 19:00:52:994 CST] 00000029 com.ibm.ws.tcpchannel.internal.TCPChannel                    I CWWKO0220I: TCP Channel wasJmsEndpoint490 has stopped listening for requests on host 127.0.0.1  (IPv4: 127.0.0.1) port 7276.
[8/6/20 19:00:52:995 CST] 00000029 com.ibm.ws.tcpchannel.internal.TCPChannel                    I CWWKO0220I: TCP Channel wasJmsEndpoint490-ssl has stopped listening for requests on host 127.0.0.1  (IPv4: 127.0.0.1) port 7286.
[8/6/20 19:00:53:024 CST] 0000005c .jbatch.container.services.impl.MemoryPersistenceManagerImpl I CWWKY0005I: The batch In-Memory persistence service is activated.
[8/6/20 19:00:53:025 CST] 0000005c com.ibm.jbatch.container.impl.BatchKernelImpl                I CWWKY0008I: The batch feature is using persistence type In-Memory.
[8/6/20 19:00:53:997 CST] 0000005c com.ibm.ws.runtime.update.internal.RuntimeUpdateManagerImpl  I CWWKE1101I: Server quiesce complete.
[8/6/20 19:00:54:118 CST] 00000021 com.ibm.ws.app.manager.AppMessageHelper                      A CWWKZ0009I: The application BackEnd has stopped successfully.
[8/6/20 19:00:54:228 CST] 0000005c .jbatch.container.services.impl.MemoryPersistenceManagerImpl I CWWKY0005I: The batch In-Memory persistence service is deactivated.
[8/6/20 19:00:54:339 CST] 0000005e org.apache.yoko.orb.OCI.Transport                            I shutdown: iiop transport using socket Socket[addr=/127.0.0.1,port=58735,localport=2809]
[8/6/20 19:00:54:346 CST] 0000005f org.apache.yoko.orb.OCI.Transport                            I shutdown: iiop transport using socket 361773de[SSL_NULL_WITH_NULL_NULL: Socket[addr=/127.0.0.1,port=58736,localport=9402]]
[8/6/20 19:00:54:358 CST] 0000005c com.ibm.ws.transport.iiop.internal.ORBWrapperInternal        A CWWKI0002I: The CORBA name server is no longer available at corbaloc:iiop:localhost:2809/NameService.
[8/6/20 19:00:54:536 CST] 0000005c com.ibm.ws.sib.utils.ras.SibMessage                          I  CWSIS1589I: The file store has stopped successfully.
[8/6/20 19:00:54:658 CST] 0000005c com.ibm.ws.sib.utils.ras.SibMessage                          I  CWSID0121I: JMS server stopped.  
[8/6/20 19:00:54:870 CST] 0000005c com.ibm.ws.security.ready.internal.SecurityReadyServiceImpl  I CWWKS0009I: The security service has stopped.
[8/6/20 19:00:54:887 CST] 0000005c ibm.ws.security.authentication.internal.jaas.JAASServiceImpl I CWWKS1124I: The collective authentication plugin with class name NullCollectiveAuthenticationPlugin has been deactivated. 
[8/6/20 19:00:54:980 CST] 0000005c org.apache.cxf.bus.osgi.CXFActivator                         I Removing the extensions for bundle 196
[8/6/20 19:00:54:980 CST] 0000005c org.apache.cxf.bus.osgi.CXFActivator                         I Removing the extensions for bundle 198
[8/6/20 19:00:54:980 CST] 0000005c org.apache.cxf.bus.osgi.CXFActivator                         I Removing the extensions for bundle 200
[8/6/20 19:00:54:981 CST] 0000005c org.apache.cxf.bus.osgi.CXFActivator                         I Removing the extensions for bundle 204
[8/6/20 19:00:54:981 CST] 0000005c org.apache.cxf.bus.osgi.CXFActivator                         I Removing the extensions for bundle 206
[8/6/20 19:00:54:981 CST] 0000005c org.apache.cxf.bus.osgi.CXFActivator                         I Removing the extensions for bundle 187
[8/6/20 19:00:54:981 CST] 0000005c org.apache.cxf.bus.osgi.CXFActivator                         I Removing the extensions for bundle 190
[8/6/20 19:00:55:185 CST] 00000001 com.ibm.ws.kernel.launch.internal.FrameworkManager           A CWWKE0036I: The server defaultServer stopped after 1 minutes, 37.131 seconds.
